(next mAP calculation at 4768 iterations) ]2;1/40000: loss=475.3 hours left=-1.0
class_id = 0, name = person, ap = 70.13%   	 (TP = 138, FP = 58)
class_id = 1, name = dog, ap = 51.62%   	 (TP = 119, FP = 72)
class_id = 2, name = cat, ap = 56.67%   	 (TP = 92, FP = 21)
(next mAP calculation at 9536 iterations)
class_id = 0, name = person, ap = 74.36%   	 (TP = 147, FP = 51)
class_id = 1, name = dog, ap = 58.53%   	 (TP = 130, FP = 87)
class_id = 2, name = cat, ap = 66.85%   	 (TP = 157, FP = 30)
(next mAP calculation at 14304 iterations)
class_id = 0, name = person, ap = 80.60%   	 (TP = 149, FP = 26)
class_id = 1, name = dog, ap = 68.58%   	 (TP = 137, FP = 13)
class_id = 2, name = cat, ap = 71.14%   	 (TP = 153, FP = 37)
(next mAP calculation at 19072 iterations)
class_id = 0, name = person, ap = 76.92%   	 (TP = 141, FP = 24)
class_id = 1, name = dog, ap = 70.96%   	 (TP = 148, FP = 33)
class_id = 2, name = cat, ap = 73.52%   	 (TP = 162, FP = 23)
(next mAP calculation at 23840 iterations)
class_id = 0, name = person, ap = 80.26%   	 (TP = 159, FP = 19)
class_id = 1, name = dog, ap = 75.95%   	 (TP = 173, FP = 46)
class_id = 2, name = cat, ap = 77.38%   	 (TP = 180, FP = 23)
(next mAP calculation at 28608 iterations)
class_id = 0, name = person, ap = 82.07%   	 (TP = 158, FP = 28)
class_id = 1, name = dog, ap = 71.57%   	 (TP = 151, FP = 36)
class_id = 2, name = cat, ap = 78.96%   	 (TP = 195, FP = 31)
(next mAP calculation at 33376 iterations)
class_id = 0, name = person, ap = 81.80%   	 (TP = 159, FP = 29)
class_id = 1, name = dog, ap = 78.85%   	 (TP = 168, FP = 24)
class_id = 2, name = cat, ap = 79.86%   	 (TP = 197, FP = 21)
(next mAP calculation at 38144 iterations)
class_id = 0, name = person, ap = 82.12%   	 (TP = 160, FP = 29)
class_id = 1, name = dog, ap = 79.99%   	 (TP = 173, FP = 21)
class_id = 2, name = cat, ap = 79.72%   	 (TP = 200, FP = 23)
(next mAP calculation at 42912 iterations)
class_id = 0, name = person, ap = 82.20%   	 (TP = 161, FP = 27)
class_id = 1, name = dog, ap = 79.94%   	 (TP = 173, FP = 22)
class_id = 2, name = cat, ap = 80.05%   	 (TP = 201, FP = 23)