(next mAP calculation at 3515 iterations) ]2;1/205000: loss=180.7 hours left=-1.0
class_id = 0, name = person, ap = 61.26%   	 (TP = 98, FP = 18)
class_id = 1, name = dog, ap = 33.15%   	 (TP = 9, FP = 0)
class_id = 2, name = cat, ap = 33.93%   	 (TP = 40, FP = 40)
(next mAP calculation at 7030 iterations)
class_id = 0, name = person, ap = 72.31%   	 (TP = 131, FP = 25)
class_id = 1, name = dog, ap = 49.02%   	 (TP = 129, FP = 148)
class_id = 2, name = cat, ap = 53.05%   	 (TP = 77, FP = 27)
(next mAP calculation at 10545 iterations)
class_id = 0, name = person, ap = 73.47%   	 (TP = 142, FP = 72)
class_id = 1, name = dog, ap = 63.32%   	 (TP = 153, FP = 125)
class_id = 2, name = cat, ap = 58.95%   	 (TP = 126, FP = 40)
(next mAP calculation at 14060 iterations)
class_id = 0, name = person, ap = 77.04%   	 (TP = 151, FP = 57)
class_id = 1, name = dog, ap = 62.80%   	 (TP = 140, FP = 55)
class_id = 2, name = cat, ap = 63.55%   	 (TP = 174, FP = 75)
(next mAP calculation at 17575 iterations)
class_id = 0, name = person, ap = 79.21%   	 (TP = 144, FP = 25)
class_id = 1, name = dog, ap = 65.74%   	 (TP = 157, FP = 88)
class_id = 2, name = cat, ap = 68.09%   	 (TP = 182, FP = 42)
(next mAP calculation at 21090 iterations)
class_id = 0, name = person, ap = 75.10%   	 (TP = 145, FP = 26)
class_id = 1, name = dog, ap = 68.58%   	 (TP = 139, FP = 26)
class_id = 2, name = cat, ap = 62.60%   	 (TP = 182, FP = 83)
(next mAP calculation at 24605 iterations)
class_id = 0, name = person, ap = 79.44%   	 (TP = 146, FP = 19)
class_id = 1, name = dog, ap = 67.51%   	 (TP = 163, FP = 74)
class_id = 2, name = cat, ap = 66.58%   	 (TP = 176, FP = 69)
(next mAP calculation at 28120 iterations)
class_id = 0, name = person, ap = 77.68%   	 (TP = 144, FP = 14)
class_id = 1, name = dog, ap = 67.92%   	 (TP = 180, FP = 159)
class_id = 2, name = cat, ap = 71.66%   	 (TP = 177, FP = 41)
(next mAP calculation at 31635 iterations)
class_id = 0, name = person, ap = 81.76%   	 (TP = 142, FP = 10)
class_id = 1, name = dog, ap = 76.31%   	 (TP = 165, FP = 26)
class_id = 2, name = cat, ap = 71.52%   	 (TP = 219, FP = 107)
(next mAP calculation at 35150 iterations)
class_id = 0, name = person, ap = 77.72%   	 (TP = 147, FP = 23)
class_id = 1, name = dog, ap = 63.19%   	 (TP = 157, FP = 90)
class_id = 2, name = cat, ap = 67.11%   	 (TP = 166, FP = 54)
(next mAP calculation at 38665 iterations)
class_id = 0, name = person, ap = 76.37%   	 (TP = 155, FP = 78)
class_id = 1, name = dog, ap = 60.53%   	 (TP = 144, FP = 68)
class_id = 2, name = cat, ap = 65.69%   	 (TP = 159, FP = 18)
(next mAP calculation at 42180 iterations)
class_id = 0, name = person, ap = 82.66%   	 (TP = 164, FP = 70)
class_id = 1, name = dog, ap = 73.80%   	 (TP = 189, FP = 75)
class_id = 2, name = cat, ap = 72.79%   	 (TP = 176, FP = 24)
(next mAP calculation at 45695 iterations)
class_id = 0, name = person, ap = 77.16%   	 (TP = 146, FP = 14)
class_id = 1, name = dog, ap = 75.80%   	 (TP = 195, FP = 86)
class_id = 2, name = cat, ap = 75.42%   	 (TP = 201, FP = 48)
(next mAP calculation at 49210 iterations)
class_id = 0, name = person, ap = 81.15%   	 (TP = 156, FP = 35)
class_id = 1, name = dog, ap = 73.08%   	 (TP = 168, FP = 55)
class_id = 2, name = cat, ap = 77.88%   	 (TP = 225, FP = 63)
(next mAP calculation at 52725 iterations)
class_id = 0, name = person, ap = 81.44%   	 (TP = 154, FP = 21)
class_id = 1, name = dog, ap = 69.62%   	 (TP = 161, FP = 47)
class_id = 2, name = cat, ap = 74.70%   	 (TP = 198, FP = 58)
(next mAP calculation at 56240 iterations)
class_id = 0, name = person, ap = 80.84%   	 (TP = 154, FP = 12)
class_id = 1, name = dog, ap = 75.39%   	 (TP = 166, FP = 47)
class_id = 2, name = cat, ap = 75.73%   	 (TP = 222, FP = 75)
(next mAP calculation at 59755 iterations)
class_id = 0, name = person, ap = 77.75%   	 (TP = 147, FP = 26)
class_id = 1, name = dog, ap = 79.27%   	 (TP = 174, FP = 26)
class_id = 2, name = cat, ap = 76.41%   	 (TP = 228, FP = 88)
(next mAP calculation at 63270 iterations)
class_id = 0, name = person, ap = 79.65%   	 (TP = 154, FP = 55)
class_id = 1, name = dog, ap = 71.81%   	 (TP = 157, FP = 50)
class_id = 2, name = cat, ap = 70.59%   	 (TP = 203, FP = 73)
(next mAP calculation at 66785 iterations)
class_id = 0, name = person, ap = 78.67%   	 (TP = 147, FP = 23)
class_id = 1, name = dog, ap = 68.68%   	 (TP = 163, FP = 58)
class_id = 2, name = cat, ap = 74.04%   	 (TP = 206, FP = 61)
(next mAP calculation at 70300 iterations)
class_id = 0, name = person, ap = 79.51%   	 (TP = 153, FP = 39)
class_id = 1, name = dog, ap = 73.73%   	 (TP = 175, FP = 48)
class_id = 2, name = cat, ap = 75.93%   	 (TP = 224, FP = 83)
(next mAP calculation at 73815 iterations)
class_id = 0, name = person, ap = 80.07%   	 (TP = 153, FP = 50)
class_id = 1, name = dog, ap = 74.25%   	 (TP = 170, FP = 49)
class_id = 2, name = cat, ap = 71.55%   	 (TP = 193, FP = 49)
(next mAP calculation at 77330 iterations)
class_id = 0, name = person, ap = 82.74%   	 (TP = 158, FP = 30)
class_id = 1, name = dog, ap = 75.51%   	 (TP = 186, FP = 51)
class_id = 2, name = cat, ap = 76.69%   	 (TP = 221, FP = 48)
(next mAP calculation at 80845 iterations)
class_id = 0, name = person, ap = 82.07%   	 (TP = 161, FP = 26)
class_id = 1, name = dog, ap = 75.57%   	 (TP = 174, FP = 46)
class_id = 2, name = cat, ap = 72.79%   	 (TP = 188, FP = 41)
(next mAP calculation at 84360 iterations)
class_id = 0, name = person, ap = 79.38%   	 (TP = 158, FP = 37)
class_id = 1, name = dog, ap = 74.40%   	 (TP = 164, FP = 36)
class_id = 2, name = cat, ap = 73.75%   	 (TP = 210, FP = 69)
(next mAP calculation at 87875 iterations)
class_id = 0, name = person, ap = 82.34%   	 (TP = 160, FP = 25)
class_id = 1, name = dog, ap = 75.48%   	 (TP = 191, FP = 84)
class_id = 2, name = cat, ap = 76.86%   	 (TP = 209, FP = 47)
(next mAP calculation at 91390 iterations)
class_id = 0, name = person, ap = 79.21%   	 (TP = 149, FP = 13)
class_id = 1, name = dog, ap = 69.17%   	 (TP = 191, FP = 100)
class_id = 2, name = cat, ap = 73.77%   	 (TP = 174, FP = 16)
(next mAP calculation at 94905 iterations)
class_id = 0, name = person, ap = 79.41%   	 (TP = 151, FP = 37)
class_id = 1, name = dog, ap = 74.43%   	 (TP = 170, FP = 50)
class_id = 2, name = cat, ap = 76.90%   	 (TP = 220, FP = 56)
(next mAP calculation at 98420 iterations)
class_id = 0, name = person, ap = 82.90%   	 (TP = 161, FP = 34)
class_id = 1, name = dog, ap = 75.25%   	 (TP = 175, FP = 61)
class_id = 2, name = cat, ap = 80.63%   	 (TP = 228, FP = 66)
(next mAP calculation at 101935 iterations)
class_id = 0, name = person, ap = 80.64%   	 (TP = 152, FP = 8)
class_id = 1, name = dog, ap = 76.24%   	 (TP = 180, FP = 48)
class_id = 2, name = cat, ap = 79.51%   	 (TP = 235, FP = 79)
(next mAP calculation at 105450 iterations)
class_id = 0, name = person, ap = 81.07%   	 (TP = 162, FP = 44)
class_id = 1, name = dog, ap = 71.63%   	 (TP = 166, FP = 45)
class_id = 2, name = cat, ap = 78.04%   	 (TP = 239, FP = 112)
(next mAP calculation at 108965 iterations)
class_id = 0, name = person, ap = 81.99%   	 (TP = 161, FP = 36)
class_id = 1, name = dog, ap = 78.09%   	 (TP = 192, FP = 60)
class_id = 2, name = cat, ap = 78.75%   	 (TP = 224, FP = 39)
(next mAP calculation at 112480 iterations)
class_id = 0, name = person, ap = 81.75%   	 (TP = 153, FP = 20)
class_id = 1, name = dog, ap = 77.03%   	 (TP = 186, FP = 44)
class_id = 2, name = cat, ap = 77.40%   	 (TP = 226, FP = 77)
(next mAP calculation at 115995 iterations)
class_id = 0, name = person, ap = 80.15%   	 (TP = 157, FP = 27)
class_id = 1, name = dog, ap = 80.24%   	 (TP = 183, FP = 28)
class_id = 2, name = cat, ap = 74.33%   	 (TP = 207, FP = 40)
(next mAP calculation at 119510 iterations)
class_id = 0, name = person, ap = 79.74%   	 (TP = 147, FP = 17)
class_id = 1, name = dog, ap = 68.99%   	 (TP = 196, FP = 138)
class_id = 2, name = cat, ap = 70.52%   	 (TP = 161, FP = 19)
(next mAP calculation at 123025 iterations)
class_id = 0, name = person, ap = 79.99%   	 (TP = 158, FP = 46)
class_id = 1, name = dog, ap = 72.92%   	 (TP = 172, FP = 55)
class_id = 2, name = cat, ap = 73.15%   	 (TP = 210, FP = 88)
(next mAP calculation at 126540 iterations)
class_id = 0, name = person, ap = 76.87%   	 (TP = 146, FP = 25)
class_id = 1, name = dog, ap = 77.86%   	 (TP = 181, FP = 48)
class_id = 2, name = cat, ap = 73.42%   	 (TP = 208, FP = 83)
(next mAP calculation at 130055 iterations)
class_id = 0, name = person, ap = 80.80%   	 (TP = 153, FP = 24)
class_id = 1, name = dog, ap = 73.75%   	 (TP = 185, FP = 68)
class_id = 2, name = cat, ap = 79.64%   	 (TP = 228, FP = 44)
(next mAP calculation at 133570 iterations)
class_id = 0, name = person, ap = 82.85%   	 (TP = 166, FP = 43)
class_id = 1, name = dog, ap = 75.63%   	 (TP = 183, FP = 86)
class_id = 2, name = cat, ap = 78.34%   	 (TP = 215, FP = 46)
(next mAP calculation at 137085 iterations)
class_id = 0, name = person, ap = 78.96%   	 (TP = 153, FP = 33)
class_id = 1, name = dog, ap = 75.61%   	 (TP = 152, FP = 16)
class_id = 2, name = cat, ap = 75.46%   	 (TP = 227, FP = 96)
(next mAP calculation at 140600 iterations)
class_id = 0, name = person, ap = 79.76%   	 (TP = 154, FP = 33)
class_id = 1, name = dog, ap = 72.71%   	 (TP = 168, FP = 31)
class_id = 2, name = cat, ap = 74.68%   	 (TP = 219, FP = 75)
(next mAP calculation at 144115 iterations)
class_id = 0, name = person, ap = 78.96%   	 (TP = 154, FP = 54)
class_id = 1, name = dog, ap = 75.94%   	 (TP = 183, FP = 48)
class_id = 2, name = cat, ap = 70.21%   	 (TP = 203, FP = 94)
(next mAP calculation at 147630 iterations)
class_id = 0, name = person, ap = 78.70%   	 (TP = 158, FP = 65)
class_id = 1, name = dog, ap = 76.14%   	 (TP = 187, FP = 76)
class_id = 2, name = cat, ap = 74.87%   	 (TP = 200, FP = 34)
(next mAP calculation at 151145 iterations)
class_id = 0, name = person, ap = 81.21%   	 (TP = 162, FP = 31)
class_id = 1, name = dog, ap = 75.31%   	 (TP = 171, FP = 39)
class_id = 2, name = cat, ap = 79.02%   	 (TP = 239, FP = 92)
(next mAP calculation at 154660 iterations)
class_id = 0, name = person, ap = 78.29%   	 (TP = 151, FP = 29)
class_id = 1, name = dog, ap = 78.74%   	 (TP = 187, FP = 33)
class_id = 2, name = cat, ap = 80.61%   	 (TP = 214, FP = 33)
(next mAP calculation at 158175 iterations)
class_id = 0, name = person, ap = 82.58%   	 (TP = 151, FP = 20)
class_id = 1, name = dog, ap = 73.52%   	 (TP = 163, FP = 42)
class_id = 2, name = cat, ap = 75.47%   	 (TP = 220, FP = 71)
(next mAP calculation at 161690 iterations)
class_id = 0, name = person, ap = 81.65%   	 (TP = 153, FP = 34)
class_id = 1, name = dog, ap = 81.75%   	 (TP = 195, FP = 38)
class_id = 2, name = cat, ap = 82.12%   	 (TP = 236, FP = 51)
(next mAP calculation at 165205 iterations)
class_id = 0, name = person, ap = 81.87%   	 (TP = 154, FP = 28)
class_id = 1, name = dog, ap = 79.51%   	 (TP = 195, FP = 54)
class_id = 2, name = cat, ap = 82.94%   	 (TP = 233, FP = 43)
(next mAP calculation at 168720 iterations)
class_id = 0, name = person, ap = 83.67%   	 (TP = 159, FP = 29)
class_id = 1, name = dog, ap = 81.24%   	 (TP = 197, FP = 38)
class_id = 2, name = cat, ap = 82.80%   	 (TP = 237, FP = 44)
(next mAP calculation at 172235 iterations)
class_id = 0, name = person, ap = 81.94%   	 (TP = 153, FP = 25)
class_id = 1, name = dog, ap = 79.69%   	 (TP = 191, FP = 47)
class_id = 2, name = cat, ap = 82.22%   	 (TP = 234, FP = 48)
(next mAP calculation at 175750 iterations)
class_id = 0, name = person, ap = 84.03%   	 (TP = 161, FP = 34)
class_id = 1, name = dog, ap = 80.59%   	 (TP = 195, FP = 35)
class_id = 2, name = cat, ap = 83.28%   	 (TP = 239, FP = 45)
(next mAP calculation at 179265 iterations)
class_id = 0, name = person, ap = 83.58%   	 (TP = 159, FP = 27)
class_id = 1, name = dog, ap = 80.12%   	 (TP = 194, FP = 32)
class_id = 2, name = cat, ap = 82.40%   	 (TP = 231, FP = 44)
(next mAP calculation at 182780 iterations)
class_id = 0, name = person, ap = 84.57%   	 (TP = 161, FP = 28)
class_id = 1, name = dog, ap = 80.62%   	 (TP = 194, FP = 37)
class_id = 2, name = cat, ap = 83.27%   	 (TP = 234, FP = 48)
(next mAP calculation at 186295 iterations)
class_id = 0, name = person, ap = 84.51%   	 (TP = 161, FP = 27)
class_id = 1, name = dog, ap = 80.86%   	 (TP = 196, FP = 31)
class_id = 2, name = cat, ap = 83.49%   	 (TP = 237, FP = 49)
(next mAP calculation at 189810 iterations)
class_id = 0, name = person, ap = 84.49%   	 (TP = 162, FP = 27)
class_id = 1, name = dog, ap = 80.65%   	 (TP = 194, FP = 32)
class_id = 2, name = cat, ap = 83.30%   	 (TP = 236, FP = 48)
(next mAP calculation at 193325 iterations)
class_id = 0, name = person, ap = 84.42%   	 (TP = 162, FP = 29)
class_id = 1, name = dog, ap = 80.57%   	 (TP = 195, FP = 32)
class_id = 2, name = cat, ap = 83.23%   	 (TP = 235, FP = 46)
(next mAP calculation at 196840 iterations)
class_id = 0, name = person, ap = 84.49%   	 (TP = 162, FP = 26)
class_id = 1, name = dog, ap = 80.36%   	 (TP = 196, FP = 39)
class_id = 2, name = cat, ap = 83.05%   	 (TP = 232, FP = 47)
(next mAP calculation at 200355 iterations)
class_id = 0, name = person, ap = 84.38%   	 (TP = 162, FP = 27)
class_id = 1, name = dog, ap = 80.86%   	 (TP = 195, FP = 37)
class_id = 2, name = cat, ap = 82.53%   	 (TP = 233, FP = 47)
(next mAP calculation at 203870 iterations)
class_id = 0, name = person, ap = 84.34%   	 (TP = 162, FP = 27)
class_id = 1, name = dog, ap = 80.47%   	 (TP = 194, FP = 34)
class_id = 2, name = cat, ap = 82.55%   	 (TP = 233, FP = 46)
(next mAP calculation at 207385 iterations)
class_id = 0, name = person, ap = 84.14%   	 (TP = 161, FP = 27)
class_id = 1, name = dog, ap = 80.42%   	 (TP = 195, FP = 37)
class_id = 2, name = cat, ap = 82.46%   	 (TP = 234, FP = 48)