(next mAP calculation at 321888 iterations) ]2;320001/340000: loss=0.5 hours left=-1.0
class_id = 0, name = person, ap = 78.98%   	 (TP = 155, FP = 27)
class_id = 1, name = dog, ap = 75.53%   	 (TP = 162, FP = 57)
class_id = 2, name = cat, ap = 79.04%   	 (TP = 217, FP = 44)
(next mAP calculation at 323776 iterations)
class_id = 0, name = person, ap = 78.88%   	 (TP = 155, FP = 24)
class_id = 1, name = dog, ap = 75.80%   	 (TP = 168, FP = 54)
class_id = 2, name = cat, ap = 78.77%   	 (TP = 217, FP = 47)
(next mAP calculation at 325664 iterations)
class_id = 0, name = person, ap = 78.98%   	 (TP = 156, FP = 25)
class_id = 1, name = dog, ap = 75.68%   	 (TP = 171, FP = 58)
class_id = 2, name = cat, ap = 78.88%   	 (TP = 217, FP = 44)
(next mAP calculation at 327552 iterations)
class_id = 0, name = person, ap = 78.85%   	 (TP = 156, FP = 27)
class_id = 1, name = dog, ap = 75.58%   	 (TP = 170, FP = 56)
class_id = 2, name = cat, ap = 78.78%   	 (TP = 219, FP = 47)
(next mAP calculation at 329440 iterations)
class_id = 0, name = person, ap = 79.18%   	 (TP = 156, FP = 27)
class_id = 1, name = dog, ap = 75.87%   	 (TP = 169, FP = 52)
class_id = 2, name = cat, ap = 78.92%   	 (TP = 216, FP = 46)
(next mAP calculation at 331328 iterations)
class_id = 0, name = person, ap = 78.49%   	 (TP = 157, FP = 28)
class_id = 1, name = dog, ap = 75.82%   	 (TP = 169, FP = 51)
class_id = 2, name = cat, ap = 78.29%   	 (TP = 214, FP = 50)
(next mAP calculation at 333216 iterations)
class_id = 0, name = person, ap = 79.02%   	 (TP = 157, FP = 24)
class_id = 1, name = dog, ap = 75.40%   	 (TP = 171, FP = 55)
class_id = 2, name = cat, ap = 78.89%   	 (TP = 214, FP = 48)
(next mAP calculation at 335104 iterations)
class_id = 0, name = person, ap = 79.44%   	 (TP = 156, FP = 25)
class_id = 1, name = dog, ap = 75.46%   	 (TP = 169, FP = 56)
class_id = 2, name = cat, ap = 78.72%   	 (TP = 215, FP = 50)
(next mAP calculation at 336992 iterations)
class_id = 0, name = person, ap = 79.15%   	 (TP = 157, FP = 25)
class_id = 1, name = dog, ap = 75.94%   	 (TP = 171, FP = 56)
class_id = 2, name = cat, ap = 79.13%   	 (TP = 218, FP = 48)
(next mAP calculation at 338880 iterations)
class_id = 0, name = person, ap = 79.30%   	 (TP = 157, FP = 25)
class_id = 1, name = dog, ap = 75.36%   	 (TP = 173, FP = 58)
class_id = 2, name = cat, ap = 79.21%   	 (TP = 216, FP = 45)
(next mAP calculation at 340768 iterations)
class_id = 0, name = person, ap = 78.65%   	 (TP = 157, FP = 26)
class_id = 1, name = dog, ap = 75.81%   	 (TP = 174, FP = 59)
class_id = 2, name = cat, ap = 79.19%   	 (TP = 216, FP = 44)