(next mAP calculation at 4768 iterations) ]2;1/40000: loss=500.2 hours left=-1.0
class_id = 0, name = person, ap = 75.04%   	 (TP = 144, FP = 39)
class_id = 1, name = dog, ap = 55.35%   	 (TP = 108, FP = 33)
class_id = 2, name = cat, ap = 57.65%   	 (TP = 115, FP = 31)
(next mAP calculation at 9536 iterations)
class_id = 0, name = person, ap = 77.96%   	 (TP = 152, FP = 24)
class_id = 1, name = dog, ap = 69.18%   	 (TP = 158, FP = 59)
class_id = 2, name = cat, ap = 70.98%   	 (TP = 183, FP = 57)
(next mAP calculation at 14304 iterations)
class_id = 0, name = person, ap = 80.26%   	 (TP = 149, FP = 9)
class_id = 1, name = dog, ap = 72.81%   	 (TP = 159, FP = 42)
class_id = 2, name = cat, ap = 72.53%   	 (TP = 204, FP = 54)
(next mAP calculation at 19072 iterations)
class_id = 0, name = person, ap = 82.46%   	 (TP = 156, FP = 26)
class_id = 1, name = dog, ap = 74.73%   	 (TP = 155, FP = 34)
class_id = 2, name = cat, ap = 74.42%   	 (TP = 204, FP = 64)
(next mAP calculation at 23840 iterations)
class_id = 0, name = person, ap = 82.29%   	 (TP = 158, FP = 20)
class_id = 1, name = dog, ap = 75.48%   	 (TP = 153, FP = 26)
class_id = 2, name = cat, ap = 75.49%   	 (TP = 202, FP = 44)
(next mAP calculation at 28608 iterations)
class_id = 0, name = person, ap = 79.17%   	 (TP = 154, FP = 28)
class_id = 1, name = dog, ap = 79.81%   	 (TP = 185, FP = 59)
class_id = 2, name = cat, ap = 72.97%   	 (TP = 174, FP = 22)
(next mAP calculation at 33376 iterations)
class_id = 0, name = person, ap = 82.01%   	 (TP = 159, FP = 19)
class_id = 1, name = dog, ap = 80.24%   	 (TP = 189, FP = 45)
class_id = 2, name = cat, ap = 82.74%   	 (TP = 219, FP = 29)
(next mAP calculation at 38144 iterations)
class_id = 0, name = person, ap = 81.96%   	 (TP = 160, FP = 13)
class_id = 1, name = dog, ap = 80.54%   	 (TP = 188, FP = 35)
class_id = 2, name = cat, ap = 83.61%   	 (TP = 220, FP = 27)
(next mAP calculation at 42912 iterations)
class_id = 0, name = person, ap = 82.00%   	 (TP = 161, FP = 15)
class_id = 1, name = dog, ap = 80.13%   	 (TP = 185, FP = 37)
class_id = 2, name = cat, ap = 84.32%   	 (TP = 230, FP = 27)