(next mAP calculation at 2576 iterations) ]2;1/110000: loss=207.5 hours left=-1.0
class_id = 0, name = person, ap = 62.51%   	 (TP = 108, FP = 51)
class_id = 1, name = dog, ap = 42.37%   	 (TP = 20, FP = 3)
class_id = 2, name = cat, ap = 41.00%   	 (TP = 39, FP = 27)
(next mAP calculation at 5152 iterations)
class_id = 0, name = person, ap = 73.34%   	 (TP = 142, FP = 46)
class_id = 1, name = dog, ap = 50.44%   	 (TP = 44, FP = 3)
class_id = 2, name = cat, ap = 46.13%   	 (TP = 102, FP = 75)
(next mAP calculation at 7728 iterations)
class_id = 0, name = person, ap = 74.12%   	 (TP = 140, FP = 45)
class_id = 1, name = dog, ap = 63.45%   	 (TP = 124, FP = 28)
class_id = 2, name = cat, ap = 60.32%   	 (TP = 147, FP = 69)
(next mAP calculation at 10304 iterations)
class_id = 0, name = person, ap = 77.70%   	 (TP = 137, FP = 20)
class_id = 1, name = dog, ap = 57.74%   	 (TP = 161, FP = 126)
class_id = 2, name = cat, ap = 59.87%   	 (TP = 110, FP = 25)
(next mAP calculation at 12880 iterations)
class_id = 0, name = person, ap = 76.01%   	 (TP = 145, FP = 52)
class_id = 1, name = dog, ap = 67.35%   	 (TP = 117, FP = 12)
class_id = 2, name = cat, ap = 61.00%   	 (TP = 168, FP = 109)
(next mAP calculation at 15456 iterations)
class_id = 0, name = person, ap = 80.89%   	 (TP = 148, FP = 21)
class_id = 1, name = dog, ap = 65.43%   	 (TP = 146, FP = 86)
class_id = 2, name = cat, ap = 70.07%   	 (TP = 152, FP = 17)
(next mAP calculation at 18032 iterations)
class_id = 0, name = person, ap = 81.53%   	 (TP = 160, FP = 28)
class_id = 1, name = dog, ap = 75.97%   	 (TP = 153, FP = 21)
class_id = 2, name = cat, ap = 67.98%   	 (TP = 206, FP = 106)
(next mAP calculation at 20608 iterations)
class_id = 0, name = person, ap = 73.14%   	 (TP = 145, FP = 43)
class_id = 1, name = dog, ap = 71.15%   	 (TP = 162, FP = 48)
class_id = 2, name = cat, ap = 69.81%   	 (TP = 180, FP = 62)
(next mAP calculation at 23184 iterations)
class_id = 0, name = person, ap = 77.83%   	 (TP = 153, FP = 43)
class_id = 1, name = dog, ap = 70.09%   	 (TP = 157, FP = 24)
class_id = 2, name = cat, ap = 70.88%   	 (TP = 187, FP = 39)
(next mAP calculation at 25760 iterations)
class_id = 0, name = person, ap = 77.21%   	 (TP = 147, FP = 26)
class_id = 1, name = dog, ap = 75.63%   	 (TP = 163, FP = 39)
class_id = 2, name = cat, ap = 71.25%   	 (TP = 202, FP = 70)
(next mAP calculation at 28336 iterations)
class_id = 0, name = person, ap = 77.68%   	 (TP = 159, FP = 72)
class_id = 1, name = dog, ap = 76.30%   	 (TP = 163, FP = 35)
class_id = 2, name = cat, ap = 79.23%   	 (TP = 211, FP = 26)
(next mAP calculation at 30912 iterations)
class_id = 0, name = person, ap = 82.57%   	 (TP = 157, FP = 28)
class_id = 1, name = dog, ap = 73.24%   	 (TP = 173, FP = 67)
class_id = 2, name = cat, ap = 72.89%   	 (TP = 198, FP = 38)
(next mAP calculation at 33488 iterations)
class_id = 0, name = person, ap = 80.40%   	 (TP = 149, FP = 38)
class_id = 1, name = dog, ap = 75.79%   	 (TP = 167, FP = 38)
class_id = 2, name = cat, ap = 78.92%   	 (TP = 243, FP = 76)
(next mAP calculation at 36064 iterations)
class_id = 0, name = person, ap = 80.12%   	 (TP = 153, FP = 58)
class_id = 1, name = dog, ap = 74.92%   	 (TP = 183, FP = 84)
class_id = 2, name = cat, ap = 74.80%   	 (TP = 188, FP = 35)
(next mAP calculation at 38640 iterations)
class_id = 0, name = person, ap = 79.69%   	 (TP = 160, FP = 48)
class_id = 1, name = dog, ap = 71.11%   	 (TP = 155, FP = 30)
class_id = 2, name = cat, ap = 77.63%   	 (TP = 210, FP = 33)
(next mAP calculation at 41216 iterations)
class_id = 0, name = person, ap = 78.87%   	 (TP = 141, FP = 20)
class_id = 1, name = dog, ap = 74.07%   	 (TP = 162, FP = 22)
class_id = 2, name = cat, ap = 75.66%   	 (TP = 222, FP = 69)
(next mAP calculation at 43792 iterations)
class_id = 0, name = person, ap = 79.75%   	 (TP = 150, FP = 37)
class_id = 1, name = dog, ap = 74.94%   	 (TP = 191, FP = 110)
class_id = 2, name = cat, ap = 78.32%   	 (TP = 210, FP = 26)
(next mAP calculation at 46368 iterations)
class_id = 0, name = person, ap = 81.74%   	 (TP = 156, FP = 26)
class_id = 1, name = dog, ap = 77.80%   	 (TP = 166, FP = 23)
class_id = 2, name = cat, ap = 78.22%   	 (TP = 229, FP = 64)
(next mAP calculation at 48944 iterations)
class_id = 0, name = person, ap = 81.03%   	 (TP = 156, FP = 29)
class_id = 1, name = dog, ap = 76.90%   	 (TP = 188, FP = 48)
class_id = 2, name = cat, ap = 78.45%   	 (TP = 197, FP = 34)
(next mAP calculation at 51520 iterations)
class_id = 0, name = person, ap = 78.60%   	 (TP = 157, FP = 33)
class_id = 1, name = dog, ap = 70.48%   	 (TP = 170, FP = 90)
class_id = 2, name = cat, ap = 77.90%   	 (TP = 207, FP = 36)
(next mAP calculation at 54096 iterations)
class_id = 0, name = person, ap = 78.33%   	 (TP = 150, FP = 28)
class_id = 1, name = dog, ap = 76.40%   	 (TP = 178, FP = 40)
class_id = 2, name = cat, ap = 75.85%   	 (TP = 210, FP = 60)
(next mAP calculation at 56672 iterations)
class_id = 0, name = person, ap = 85.32%   	 (TP = 165, FP = 38)
class_id = 1, name = dog, ap = 75.06%   	 (TP = 151, FP = 28)
class_id = 2, name = cat, ap = 81.00%   	 (TP = 225, FP = 29)
(next mAP calculation at 59248 iterations)
class_id = 0, name = person, ap = 78.54%   	 (TP = 160, FP = 79)
class_id = 1, name = dog, ap = 72.33%   	 (TP = 165, FP = 51)
class_id = 2, name = cat, ap = 74.14%   	 (TP = 194, FP = 37)
(next mAP calculation at 61824 iterations)
class_id = 0, name = person, ap = 76.89%   	 (TP = 154, FP = 34)
class_id = 1, name = dog, ap = 75.16%   	 (TP = 169, FP = 32)
class_id = 2, name = cat, ap = 76.23%   	 (TP = 208, FP = 45)
(next mAP calculation at 64400 iterations)
class_id = 0, name = person, ap = 81.43%   	 (TP = 157, FP = 30)
class_id = 1, name = dog, ap = 72.96%   	 (TP = 166, FP = 55)
class_id = 2, name = cat, ap = 80.16%   	 (TP = 216, FP = 36)
(next mAP calculation at 66976 iterations)
class_id = 0, name = person, ap = 80.55%   	 (TP = 161, FP = 53)
class_id = 1, name = dog, ap = 75.57%   	 (TP = 187, FP = 57)
class_id = 2, name = cat, ap = 73.25%   	 (TP = 192, FP = 26)
(next mAP calculation at 69552 iterations)
class_id = 0, name = person, ap = 79.08%   	 (TP = 158, FP = 43)
class_id = 1, name = dog, ap = 77.44%   	 (TP = 181, FP = 28)
class_id = 2, name = cat, ap = 79.64%   	 (TP = 229, FP = 34)
(next mAP calculation at 72128 iterations)
class_id = 0, name = person, ap = 83.47%   	 (TP = 159, FP = 18)
class_id = 1, name = dog, ap = 73.98%   	 (TP = 174, FP = 60)
class_id = 2, name = cat, ap = 72.58%   	 (TP = 195, FP = 44)
(next mAP calculation at 74704 iterations)
class_id = 0, name = person, ap = 78.93%   	 (TP = 149, FP = 33)
class_id = 1, name = dog, ap = 72.49%   	 (TP = 168, FP = 74)
class_id = 2, name = cat, ap = 74.74%   	 (TP = 200, FP = 41)
(next mAP calculation at 77280 iterations)
class_id = 0, name = person, ap = 78.61%   	 (TP = 158, FP = 58)
class_id = 1, name = dog, ap = 76.20%   	 (TP = 154, FP = 20)
class_id = 2, name = cat, ap = 74.56%   	 (TP = 215, FP = 82)
(next mAP calculation at 79856 iterations)
class_id = 0, name = person, ap = 79.87%   	 (TP = 157, FP = 38)
class_id = 1, name = dog, ap = 76.37%   	 (TP = 188, FP = 49)
class_id = 2, name = cat, ap = 79.73%   	 (TP = 222, FP = 45)
(next mAP calculation at 82432 iterations)
class_id = 0, name = person, ap = 81.73%   	 (TP = 159, FP = 21)
class_id = 1, name = dog, ap = 76.99%   	 (TP = 185, FP = 36)
class_id = 2, name = cat, ap = 81.41%   	 (TP = 223, FP = 49)
(next mAP calculation at 85008 iterations)
class_id = 0, name = person, ap = 80.98%   	 (TP = 159, FP = 22)
class_id = 1, name = dog, ap = 79.10%   	 (TP = 191, FP = 29)
class_id = 2, name = cat, ap = 81.53%   	 (TP = 227, FP = 56)
(next mAP calculation at 87584 iterations)
class_id = 0, name = person, ap = 81.40%   	 (TP = 162, FP = 33)
class_id = 1, name = dog, ap = 78.87%   	 (TP = 184, FP = 33)
class_id = 2, name = cat, ap = 81.41%   	 (TP = 234, FP = 51)
(next mAP calculation at 90160 iterations)
class_id = 0, name = person, ap = 81.64%   	 (TP = 163, FP = 26)
class_id = 1, name = dog, ap = 78.17%   	 (TP = 187, FP = 35)
class_id = 2, name = cat, ap = 81.68%   	 (TP = 229, FP = 52)
(next mAP calculation at 92736 iterations)
class_id = 0, name = person, ap = 81.82%   	 (TP = 162, FP = 26)
class_id = 1, name = dog, ap = 78.47%   	 (TP = 190, FP = 36)
class_id = 2, name = cat, ap = 81.76%   	 (TP = 229, FP = 51)
(next mAP calculation at 95312 iterations)
class_id = 0, name = person, ap = 81.47%   	 (TP = 162, FP = 32)
class_id = 1, name = dog, ap = 78.45%   	 (TP = 189, FP = 35)
class_id = 2, name = cat, ap = 81.25%   	 (TP = 229, FP = 50)
(next mAP calculation at 97888 iterations)
class_id = 0, name = person, ap = 81.17%   	 (TP = 162, FP = 30)
class_id = 1, name = dog, ap = 78.12%   	 (TP = 189, FP = 35)
class_id = 2, name = cat, ap = 81.48%   	 (TP = 228, FP = 52)
(next mAP calculation at 100464 iterations)
class_id = 0, name = person, ap = 81.82%   	 (TP = 162, FP = 30)
class_id = 1, name = dog, ap = 78.22%   	 (TP = 188, FP = 35)
class_id = 2, name = cat, ap = 81.73%   	 (TP = 231, FP = 50)
(next mAP calculation at 103040 iterations)
class_id = 0, name = person, ap = 81.80%   	 (TP = 161, FP = 30)
class_id = 1, name = dog, ap = 78.42%   	 (TP = 188, FP = 35)
class_id = 2, name = cat, ap = 81.73%   	 (TP = 230, FP = 52)
(next mAP calculation at 105616 iterations)
class_id = 0, name = person, ap = 81.71%   	 (TP = 162, FP = 28)
class_id = 1, name = dog, ap = 78.09%   	 (TP = 188, FP = 35)
class_id = 2, name = cat, ap = 81.54%   	 (TP = 231, FP = 49)
(next mAP calculation at 108192 iterations)
class_id = 0, name = person, ap = 81.85%   	 (TP = 163, FP = 30)
class_id = 1, name = dog, ap = 78.45%   	 (TP = 188, FP = 35)
class_id = 2, name = cat, ap = 81.57%   	 (TP = 231, FP = 55)
(next mAP calculation at 110768 iterations)
class_id = 0, name = person, ap = 81.47%   	 (TP = 164, FP = 30)
class_id = 1, name = dog, ap = 78.49%   	 (TP = 187, FP = 33)
class_id = 2, name = cat, ap = 81.91%   	 (TP = 232, FP = 53)