(next mAP calculation at 4506 iterations) ]2;1/50000: loss=743.9 hours left=-1.0
class_id = 0, name = person, ap = 52.69%   	 (TP = 61, FP = 43)
class_id = 1, name = dog, ap = 22.51%   	 (TP = 0, FP = 2)
class_id = 2, name = cat, ap = 25.15%   	 (TP = 0, FP = 0)
(next mAP calculation at 9012 iterations)
class_id = 0, name = person, ap = 65.25%   	 (TP = 87, FP = 10)
class_id = 1, name = dog, ap = 34.83%   	 (TP = 1, FP = 0)
class_id = 2, name = cat, ap = 21.40%   	 (TP = 1, FP = 0)
(next mAP calculation at 13518 iterations)
class_id = 0, name = person, ap = 68.77%   	 (TP = 94, FP = 16)
class_id = 1, name = dog, ap = 32.33%   	 (TP = 15, FP = 10)
class_id = 2, name = cat, ap = 26.68%   	 (TP = 21, FP = 19)
(next mAP calculation at 18024 iterations)
class_id = 0, name = person, ap = 66.42%   	 (TP = 96, FP = 25)
class_id = 1, name = dog, ap = 45.05%   	 (TP = 33, FP = 8)
class_id = 2, name = cat, ap = 41.83%   	 (TP = 28, FP = 2)
(next mAP calculation at 22530 iterations)
class_id = 0, name = person, ap = 67.89%   	 (TP = 92, FP = 10)
class_id = 1, name = dog, ap = 44.74%   	 (TP = 25, FP = 10)
class_id = 2, name = cat, ap = 42.58%   	 (TP = 16, FP = 8)
(next mAP calculation at 27036 iterations)
class_id = 0, name = person, ap = 69.46%   	 (TP = 108, FP = 16)
class_id = 1, name = dog, ap = 56.42%   	 (TP = 24, FP = 9)
class_id = 2, name = cat, ap = 44.80%   	 (TP = 39, FP = 12)
(next mAP calculation at 31542 iterations)
class_id = 0, name = person, ap = 74.02%   	 (TP = 129, FP = 15)
class_id = 1, name = dog, ap = 41.10%   	 (TP = 34, FP = 28)
class_id = 2, name = cat, ap = 45.95%   	 (TP = 31, FP = 9)
(next mAP calculation at 36048 iterations)
class_id = 0, name = person, ap = 71.78%   	 (TP = 129, FP = 26)
class_id = 1, name = dog, ap = 58.44%   	 (TP = 43, FP = 13)
class_id = 2, name = cat, ap = 52.20%   	 (TP = 50, FP = 15)
(next mAP calculation at 40554 iterations)
class_id = 0, name = person, ap = 74.62%   	 (TP = 138, FP = 21)
class_id = 1, name = dog, ap = 62.63%   	 (TP = 59, FP = 22)
class_id = 2, name = cat, ap = 58.14%   	 (TP = 74, FP = 22)
(next mAP calculation at 45060 iterations)
class_id = 0, name = person, ap = 74.03%   	 (TP = 138, FP = 25)
class_id = 1, name = dog, ap = 66.42%   	 (TP = 65, FP = 15)
class_id = 2, name = cat, ap = 58.14%   	 (TP = 76, FP = 24)
(next mAP calculation at 49566 iterations)
class_id = 0, name = person, ap = 75.39%   	 (TP = 142, FP = 26)
class_id = 1, name = dog, ap = 67.94%   	 (TP = 66, FP = 13)
class_id = 2, name = cat, ap = 58.84%   	 (TP = 77, FP = 26)
(next mAP calculation at 54072 iterations)
class_id = 0, name = person, ap = 74.99%   	 (TP = 142, FP = 29)
class_id = 1, name = dog, ap = 67.65%   	 (TP = 68, FP = 12)
class_id = 2, name = cat, ap = 59.19%   	 (TP = 78, FP = 25)