(next mAP calculation at 4768 iterations) ]2;1/50000: loss=327.5 hours left=-1.0
class_id = 0, name = person, ap = 70.36%   	 (TP = 125, FP = 40)
class_id = 1, name = dog, ap = 54.48%   	 (TP = 94, FP = 34)
class_id = 2, name = cat, ap = 52.11%   	 (TP = 57, FP = 13)
(next mAP calculation at 9536 iterations)
class_id = 0, name = person, ap = 78.31%   	 (TP = 148, FP = 34)
class_id = 1, name = dog, ap = 62.99%   	 (TP = 103, FP = 22)
class_id = 2, name = cat, ap = 63.40%   	 (TP = 96, FP = 17)
(next mAP calculation at 14304 iterations)
class_id = 0, name = person, ap = 81.87%   	 (TP = 138, FP = 12)
class_id = 1, name = dog, ap = 71.40%   	 (TP = 139, FP = 31)
class_id = 2, name = cat, ap = 62.45%   	 (TP = 178, FP = 95)
(next mAP calculation at 19072 iterations)
class_id = 0, name = person, ap = 82.89%   	 (TP = 153, FP = 24)
class_id = 1, name = dog, ap = 76.32%   	 (TP = 147, FP = 21)
class_id = 2, name = cat, ap = 70.29%   	 (TP = 197, FP = 92)
(next mAP calculation at 23840 iterations)
class_id = 0, name = person, ap = 84.82%   	 (TP = 158, FP = 18)
class_id = 1, name = dog, ap = 72.54%   	 (TP = 172, FP = 72)
class_id = 2, name = cat, ap = 77.09%   	 (TP = 189, FP = 23)
(next mAP calculation at 28608 iterations)
class_id = 0, name = person, ap = 83.03%   	 (TP = 154, FP = 15)
class_id = 1, name = dog, ap = 76.97%   	 (TP = 146, FP = 15)
class_id = 2, name = cat, ap = 74.60%   	 (TP = 201, FP = 60)
(next mAP calculation at 33376 iterations)
class_id = 0, name = person, ap = 82.04%   	 (TP = 156, FP = 37)
class_id = 1, name = dog, ap = 74.39%   	 (TP = 155, FP = 19)
class_id = 2, name = cat, ap = 77.04%   	 (TP = 205, FP = 38)
(next mAP calculation at 38144 iterations)
class_id = 0, name = person, ap = 81.65%   	 (TP = 154, FP = 42)
class_id = 1, name = dog, ap = 72.77%   	 (TP = 172, FP = 55)
class_id = 2, name = cat, ap = 73.83%   	 (TP = 161, FP = 23)
(next mAP calculation at 42912 iterations)
class_id = 0, name = person, ap = 84.49%   	 (TP = 163, FP = 29)
class_id = 1, name = dog, ap = 80.53%   	 (TP = 176, FP = 26)
class_id = 2, name = cat, ap = 82.07%   	 (TP = 229, FP = 35)
(next mAP calculation at 47680 iterations)
class_id = 0, name = person, ap = 83.98%   	 (TP = 163, FP = 26)
class_id = 1, name = dog, ap = 82.02%   	 (TP = 176, FP = 24)
class_id = 2, name = cat, ap = 82.46%   	 (TP = 224, FP = 34)
(next mAP calculation at 52448 iterations)
class_id = 0, name = person, ap = 83.93%   	 (TP = 163, FP = 26)
class_id = 1, name = dog, ap = 82.01%   	 (TP = 180, FP = 28)
class_id = 2, name = cat, ap = 82.04%   	 (TP = 223, FP = 28)