(next mAP calculation at 311888 iterations) ]2;310001/320000: loss=1.0 hours left=-1.0
class_id = 0, name = person, ap = 78.15%   	 (TP = 152, FP = 25)
class_id = 1, name = dog, ap = 74.01%   	 (TP = 163, FP = 55)
class_id = 2, name = cat, ap = 78.71%   	 (TP = 215, FP = 37)
(next mAP calculation at 313776 iterations)
class_id = 0, name = person, ap = 78.53%   	 (TP = 151, FP = 26)
class_id = 1, name = dog, ap = 74.91%   	 (TP = 168, FP = 57)
class_id = 2, name = cat, ap = 79.38%   	 (TP = 216, FP = 40)
(next mAP calculation at 315664 iterations)
class_id = 0, name = person, ap = 77.65%   	 (TP = 150, FP = 27)
class_id = 1, name = dog, ap = 75.27%   	 (TP = 168, FP = 55)
class_id = 2, name = cat, ap = 79.49%   	 (TP = 215, FP = 41)
(next mAP calculation at 317552 iterations)
class_id = 0, name = person, ap = 77.92%   	 (TP = 150, FP = 29)
class_id = 1, name = dog, ap = 75.71%   	 (TP = 170, FP = 57)
class_id = 2, name = cat, ap = 79.76%   	 (TP = 219, FP = 39)
(next mAP calculation at 319440 iterations)
class_id = 0, name = person, ap = 77.92%   	 (TP = 150, FP = 30)
class_id = 1, name = dog, ap = 75.42%   	 (TP = 171, FP = 58)
class_id = 2, name = cat, ap = 79.57%   	 (TP = 218, FP = 40)
(next mAP calculation at 321328 iterations)
class_id = 0, name = person, ap = 77.84%   	 (TP = 150, FP = 28)
class_id = 1, name = dog, ap = 75.43%   	 (TP = 174, FP = 58)
class_id = 2, name = cat, ap = 79.94%   	 (TP = 220, FP = 43)