(next mAP calculation at 3864 iterations) ]2;1/30000: loss=210.9 hours left=-1.0
class_id = 0, name = person, ap = 67.97%   	 (TP = 120, FP = 32)
class_id = 1, name = dog, ap = 46.22%   	 (TP = 91, FP = 49)
class_id = 2, name = cat, ap = 44.62%   	 (TP = 114, FP = 89)
(next mAP calculation at 7728 iterations)
class_id = 0, name = person, ap = 70.82%   	 (TP = 129, FP = 42)
class_id = 1, name = dog, ap = 49.30%   	 (TP = 96, FP = 53)
class_id = 2, name = cat, ap = 55.82%   	 (TP = 104, FP = 23)
(next mAP calculation at 11592 iterations)
class_id = 0, name = person, ap = 77.07%   	 (TP = 151, FP = 70)
class_id = 1, name = dog, ap = 64.70%   	 (TP = 168, FP = 116)
class_id = 2, name = cat, ap = 66.54%   	 (TP = 166, FP = 33)
(next mAP calculation at 15456 iterations)
class_id = 0, name = person, ap = 75.81%   	 (TP = 149, FP = 52)
class_id = 1, name = dog, ap = 70.49%   	 (TP = 150, FP = 37)
class_id = 2, name = cat, ap = 69.11%   	 (TP = 161, FP = 35)
(next mAP calculation at 19320 iterations)
class_id = 0, name = person, ap = 79.19%   	 (TP = 146, FP = 25)
class_id = 1, name = dog, ap = 67.03%   	 (TP = 158, FP = 91)
class_id = 2, name = cat, ap = 69.05%   	 (TP = 194, FP = 80)
(next mAP calculation at 23184 iterations)
class_id = 0, name = person, ap = 78.10%   	 (TP = 153, FP = 61)
class_id = 1, name = dog, ap = 70.45%   	 (TP = 158, FP = 78)
class_id = 2, name = cat, ap = 73.65%   	 (TP = 167, FP = 19)
(next mAP calculation at 27048 iterations)
class_id = 0, name = person, ap = 80.38%   	 (TP = 157, FP = 31)
class_id = 1, name = dog, ap = 77.83%   	 (TP = 170, FP = 33)
class_id = 2, name = cat, ap = 78.63%   	 (TP = 209, FP = 42)
(next mAP calculation at 30912 iterations)
class_id = 0, name = person, ap = 81.64%   	 (TP = 157, FP = 29)
class_id = 1, name = dog, ap = 78.97%   	 (TP = 180, FP = 40)
class_id = 2, name = cat, ap = 79.09%   	 (TP = 212, FP = 38)