(next mAP calculation at 1932 iterations) ]2;1/12000: loss=259.5 hours left=-1.0
class_id = 0, name = person, ap = 55.72%   	 (TP = 77, FP = 3)
class_id = 1, name = dog, ap = 35.03%   	 (TP = 89, FP = 115)
class_id = 2, name = cat, ap = 36.76%   	 (TP = 62, FP = 45)
(next mAP calculation at 3864 iterations)
class_id = 0, name = person, ap = 67.50%   	 (TP = 136, FP = 100)
class_id = 1, name = dog, ap = 47.40%   	 (TP = 67, FP = 28)
class_id = 2, name = cat, ap = 39.67%   	 (TP = 40, FP = 11)
(next mAP calculation at 5796 iterations)
class_id = 0, name = person, ap = 76.54%   	 (TP = 154, FP = 90)
class_id = 1, name = dog, ap = 59.59%   	 (TP = 123, FP = 47)
class_id = 2, name = cat, ap = 61.74%   	 (TP = 107, FP = 22)
(next mAP calculation at 7728 iterations)
class_id = 0, name = person, ap = 77.41%   	 (TP = 135, FP = 23)
class_id = 1, name = dog, ap = 60.69%   	 (TP = 135, FP = 90)
class_id = 2, name = cat, ap = 66.68%   	 (TP = 116, FP = 15)
(next mAP calculation at 9660 iterations)
class_id = 0, name = person, ap = 79.94%   	 (TP = 152, FP = 23)
class_id = 1, name = dog, ap = 71.43%   	 (TP = 153, FP = 53)
class_id = 2, name = cat, ap = 70.08%   	 (TP = 176, FP = 45)
(next mAP calculation at 11592 iterations)
class_id = 0, name = person, ap = 79.24%   	 (TP = 153, FP = 31)
class_id = 1, name = dog, ap = 76.00%   	 (TP = 173, FP = 49)
class_id = 2, name = cat, ap = 74.44%   	 (TP = 192, FP = 47)
(next mAP calculation at 13524 iterations)
class_id = 0, name = person, ap = 79.17%   	 (TP = 152, FP = 29)
class_id = 1, name = dog, ap = 75.70%   	 (TP = 174, FP = 52)
class_id = 2, name = cat, ap = 75.12%   	 (TP = 196, FP = 43)