(next mAP calculation at 4506 iterations) ]2;1/100000: loss=710.1 hours left=-1.0
class_id = 0, name = person, ap = 52.62%   	 (TP = 53, FP = 20)
class_id = 1, name = dog, ap = 26.13%   	 (TP = 1, FP = 0)
class_id = 2, name = cat, ap = 16.90%   	 (TP = 0, FP = 0)
(next mAP calculation at 9012 iterations)
class_id = 0, name = person, ap = 70.49%   	 (TP = 76, FP = 2)
class_id = 1, name = dog, ap = 31.55%   	 (TP = 2, FP = 0)
class_id = 2, name = cat, ap = 28.12%   	 (TP = 0, FP = 0)
(next mAP calculation at 13518 iterations)
class_id = 0, name = person, ap = 66.68%   	 (TP = 109, FP = 21)
class_id = 1, name = dog, ap = 43.25%   	 (TP = 8, FP = 6)
class_id = 2, name = cat, ap = 39.95%   	 (TP = 6, FP = 4)
(next mAP calculation at 18024 iterations)
class_id = 0, name = person, ap = 69.83%   	 (TP = 97, FP = 12)
class_id = 1, name = dog, ap = 36.35%   	 (TP = 13, FP = 13)
class_id = 2, name = cat, ap = 41.96%   	 (TP = 8, FP = 2)
(next mAP calculation at 22530 iterations)
class_id = 0, name = person, ap = 70.95%   	 (TP = 123, FP = 18)
class_id = 1, name = dog, ap = 42.91%   	 (TP = 26, FP = 12)
class_id = 2, name = cat, ap = 47.53%   	 (TP = 20, FP = 1)
(next mAP calculation at 27036 iterations)
class_id = 0, name = person, ap = 68.81%   	 (TP = 116, FP = 29)
class_id = 1, name = dog, ap = 47.77%   	 (TP = 24, FP = 15)
class_id = 2, name = cat, ap = 54.72%   	 (TP = 20, FP = 6)
(next mAP calculation at 31542 iterations)
class_id = 0, name = person, ap = 74.37%   	 (TP = 128, FP = 9)
class_id = 1, name = dog, ap = 51.58%   	 (TP = 43, FP = 25)
class_id = 2, name = cat, ap = 53.46%   	 (TP = 67, FP = 23)
(next mAP calculation at 36048 iterations)
class_id = 0, name = person, ap = 69.94%   	 (TP = 118, FP = 19)
class_id = 1, name = dog, ap = 49.66%   	 (TP = 33, FP = 16)
class_id = 2, name = cat, ap = 52.87%   	 (TP = 48, FP = 8)
(next mAP calculation at 40554 iterations)
class_id = 0, name = person, ap = 74.86%   	 (TP = 91, FP = 5)
class_id = 1, name = dog, ap = 59.29%   	 (TP = 12, FP = 7)
class_id = 2, name = cat, ap = 52.76%   	 (TP = 49, FP = 12)
(next mAP calculation at 45060 iterations)
class_id = 0, name = person, ap = 75.64%   	 (TP = 135, FP = 20)
class_id = 1, name = dog, ap = 41.09%   	 (TP = 46, FP = 46)
class_id = 2, name = cat, ap = 55.55%   	 (TP = 63, FP = 15)
(next mAP calculation at 49566 iterations)
class_id = 0, name = person, ap = 65.91%   	 (TP = 127, FP = 54)
class_id = 1, name = dog, ap = 54.71%   	 (TP = 54, FP = 15)
class_id = 2, name = cat, ap = 51.93%   	 (TP = 48, FP = 14)
(next mAP calculation at 54072 iterations)
class_id = 0, name = person, ap = 73.52%   	 (TP = 134, FP = 21)
class_id = 1, name = dog, ap = 49.23%   	 (TP = 36, FP = 20)
class_id = 2, name = cat, ap = 61.11%   	 (TP = 75, FP = 4)
(next mAP calculation at 58578 iterations)
class_id = 0, name = person, ap = 70.51%   	 (TP = 136, FP = 32)
class_id = 1, name = dog, ap = 57.40%   	 (TP = 39, FP = 8)
class_id = 2, name = cat, ap = 59.19%   	 (TP = 63, FP = 5)
(next mAP calculation at 63084 iterations)
class_id = 0, name = person, ap = 72.78%   	 (TP = 131, FP = 15)
class_id = 1, name = dog, ap = 55.99%   	 (TP = 33, FP = 17)
class_id = 2, name = cat, ap = 52.04%   	 (TP = 61, FP = 11)
(next mAP calculation at 67590 iterations)
class_id = 0, name = person, ap = 68.49%   	 (TP = 131, FP = 40)
class_id = 1, name = dog, ap = 61.75%   	 (TP = 53, FP = 18)
class_id = 2, name = cat, ap = 53.84%   	 (TP = 106, FP = 57)
(next mAP calculation at 72096 iterations)
class_id = 0, name = person, ap = 74.62%   	 (TP = 126, FP = 13)
class_id = 1, name = dog, ap = 56.54%   	 (TP = 43, FP = 17)
class_id = 2, name = cat, ap = 53.09%   	 (TP = 72, FP = 23)
(next mAP calculation at 76602 iterations)
class_id = 0, name = person, ap = 70.19%   	 (TP = 121, FP = 32)
class_id = 1, name = dog, ap = 57.56%   	 (TP = 70, FP = 28)
class_id = 2, name = cat, ap = 48.86%   	 (TP = 67, FP = 33)
(next mAP calculation at 81108 iterations)
class_id = 0, name = person, ap = 73.41%   	 (TP = 137, FP = 29)
class_id = 1, name = dog, ap = 67.55%   	 (TP = 86, FP = 18)
class_id = 2, name = cat, ap = 55.48%   	 (TP = 115, FP = 49)
(next mAP calculation at 85614 iterations)
class_id = 0, name = person, ap = 71.98%   	 (TP = 142, FP = 28)
class_id = 1, name = dog, ap = 68.61%   	 (TP = 94, FP = 29)
class_id = 2, name = cat, ap = 56.72%   	 (TP = 119, FP = 50)
(next mAP calculation at 90120 iterations)
class_id = 0, name = person, ap = 71.77%   	 (TP = 137, FP = 26)
class_id = 1, name = dog, ap = 65.25%   	 (TP = 90, FP = 36)
class_id = 2, name = cat, ap = 59.82%   	 (TP = 124, FP = 47)
(next mAP calculation at 94626 iterations)
class_id = 0, name = person, ap = 71.81%   	 (TP = 141, FP = 28)
class_id = 1, name = dog, ap = 67.69%   	 (TP = 97, FP = 32)
class_id = 2, name = cat, ap = 58.09%   	 (TP = 119, FP = 49)
(next mAP calculation at 99132 iterations)
class_id = 0, name = person, ap = 72.35%   	 (TP = 142, FP = 29)
class_id = 1, name = dog, ap = 66.83%   	 (TP = 91, FP = 27)
class_id = 2, name = cat, ap = 60.79%   	 (TP = 112, FP = 38)
(next mAP calculation at 103638 iterations)
class_id = 0, name = person, ap = 72.37%   	 (TP = 142, FP = 27)
class_id = 1, name = dog, ap = 67.02%   	 (TP = 98, FP = 26)
class_id = 2, name = cat, ap = 58.21%   	 (TP = 124, FP = 52)