(next mAP calculation at 1000 iterations) ]2;1/50000: loss=202.4 hours left=-1.0
class_id = 0, name = person, ap = 24.85%   	 (TP = 35, FP = 30)
class_id = 1, name = dog, ap = 11.10%   	 (TP = 0, FP = 0)
class_id = 2, name = cat, ap = 9.27%   	 (TP = 0, FP = 0)
(next mAP calculation at 1431 iterations)
class_id = 0, name = person, ap = 58.97%   	 (TP = 91, FP = 42)
class_id = 1, name = dog, ap = 21.13%   	 (TP = 0, FP = 0)
class_id = 2, name = cat, ap = 28.96%   	 (TP = 2, FP = 0)
(next mAP calculation at 1862 iterations)
class_id = 0, name = person, ap = 66.10%   	 (TP = 97, FP = 5)
class_id = 1, name = dog, ap = 15.64%   	 (TP = 5, FP = 13)
class_id = 2, name = cat, ap = 37.08%   	 (TP = 14, FP = 7)
(next mAP calculation at 2293 iterations)
class_id = 0, name = person, ap = 63.74%   	 (TP = 106, FP = 31)
class_id = 1, name = dog, ap = 28.52%   	 (TP = 22, FP = 30)
class_id = 2, name = cat, ap = 44.99%   	 (TP = 19, FP = 2)
(next mAP calculation at 2724 iterations)
class_id = 0, name = person, ap = 65.41%   	 (TP = 123, FP = 24)
class_id = 1, name = dog, ap = 37.60%   	 (TP = 50, FP = 76)
class_id = 2, name = cat, ap = 36.84%   	 (TP = 73, FP = 62)
(next mAP calculation at 3155 iterations)
class_id = 0, name = person, ap = 69.96%   	 (TP = 143, FP = 69)
class_id = 1, name = dog, ap = 33.04%   	 (TP = 18, FP = 5)
class_id = 2, name = cat, ap = 49.11%   	 (TP = 42, FP = 13)
(next mAP calculation at 3586 iterations)
class_id = 0, name = person, ap = 68.70%   	 (TP = 126, FP = 36)
class_id = 1, name = dog, ap = 34.03%   	 (TP = 62, FP = 96)
class_id = 2, name = cat, ap = 48.24%   	 (TP = 35, FP = 4)
(next mAP calculation at 4017 iterations)
class_id = 0, name = person, ap = 73.02%   	 (TP = 144, FP = 71)
class_id = 1, name = dog, ap = 31.35%   	 (TP = 12, FP = 9)
class_id = 2, name = cat, ap = 44.94%   	 (TP = 71, FP = 43)
(next mAP calculation at 4448 iterations)
class_id = 0, name = person, ap = 71.45%   	 (TP = 132, FP = 33)
class_id = 1, name = dog, ap = 36.46%   	 (TP = 47, FP = 56)
class_id = 2, name = cat, ap = 53.46%   	 (TP = 50, FP = 13)
(next mAP calculation at 4879 iterations)
class_id = 0, name = person, ap = 74.30%   	 (TP = 132, FP = 15)
class_id = 1, name = dog, ap = 37.69%   	 (TP = 34, FP = 11)
class_id = 2, name = cat, ap = 54.30%   	 (TP = 75, FP = 28)
(next mAP calculation at 5310 iterations)
class_id = 0, name = person, ap = 74.71%   	 (TP = 145, FP = 44)
class_id = 1, name = dog, ap = 50.60%   	 (TP = 66, FP = 41)
class_id = 2, name = cat, ap = 55.77%   	 (TP = 65, FP = 16)
(next mAP calculation at 5741 iterations)
class_id = 0, name = person, ap = 75.32%   	 (TP = 151, FP = 53)
class_id = 1, name = dog, ap = 43.95%   	 (TP = 60, FP = 49)
class_id = 2, name = cat, ap = 48.54%   	 (TP = 34, FP = 12)
(next mAP calculation at 6172 iterations)
class_id = 0, name = person, ap = 74.13%   	 (TP = 140, FP = 41)
class_id = 1, name = dog, ap = 41.88%   	 (TP = 63, FP = 73)
class_id = 2, name = cat, ap = 51.14%   	 (TP = 42, FP = 8)
(next mAP calculation at 6603 iterations)
class_id = 0, name = person, ap = 69.37%   	 (TP = 125, FP = 28)
class_id = 1, name = dog, ap = 36.66%   	 (TP = 66, FP = 111)
class_id = 2, name = cat, ap = 44.66%   	 (TP = 35, FP = 5)
(next mAP calculation at 7034 iterations)
class_id = 0, name = person, ap = 76.98%   	 (TP = 137, FP = 10)
class_id = 1, name = dog, ap = 44.76%   	 (TP = 45, FP = 18)
class_id = 2, name = cat, ap = 50.38%   	 (TP = 119, FP = 80)
(next mAP calculation at 7465 iterations)
class_id = 0, name = person, ap = 76.88%   	 (TP = 138, FP = 28)
class_id = 1, name = dog, ap = 44.90%   	 (TP = 51, FP = 41)
class_id = 2, name = cat, ap = 51.03%   	 (TP = 93, FP = 50)
(next mAP calculation at 7896 iterations)
class_id = 0, name = person, ap = 77.75%   	 (TP = 142, FP = 19)
class_id = 1, name = dog, ap = 52.08%   	 (TP = 61, FP = 32)
class_id = 2, name = cat, ap = 53.44%   	 (TP = 66, FP = 34)
(next mAP calculation at 8327 iterations)
class_id = 0, name = person, ap = 78.43%   	 (TP = 137, FP = 16)
class_id = 1, name = dog, ap = 40.92%   	 (TP = 60, FP = 47)
class_id = 2, name = cat, ap = 60.54%   	 (TP = 92, FP = 21)
(next mAP calculation at 8758 iterations)
class_id = 0, name = person, ap = 75.26%   	 (TP = 130, FP = 13)
class_id = 1, name = dog, ap = 45.35%   	 (TP = 89, FP = 78)
class_id = 2, name = cat, ap = 54.26%   	 (TP = 47, FP = 9)
(next mAP calculation at 9189 iterations)
class_id = 0, name = person, ap = 77.66%   	 (TP = 145, FP = 27)
class_id = 1, name = dog, ap = 39.81%   	 (TP = 58, FP = 38)
class_id = 2, name = cat, ap = 55.56%   	 (TP = 70, FP = 31)
(next mAP calculation at 9620 iterations)
class_id = 0, name = person, ap = 75.93%   	 (TP = 132, FP = 10)
class_id = 1, name = dog, ap = 37.20%   	 (TP = 60, FP = 44)
class_id = 2, name = cat, ap = 57.78%   	 (TP = 69, FP = 21)
(next mAP calculation at 10051 iterations)
class_id = 0, name = person, ap = 76.04%   	 (TP = 127, FP = 16)
class_id = 1, name = dog, ap = 55.40%   	 (TP = 64, FP = 26)
class_id = 2, name = cat, ap = 56.98%   	 (TP = 107, FP = 43)
(next mAP calculation at 10482 iterations)
class_id = 0, name = person, ap = 78.45%   	 (TP = 145, FP = 31)
class_id = 1, name = dog, ap = 46.88%   	 (TP = 44, FP = 5)
class_id = 2, name = cat, ap = 57.03%   	 (TP = 73, FP = 22)
(next mAP calculation at 10913 iterations)
class_id = 0, name = person, ap = 77.33%   	 (TP = 146, FP = 37)
class_id = 1, name = dog, ap = 51.87%   	 (TP = 63, FP = 22)
class_id = 2, name = cat, ap = 63.42%   	 (TP = 115, FP = 39)
(next mAP calculation at 11344 iterations)
class_id = 0, name = person, ap = 79.53%   	 (TP = 145, FP = 21)
class_id = 1, name = dog, ap = 52.51%   	 (TP = 53, FP = 9)
class_id = 2, name = cat, ap = 58.29%   	 (TP = 109, FP = 47)
(next mAP calculation at 11775 iterations)
class_id = 0, name = person, ap = 74.30%   	 (TP = 136, FP = 47)
class_id = 1, name = dog, ap = 55.14%   	 (TP = 67, FP = 17)
class_id = 2, name = cat, ap = 64.19%   	 (TP = 99, FP = 23)
(next mAP calculation at 12206 iterations)
class_id = 0, name = person, ap = 78.05%   	 (TP = 141, FP = 18)
class_id = 1, name = dog, ap = 43.17%   	 (TP = 55, FP = 21)
class_id = 2, name = cat, ap = 54.40%   	 (TP = 93, FP = 48)
(next mAP calculation at 12637 iterations)
class_id = 0, name = person, ap = 78.67%   	 (TP = 139, FP = 11)
class_id = 1, name = dog, ap = 43.05%   	 (TP = 62, FP = 58)
class_id = 2, name = cat, ap = 63.98%   	 (TP = 97, FP = 25)
(next mAP calculation at 13068 iterations)
class_id = 0, name = person, ap = 77.05%   	 (TP = 144, FP = 20)
class_id = 1, name = dog, ap = 51.99%   	 (TP = 50, FP = 4)
class_id = 2, name = cat, ap = 61.42%   	 (TP = 105, FP = 31)
(next mAP calculation at 13499 iterations)
class_id = 0, name = person, ap = 76.59%   	 (TP = 144, FP = 32)
class_id = 1, name = dog, ap = 46.72%   	 (TP = 52, FP = 13)
class_id = 2, name = cat, ap = 62.36%   	 (TP = 103, FP = 34)
(next mAP calculation at 13930 iterations)
class_id = 0, name = person, ap = 77.38%   	 (TP = 153, FP = 45)
class_id = 1, name = dog, ap = 52.46%   	 (TP = 68, FP = 38)
class_id = 2, name = cat, ap = 56.94%   	 (TP = 78, FP = 26)
(next mAP calculation at 14361 iterations)
class_id = 0, name = person, ap = 77.94%   	 (TP = 138, FP = 16)
class_id = 1, name = dog, ap = 52.92%   	 (TP = 67, FP = 21)
class_id = 2, name = cat, ap = 61.09%   	 (TP = 105, FP = 41)
(next mAP calculation at 14792 iterations)
class_id = 0, name = person, ap = 76.54%   	 (TP = 144, FP = 20)
class_id = 1, name = dog, ap = 43.95%   	 (TP = 57, FP = 24)
class_id = 2, name = cat, ap = 58.80%   	 (TP = 87, FP = 32)
(next mAP calculation at 15223 iterations)
class_id = 0, name = person, ap = 77.92%   	 (TP = 147, FP = 15)
class_id = 1, name = dog, ap = 47.91%   	 (TP = 64, FP = 29)
class_id = 2, name = cat, ap = 59.77%   	 (TP = 83, FP = 24)
(next mAP calculation at 15654 iterations)
class_id = 0, name = person, ap = 77.81%   	 (TP = 146, FP = 19)
class_id = 1, name = dog, ap = 41.93%   	 (TP = 55, FP = 29)
class_id = 2, name = cat, ap = 56.28%   	 (TP = 87, FP = 31)
(next mAP calculation at 16085 iterations)
class_id = 0, name = person, ap = 78.15%   	 (TP = 151, FP = 49)
class_id = 1, name = dog, ap = 48.16%   	 (TP = 60, FP = 25)
class_id = 2, name = cat, ap = 53.66%   	 (TP = 75, FP = 51)
(next mAP calculation at 16516 iterations)
class_id = 0, name = person, ap = 77.84%   	 (TP = 144, FP = 23)
class_id = 1, name = dog, ap = 46.30%   	 (TP = 57, FP = 23)
class_id = 2, name = cat, ap = 58.21%   	 (TP = 113, FP = 60)
(next mAP calculation at 16947 iterations)
class_id = 0, name = person, ap = 77.69%   	 (TP = 148, FP = 38)
class_id = 1, name = dog, ap = 53.29%   	 (TP = 65, FP = 18)
class_id = 2, name = cat, ap = 52.22%   	 (TP = 91, FP = 45)
(next mAP calculation at 17378 iterations)
class_id = 0, name = person, ap = 79.35%   	 (TP = 147, FP = 18)
class_id = 1, name = dog, ap = 46.48%   	 (TP = 65, FP = 44)
class_id = 2, name = cat, ap = 56.07%   	 (TP = 82, FP = 25)
(next mAP calculation at 17809 iterations)
class_id = 0, name = person, ap = 78.24%   	 (TP = 139, FP = 16)
class_id = 1, name = dog, ap = 50.40%   	 (TP = 64, FP = 52)
class_id = 2, name = cat, ap = 60.45%   	 (TP = 101, FP = 38)
(next mAP calculation at 18240 iterations)
class_id = 0, name = person, ap = 79.32%   	 (TP = 140, FP = 20)
class_id = 1, name = dog, ap = 48.49%   	 (TP = 82, FP = 76)
class_id = 2, name = cat, ap = 57.75%   	 (TP = 87, FP = 19)
(next mAP calculation at 18671 iterations)
class_id = 0, name = person, ap = 78.82%   	 (TP = 155, FP = 29)
class_id = 1, name = dog, ap = 44.84%   	 (TP = 52, FP = 7)
class_id = 2, name = cat, ap = 55.23%   	 (TP = 84, FP = 34)
(next mAP calculation at 19102 iterations)
class_id = 0, name = person, ap = 78.89%   	 (TP = 149, FP = 25)
class_id = 1, name = dog, ap = 47.82%   	 (TP = 62, FP = 38)
class_id = 2, name = cat, ap = 55.60%   	 (TP = 73, FP = 26)
(next mAP calculation at 19533 iterations)
class_id = 0, name = person, ap = 81.76%   	 (TP = 150, FP = 20)
class_id = 1, name = dog, ap = 54.30%   	 (TP = 76, FP = 42)
class_id = 2, name = cat, ap = 64.30%   	 (TP = 107, FP = 36)
(next mAP calculation at 19964 iterations)
class_id = 0, name = person, ap = 77.92%   	 (TP = 128, FP = 9)
class_id = 1, name = dog, ap = 43.59%   	 (TP = 58, FP = 41)
class_id = 2, name = cat, ap = 52.95%   	 (TP = 103, FP = 63)
(next mAP calculation at 20395 iterations)
class_id = 0, name = person, ap = 78.40%   	 (TP = 150, FP = 17)
class_id = 1, name = dog, ap = 53.17%   	 (TP = 54, FP = 8)
class_id = 2, name = cat, ap = 63.97%   	 (TP = 114, FP = 45)
(next mAP calculation at 20826 iterations)
class_id = 0, name = person, ap = 78.66%   	 (TP = 144, FP = 15)
class_id = 1, name = dog, ap = 50.95%   	 (TP = 62, FP = 38)
class_id = 2, name = cat, ap = 61.98%   	 (TP = 108, FP = 34)
(next mAP calculation at 21257 iterations)
class_id = 0, name = person, ap = 78.01%   	 (TP = 139, FP = 14)
class_id = 1, name = dog, ap = 48.87%   	 (TP = 77, FP = 66)
class_id = 2, name = cat, ap = 50.71%   	 (TP = 86, FP = 29)
(next mAP calculation at 21688 iterations)
class_id = 0, name = person, ap = 76.02%   	 (TP = 142, FP = 46)
class_id = 1, name = dog, ap = 45.47%   	 (TP = 54, FP = 20)
class_id = 2, name = cat, ap = 57.85%   	 (TP = 72, FP = 14)
(next mAP calculation at 22119 iterations)
class_id = 0, name = person, ap = 79.21%   	 (TP = 151, FP = 38)
class_id = 1, name = dog, ap = 52.12%   	 (TP = 54, FP = 9)
class_id = 2, name = cat, ap = 60.28%   	 (TP = 104, FP = 33)
(next mAP calculation at 22550 iterations)
class_id = 0, name = person, ap = 78.17%   	 (TP = 143, FP = 14)
class_id = 1, name = dog, ap = 49.08%   	 (TP = 72, FP = 59)
class_id = 2, name = cat, ap = 65.13%   	 (TP = 111, FP = 30)
(next mAP calculation at 22981 iterations)
class_id = 0, name = person, ap = 82.20%   	 (TP = 160, FP = 19)
class_id = 1, name = dog, ap = 50.25%   	 (TP = 59, FP = 18)
class_id = 2, name = cat, ap = 59.80%   	 (TP = 83, FP = 24)
(next mAP calculation at 23412 iterations)
class_id = 0, name = person, ap = 77.48%   	 (TP = 149, FP = 32)
class_id = 1, name = dog, ap = 51.38%   	 (TP = 67, FP = 29)
class_id = 2, name = cat, ap = 58.31%   	 (TP = 85, FP = 23)
(next mAP calculation at 23843 iterations)
class_id = 0, name = person, ap = 76.33%   	 (TP = 148, FP = 24)
class_id = 1, name = dog, ap = 54.64%   	 (TP = 62, FP = 21)
class_id = 2, name = cat, ap = 64.22%   	 (TP = 112, FP = 36)
(next mAP calculation at 24274 iterations)
class_id = 0, name = person, ap = 80.04%   	 (TP = 148, FP = 17)
class_id = 1, name = dog, ap = 52.34%   	 (TP = 66, FP = 49)
class_id = 2, name = cat, ap = 55.87%   	 (TP = 92, FP = 35)
(next mAP calculation at 24705 iterations)
class_id = 0, name = person, ap = 78.50%   	 (TP = 155, FP = 63)
class_id = 1, name = dog, ap = 55.40%   	 (TP = 76, FP = 38)
class_id = 2, name = cat, ap = 63.44%   	 (TP = 92, FP = 18)
(next mAP calculation at 25136 iterations)
class_id = 0, name = person, ap = 80.64%   	 (TP = 154, FP = 40)
class_id = 1, name = dog, ap = 55.48%   	 (TP = 68, FP = 14)
class_id = 2, name = cat, ap = 58.73%   	 (TP = 103, FP = 48)
(next mAP calculation at 25567 iterations)
class_id = 0, name = person, ap = 79.35%   	 (TP = 154, FP = 50)
class_id = 1, name = dog, ap = 54.91%   	 (TP = 66, FP = 28)
class_id = 2, name = cat, ap = 70.67%   	 (TP = 119, FP = 24)
(next mAP calculation at 25998 iterations)
class_id = 0, name = person, ap = 82.10%   	 (TP = 158, FP = 50)
class_id = 1, name = dog, ap = 55.56%   	 (TP = 76, FP = 66)
class_id = 2, name = cat, ap = 55.84%   	 (TP = 62, FP = 20)
(next mAP calculation at 26429 iterations)
class_id = 0, name = person, ap = 80.61%   	 (TP = 155, FP = 29)
class_id = 1, name = dog, ap = 49.89%   	 (TP = 72, FP = 57)
class_id = 2, name = cat, ap = 60.20%   	 (TP = 102, FP = 25)
(next mAP calculation at 26860 iterations)
class_id = 0, name = person, ap = 80.67%   	 (TP = 155, FP = 24)
class_id = 1, name = dog, ap = 53.57%   	 (TP = 64, FP = 25)
class_id = 2, name = cat, ap = 63.83%   	 (TP = 116, FP = 44)
(next mAP calculation at 27291 iterations)
class_id = 0, name = person, ap = 80.21%   	 (TP = 151, FP = 37)
class_id = 1, name = dog, ap = 51.11%   	 (TP = 69, FP = 46)
class_id = 2, name = cat, ap = 62.43%   	 (TP = 102, FP = 24)
(next mAP calculation at 27722 iterations)
class_id = 0, name = person, ap = 79.66%   	 (TP = 152, FP = 18)
class_id = 1, name = dog, ap = 54.39%   	 (TP = 85, FP = 68)
class_id = 2, name = cat, ap = 63.73%   	 (TP = 99, FP = 19)
(next mAP calculation at 28153 iterations)
class_id = 0, name = person, ap = 77.42%   	 (TP = 148, FP = 47)
class_id = 1, name = dog, ap = 58.12%   	 (TP = 79, FP = 42)
class_id = 2, name = cat, ap = 65.74%   	 (TP = 102, FP = 13)
(next mAP calculation at 28584 iterations)
class_id = 0, name = person, ap = 80.61%   	 (TP = 150, FP = 17)
class_id = 1, name = dog, ap = 52.16%   	 (TP = 62, FP = 29)
class_id = 2, name = cat, ap = 49.26%   	 (TP = 100, FP = 54)
(next mAP calculation at 29015 iterations)
class_id = 0, name = person, ap = 80.59%   	 (TP = 154, FP = 48)
class_id = 1, name = dog, ap = 57.60%   	 (TP = 66, FP = 12)
class_id = 2, name = cat, ap = 64.29%   	 (TP = 106, FP = 37)
(next mAP calculation at 29446 iterations)
class_id = 0, name = person, ap = 80.24%   	 (TP = 156, FP = 47)
class_id = 1, name = dog, ap = 59.56%   	 (TP = 73, FP = 13)
class_id = 2, name = cat, ap = 64.14%   	 (TP = 94, FP = 24)
(next mAP calculation at 29877 iterations)
class_id = 0, name = person, ap = 79.11%   	 (TP = 149, FP = 37)
class_id = 1, name = dog, ap = 62.55%   	 (TP = 68, FP = 12)
class_id = 2, name = cat, ap = 58.42%   	 (TP = 106, FP = 52)
(next mAP calculation at 30308 iterations)
class_id = 0, name = person, ap = 78.37%   	 (TP = 149, FP = 18)
class_id = 1, name = dog, ap = 49.43%   	 (TP = 67, FP = 57)
class_id = 2, name = cat, ap = 66.26%   	 (TP = 106, FP = 27)
(next mAP calculation at 30739 iterations)
class_id = 0, name = person, ap = 78.80%   	 (TP = 156, FP = 31)
class_id = 1, name = dog, ap = 48.34%   	 (TP = 68, FP = 46)
class_id = 2, name = cat, ap = 55.82%   	 (TP = 83, FP = 23)
(next mAP calculation at 31170 iterations)
class_id = 0, name = person, ap = 80.02%   	 (TP = 158, FP = 33)
class_id = 1, name = dog, ap = 56.73%   	 (TP = 70, FP = 39)
class_id = 2, name = cat, ap = 58.46%   	 (TP = 93, FP = 36)
(next mAP calculation at 31601 iterations)
class_id = 0, name = person, ap = 79.40%   	 (TP = 157, FP = 27)
class_id = 1, name = dog, ap = 56.59%   	 (TP = 76, FP = 52)
class_id = 2, name = cat, ap = 67.03%   	 (TP = 97, FP = 14)
(next mAP calculation at 32032 iterations)
class_id = 0, name = person, ap = 80.54%   	 (TP = 143, FP = 21)
class_id = 1, name = dog, ap = 58.80%   	 (TP = 78, FP = 50)
class_id = 2, name = cat, ap = 63.78%   	 (TP = 99, FP = 30)
(next mAP calculation at 32463 iterations)
class_id = 0, name = person, ap = 77.93%   	 (TP = 153, FP = 24)
class_id = 1, name = dog, ap = 52.96%   	 (TP = 68, FP = 34)
class_id = 2, name = cat, ap = 66.16%   	 (TP = 102, FP = 30)
(next mAP calculation at 32894 iterations)
class_id = 0, name = person, ap = 80.12%   	 (TP = 161, FP = 37)
class_id = 1, name = dog, ap = 53.43%   	 (TP = 70, FP = 29)
class_id = 2, name = cat, ap = 64.33%   	 (TP = 116, FP = 27)
(next mAP calculation at 33325 iterations)
class_id = 0, name = person, ap = 79.18%   	 (TP = 159, FP = 31)
class_id = 1, name = dog, ap = 54.15%   	 (TP = 76, FP = 42)
class_id = 2, name = cat, ap = 61.74%   	 (TP = 95, FP = 23)
(next mAP calculation at 33756 iterations)
class_id = 0, name = person, ap = 80.68%   	 (TP = 156, FP = 34)
class_id = 1, name = dog, ap = 49.31%   	 (TP = 57, FP = 22)
class_id = 2, name = cat, ap = 61.52%   	 (TP = 123, FP = 53)
(next mAP calculation at 34187 iterations)
class_id = 0, name = person, ap = 82.39%   	 (TP = 161, FP = 26)
class_id = 1, name = dog, ap = 56.09%   	 (TP = 72, FP = 36)
class_id = 2, name = cat, ap = 65.63%   	 (TP = 116, FP = 37)
(next mAP calculation at 34618 iterations)
class_id = 0, name = person, ap = 77.37%   	 (TP = 152, FP = 60)
class_id = 1, name = dog, ap = 54.78%   	 (TP = 71, FP = 41)
class_id = 2, name = cat, ap = 57.73%   	 (TP = 92, FP = 31)
(next mAP calculation at 35049 iterations)
class_id = 0, name = person, ap = 79.99%   	 (TP = 159, FP = 50)
class_id = 1, name = dog, ap = 52.53%   	 (TP = 62, FP = 28)
class_id = 2, name = cat, ap = 59.71%   	 (TP = 94, FP = 33)
(next mAP calculation at 35480 iterations)
class_id = 0, name = person, ap = 81.66%   	 (TP = 158, FP = 19)
class_id = 1, name = dog, ap = 46.95%   	 (TP = 67, FP = 78)
class_id = 2, name = cat, ap = 52.05%   	 (TP = 68, FP = 28)
(next mAP calculation at 35911 iterations)
class_id = 0, name = person, ap = 81.84%   	 (TP = 156, FP = 39)
class_id = 1, name = dog, ap = 53.34%   	 (TP = 66, FP = 46)
class_id = 2, name = cat, ap = 60.03%   	 (TP = 103, FP = 29)
(next mAP calculation at 36342 iterations)
class_id = 0, name = person, ap = 81.36%   	 (TP = 153, FP = 23)
class_id = 1, name = dog, ap = 45.47%   	 (TP = 52, FP = 14)
class_id = 2, name = cat, ap = 60.58%   	 (TP = 122, FP = 71)
(next mAP calculation at 36773 iterations)
class_id = 0, name = person, ap = 80.54%   	 (TP = 153, FP = 28)
class_id = 1, name = dog, ap = 55.36%   	 (TP = 72, FP = 32)
class_id = 2, name = cat, ap = 66.97%   	 (TP = 113, FP = 26)
(next mAP calculation at 37204 iterations)
class_id = 0, name = person, ap = 82.61%   	 (TP = 160, FP = 57)
class_id = 1, name = dog, ap = 51.56%   	 (TP = 56, FP = 21)
class_id = 2, name = cat, ap = 63.09%   	 (TP = 119, FP = 40)
(next mAP calculation at 37635 iterations)
class_id = 0, name = person, ap = 77.51%   	 (TP = 144, FP = 23)
class_id = 1, name = dog, ap = 53.36%   	 (TP = 62, FP = 21)
class_id = 2, name = cat, ap = 67.25%   	 (TP = 120, FP = 25)
(next mAP calculation at 38066 iterations)
class_id = 0, name = person, ap = 78.07%   	 (TP = 151, FP = 40)
class_id = 1, name = dog, ap = 47.68%   	 (TP = 60, FP = 31)
class_id = 2, name = cat, ap = 66.96%   	 (TP = 93, FP = 12)
(next mAP calculation at 38497 iterations)
class_id = 0, name = person, ap = 78.56%   	 (TP = 150, FP = 41)
class_id = 1, name = dog, ap = 52.37%   	 (TP = 72, FP = 50)
class_id = 2, name = cat, ap = 59.79%   	 (TP = 91, FP = 24)
(next mAP calculation at 38928 iterations)
class_id = 0, name = person, ap = 79.92%   	 (TP = 161, FP = 38)
class_id = 1, name = dog, ap = 54.31%   	 (TP = 62, FP = 13)
class_id = 2, name = cat, ap = 59.42%   	 (TP = 119, FP = 82)
(next mAP calculation at 39359 iterations)
class_id = 0, name = person, ap = 80.09%   	 (TP = 161, FP = 41)
class_id = 1, name = dog, ap = 52.26%   	 (TP = 67, FP = 22)
class_id = 2, name = cat, ap = 66.47%   	 (TP = 113, FP = 32)
(next mAP calculation at 39790 iterations)
class_id = 0, name = person, ap = 78.28%   	 (TP = 142, FP = 29)
class_id = 1, name = dog, ap = 56.54%   	 (TP = 73, FP = 22)
class_id = 2, name = cat, ap = 67.02%   	 (TP = 121, FP = 31)
(next mAP calculation at 40221 iterations)
class_id = 0, name = person, ap = 80.79%   	 (TP = 156, FP = 32)
class_id = 1, name = dog, ap = 51.86%   	 (TP = 69, FP = 36)
class_id = 2, name = cat, ap = 63.74%   	 (TP = 101, FP = 24)
(next mAP calculation at 40652 iterations)
class_id = 0, name = person, ap = 81.56%   	 (TP = 156, FP = 25)
class_id = 1, name = dog, ap = 53.11%   	 (TP = 68, FP = 28)
class_id = 2, name = cat, ap = 63.14%   	 (TP = 110, FP = 34)
(next mAP calculation at 41083 iterations)
class_id = 0, name = person, ap = 81.89%   	 (TP = 157, FP = 28)
class_id = 1, name = dog, ap = 56.44%   	 (TP = 75, FP = 38)
class_id = 2, name = cat, ap = 66.76%   	 (TP = 110, FP = 26)
(next mAP calculation at 41514 iterations)
class_id = 0, name = person, ap = 81.88%   	 (TP = 157, FP = 29)
class_id = 1, name = dog, ap = 56.16%   	 (TP = 72, FP = 35)
class_id = 2, name = cat, ap = 66.68%   	 (TP = 115, FP = 29)
(next mAP calculation at 41945 iterations)
class_id = 0, name = person, ap = 82.11%   	 (TP = 159, FP = 24)
class_id = 1, name = dog, ap = 57.49%   	 (TP = 75, FP = 34)
class_id = 2, name = cat, ap = 64.12%   	 (TP = 109, FP = 34)
(next mAP calculation at 42376 iterations)
class_id = 0, name = person, ap = 81.62%   	 (TP = 156, FP = 28)
class_id = 1, name = dog, ap = 59.78%   	 (TP = 77, FP = 36)
class_id = 2, name = cat, ap = 65.45%   	 (TP = 109, FP = 28)
(next mAP calculation at 42807 iterations)
class_id = 0, name = person, ap = 81.51%   	 (TP = 160, FP = 31)
class_id = 1, name = dog, ap = 56.80%   	 (TP = 75, FP = 33)
class_id = 2, name = cat, ap = 64.85%   	 (TP = 106, FP = 27)
(next mAP calculation at 43238 iterations)
class_id = 0, name = person, ap = 81.98%   	 (TP = 158, FP = 20)
class_id = 1, name = dog, ap = 55.99%   	 (TP = 74, FP = 28)
class_id = 2, name = cat, ap = 65.61%   	 (TP = 107, FP = 33)
(next mAP calculation at 43669 iterations)
class_id = 0, name = person, ap = 82.17%   	 (TP = 160, FP = 27)
class_id = 1, name = dog, ap = 56.15%   	 (TP = 76, FP = 33)
class_id = 2, name = cat, ap = 65.52%   	 (TP = 106, FP = 25)
(next mAP calculation at 44100 iterations)
class_id = 0, name = person, ap = 81.27%   	 (TP = 158, FP = 27)
class_id = 1, name = dog, ap = 58.80%   	 (TP = 77, FP = 30)
class_id = 2, name = cat, ap = 65.03%   	 (TP = 106, FP = 31)
(next mAP calculation at 44531 iterations)
class_id = 0, name = person, ap = 81.04%   	 (TP = 157, FP = 26)
class_id = 1, name = dog, ap = 54.25%   	 (TP = 72, FP = 26)
class_id = 2, name = cat, ap = 65.23%   	 (TP = 113, FP = 40)
(next mAP calculation at 44962 iterations)
class_id = 0, name = person, ap = 80.95%   	 (TP = 156, FP = 21)
class_id = 1, name = dog, ap = 57.68%   	 (TP = 75, FP = 31)
class_id = 2, name = cat, ap = 67.18%   	 (TP = 103, FP = 28)
(next mAP calculation at 45393 iterations)
class_id = 0, name = person, ap = 80.77%   	 (TP = 157, FP = 27)
class_id = 1, name = dog, ap = 57.23%   	 (TP = 74, FP = 28)
class_id = 2, name = cat, ap = 68.78%   	 (TP = 111, FP = 25)
(next mAP calculation at 45824 iterations)
class_id = 0, name = person, ap = 81.35%   	 (TP = 159, FP = 29)
class_id = 1, name = dog, ap = 56.92%   	 (TP = 74, FP = 28)
class_id = 2, name = cat, ap = 68.23%   	 (TP = 111, FP = 27)
(next mAP calculation at 46255 iterations)
class_id = 0, name = person, ap = 81.36%   	 (TP = 160, FP = 29)
class_id = 1, name = dog, ap = 57.01%   	 (TP = 75, FP = 27)
class_id = 2, name = cat, ap = 68.35%   	 (TP = 111, FP = 29)
(next mAP calculation at 46686 iterations)
class_id = 0, name = person, ap = 81.26%   	 (TP = 159, FP = 27)
class_id = 1, name = dog, ap = 57.64%   	 (TP = 75, FP = 28)
class_id = 2, name = cat, ap = 68.28%   	 (TP = 109, FP = 27)
(next mAP calculation at 47117 iterations)
class_id = 0, name = person, ap = 81.34%   	 (TP = 159, FP = 28)
class_id = 1, name = dog, ap = 56.74%   	 (TP = 74, FP = 30)
class_id = 2, name = cat, ap = 68.84%   	 (TP = 110, FP = 25)
(next mAP calculation at 47548 iterations)
class_id = 0, name = person, ap = 81.22%   	 (TP = 159, FP = 29)
class_id = 1, name = dog, ap = 56.16%   	 (TP = 74, FP = 29)
class_id = 2, name = cat, ap = 68.13%   	 (TP = 109, FP = 25)
(next mAP calculation at 47979 iterations)
class_id = 0, name = person, ap = 81.25%   	 (TP = 159, FP = 27)
class_id = 1, name = dog, ap = 56.54%   	 (TP = 74, FP = 28)
class_id = 2, name = cat, ap = 68.36%   	 (TP = 109, FP = 29)
(next mAP calculation at 48410 iterations)
class_id = 0, name = person, ap = 81.31%   	 (TP = 159, FP = 27)
class_id = 1, name = dog, ap = 56.19%   	 (TP = 74, FP = 28)
class_id = 2, name = cat, ap = 68.08%   	 (TP = 109, FP = 28)
(next mAP calculation at 48841 iterations)
class_id = 0, name = person, ap = 81.43%   	 (TP = 159, FP = 26)
class_id = 1, name = dog, ap = 56.56%   	 (TP = 74, FP = 29)
class_id = 2, name = cat, ap = 67.91%   	 (TP = 108, FP = 30)
(next mAP calculation at 49272 iterations)
class_id = 0, name = person, ap = 81.44%   	 (TP = 161, FP = 26)
class_id = 1, name = dog, ap = 56.27%   	 (TP = 74, FP = 29)
class_id = 2, name = cat, ap = 68.08%   	 (TP = 107, FP = 29)
(next mAP calculation at 49703 iterations)
class_id = 0, name = person, ap = 81.34%   	 (TP = 159, FP = 24)
class_id = 1, name = dog, ap = 56.78%   	 (TP = 74, FP = 31)
class_id = 2, name = cat, ap = 67.46%   	 (TP = 106, FP = 25)
(next mAP calculation at 50134 iterations)
class_id = 0, name = person, ap = 81.14%   	 (TP = 160, FP = 25)
class_id = 1, name = dog, ap = 56.52%   	 (TP = 74, FP = 29)
class_id = 2, name = cat, ap = 67.37%   	 (TP = 106, FP = 28)