(next mAP calculation at 2253 iterations) ]2;1/20000: loss=176.9 hours left=-1.0
class_id = 0, name = person, ap = 49.49%   	 (TP = 96, FP = 84)
class_id = 1, name = dog, ap = 37.73%   	 (TP = 41, FP = 24)
class_id = 2, name = cat, ap = 35.68%   	 (TP = 32, FP = 20)
(next mAP calculation at 4506 iterations)
class_id = 0, name = person, ap = 73.03%   	 (TP = 117, FP = 29)
class_id = 1, name = dog, ap = 51.43%   	 (TP = 48, FP = 11)
class_id = 2, name = cat, ap = 44.84%   	 (TP = 68, FP = 40)
(next mAP calculation at 6759 iterations)
class_id = 0, name = person, ap = 70.65%   	 (TP = 115, FP = 18)
class_id = 1, name = dog, ap = 57.45%   	 (TP = 115, FP = 66)
class_id = 2, name = cat, ap = 62.49%   	 (TP = 164, FP = 81)
(next mAP calculation at 9012 iterations)
class_id = 0, name = person, ap = 73.36%   	 (TP = 144, FP = 52)
class_id = 1, name = dog, ap = 61.58%   	 (TP = 142, FP = 84)
class_id = 2, name = cat, ap = 62.01%   	 (TP = 131, FP = 40)
(next mAP calculation at 11265 iterations)
class_id = 0, name = person, ap = 70.91%   	 (TP = 131, FP = 28)
class_id = 1, name = dog, ap = 56.77%   	 (TP = 129, FP = 95)
class_id = 2, name = cat, ap = 66.91%   	 (TP = 123, FP = 27)
(next mAP calculation at 13518 iterations)
class_id = 0, name = person, ap = 73.68%   	 (TP = 145, FP = 33)
class_id = 1, name = dog, ap = 67.81%   	 (TP = 149, FP = 73)
class_id = 2, name = cat, ap = 68.59%   	 (TP = 185, FP = 70)
(next mAP calculation at 15771 iterations)
class_id = 0, name = person, ap = 75.49%   	 (TP = 147, FP = 44)
class_id = 1, name = dog, ap = 63.21%   	 (TP = 97, FP = 21)
class_id = 2, name = cat, ap = 62.98%   	 (TP = 164, FP = 56)
(next mAP calculation at 18024 iterations)
class_id = 0, name = person, ap = 78.10%   	 (TP = 153, FP = 39)
class_id = 1, name = dog, ap = 71.39%   	 (TP = 159, FP = 58)
class_id = 2, name = cat, ap = 76.19%   	 (TP = 191, FP = 35)
(next mAP calculation at 20277 iterations)
class_id = 0, name = person, ap = 78.22%   	 (TP = 153, FP = 41)
class_id = 1, name = dog, ap = 71.37%   	 (TP = 163, FP = 53)
class_id = 2, name = cat, ap = 75.49%   	 (TP = 191, FP = 33)