(next mAP calculation at 1288 iterations) ]2;1/20000: loss=224.1 hours left=-1.0
class_id = 0, name = person, ap = 46.51%   	 (TP = 83, FP = 63)
class_id = 1, name = dog, ap = 22.73%   	 (TP = 4, FP = 10)
class_id = 2, name = cat, ap = 25.87%   	 (TP = 17, FP = 5)
(next mAP calculation at 2576 iterations)
class_id = 0, name = person, ap = 62.29%   	 (TP = 114, FP = 57)
class_id = 1, name = dog, ap = 36.81%   	 (TP = 108, FP = 158)
class_id = 2, name = cat, ap = 46.84%   	 (TP = 84, FP = 30)
(next mAP calculation at 3864 iterations)
class_id = 0, name = person, ap = 68.18%   	 (TP = 115, FP = 46)
class_id = 1, name = dog, ap = 58.19%   	 (TP = 70, FP = 18)
class_id = 2, name = cat, ap = 52.87%   	 (TP = 140, FP = 74)
(next mAP calculation at 5152 iterations)
class_id = 0, name = person, ap = 70.49%   	 (TP = 126, FP = 45)
class_id = 1, name = dog, ap = 54.50%   	 (TP = 116, FP = 62)
class_id = 2, name = cat, ap = 59.45%   	 (TP = 169, FP = 97)
(next mAP calculation at 6440 iterations)
class_id = 0, name = person, ap = 71.79%   	 (TP = 144, FP = 64)
class_id = 1, name = dog, ap = 58.99%   	 (TP = 127, FP = 70)
class_id = 2, name = cat, ap = 56.24%   	 (TP = 120, FP = 44)
(next mAP calculation at 7728 iterations)
class_id = 0, name = person, ap = 72.89%   	 (TP = 133, FP = 25)
class_id = 1, name = dog, ap = 60.55%   	 (TP = 129, FP = 57)
class_id = 2, name = cat, ap = 63.75%   	 (TP = 154, FP = 59)
(next mAP calculation at 9016 iterations)
class_id = 0, name = person, ap = 70.84%   	 (TP = 137, FP = 51)
class_id = 1, name = dog, ap = 62.44%   	 (TP = 117, FP = 43)
class_id = 2, name = cat, ap = 65.31%   	 (TP = 161, FP = 67)
(next mAP calculation at 10304 iterations)
class_id = 0, name = person, ap = 75.32%   	 (TP = 140, FP = 26)
class_id = 1, name = dog, ap = 67.08%   	 (TP = 121, FP = 25)
class_id = 2, name = cat, ap = 65.38%   	 (TP = 195, FP = 92)
(next mAP calculation at 11592 iterations)
class_id = 0, name = person, ap = 77.36%   	 (TP = 144, FP = 34)
class_id = 1, name = dog, ap = 65.26%   	 (TP = 144, FP = 69)
class_id = 2, name = cat, ap = 65.52%   	 (TP = 159, FP = 44)
(next mAP calculation at 12880 iterations)
class_id = 0, name = person, ap = 74.06%   	 (TP = 150, FP = 83)
class_id = 1, name = dog, ap = 61.79%   	 (TP = 128, FP = 44)
class_id = 2, name = cat, ap = 71.97%   	 (TP = 182, FP = 51)
(next mAP calculation at 14168 iterations)
class_id = 0, name = person, ap = 72.59%   	 (TP = 133, FP = 34)
class_id = 1, name = dog, ap = 65.52%   	 (TP = 127, FP = 40)
class_id = 2, name = cat, ap = 72.69%   	 (TP = 188, FP = 49)
(next mAP calculation at 15456 iterations)
class_id = 0, name = person, ap = 72.57%   	 (TP = 128, FP = 21)
class_id = 1, name = dog, ap = 68.53%   	 (TP = 137, FP = 35)
class_id = 2, name = cat, ap = 71.83%   	 (TP = 195, FP = 66)
(next mAP calculation at 16744 iterations)
class_id = 0, name = person, ap = 77.49%   	 (TP = 149, FP = 39)
class_id = 1, name = dog, ap = 70.25%   	 (TP = 157, FP = 55)
class_id = 2, name = cat, ap = 77.93%   	 (TP = 202, FP = 30)
(next mAP calculation at 18032 iterations)
class_id = 0, name = person, ap = 76.78%   	 (TP = 150, FP = 44)
class_id = 1, name = dog, ap = 70.34%   	 (TP = 156, FP = 62)
class_id = 2, name = cat, ap = 77.57%   	 (TP = 196, FP = 27)
(next mAP calculation at 19320 iterations)
class_id = 0, name = person, ap = 76.69%   	 (TP = 150, FP = 39)
class_id = 1, name = dog, ap = 72.86%   	 (TP = 164, FP = 52)
class_id = 2, name = cat, ap = 77.86%   	 (TP = 202, FP = 36)
(next mAP calculation at 20608 iterations)
class_id = 0, name = person, ap = 76.93%   	 (TP = 151, FP = 36)
class_id = 1, name = dog, ap = 72.44%   	 (TP = 162, FP = 51)
class_id = 2, name = cat, ap = 77.88%   	 (TP = 201, FP = 35)