(next mAP calculation at 1888 iterations) ]2;1/310000: loss=227.2 hours left=-1.0
class_id = 0, name = person, ap = 56.57%   	 (TP = 96, FP = 32)
class_id = 1, name = dog, ap = 31.38%   	 (TP = 0, FP = 0)
class_id = 2, name = cat, ap = 35.23%   	 (TP = 3, FP = 3)
(next mAP calculation at 3776 iterations)
class_id = 0, name = person, ap = 70.12%   	 (TP = 110, FP = 29)
class_id = 1, name = dog, ap = 44.26%   	 (TP = 100, FP = 93)
class_id = 2, name = cat, ap = 49.23%   	 (TP = 64, FP = 26)
(next mAP calculation at 5664 iterations)
class_id = 0, name = person, ap = 71.82%   	 (TP = 132, FP = 63)
class_id = 1, name = dog, ap = 51.15%   	 (TP = 101, FP = 63)
class_id = 2, name = cat, ap = 57.02%   	 (TP = 113, FP = 47)
(next mAP calculation at 7552 iterations)
class_id = 0, name = person, ap = 70.19%   	 (TP = 111, FP = 23)
class_id = 1, name = dog, ap = 58.13%   	 (TP = 144, FP = 150)
class_id = 2, name = cat, ap = 59.21%   	 (TP = 150, FP = 62)
(next mAP calculation at 9440 iterations)
class_id = 0, name = person, ap = 76.56%   	 (TP = 135, FP = 46)
class_id = 1, name = dog, ap = 60.56%   	 (TP = 150, FP = 139)
class_id = 2, name = cat, ap = 63.29%   	 (TP = 142, FP = 34)
(next mAP calculation at 11328 iterations)
class_id = 0, name = person, ap = 70.37%   	 (TP = 118, FP = 36)
class_id = 1, name = dog, ap = 60.72%   	 (TP = 130, FP = 92)
class_id = 2, name = cat, ap = 58.55%   	 (TP = 108, FP = 17)
(next mAP calculation at 13216 iterations)
class_id = 0, name = person, ap = 71.82%   	 (TP = 139, FP = 78)
class_id = 1, name = dog, ap = 57.94%   	 (TP = 135, FP = 90)
class_id = 2, name = cat, ap = 59.69%   	 (TP = 92, FP = 19)
(next mAP calculation at 15104 iterations)
class_id = 0, name = person, ap = 73.44%   	 (TP = 139, FP = 33)
class_id = 1, name = dog, ap = 60.28%   	 (TP = 113, FP = 42)
class_id = 2, name = cat, ap = 64.15%   	 (TP = 162, FP = 56)
(next mAP calculation at 16992 iterations)
class_id = 0, name = person, ap = 70.76%   	 (TP = 127, FP = 38)
class_id = 1, name = dog, ap = 66.45%   	 (TP = 140, FP = 64)
class_id = 2, name = cat, ap = 68.47%   	 (TP = 178, FP = 57)
(next mAP calculation at 18880 iterations)
class_id = 0, name = person, ap = 77.08%   	 (TP = 141, FP = 28)
class_id = 1, name = dog, ap = 61.02%   	 (TP = 118, FP = 38)
class_id = 2, name = cat, ap = 73.00%   	 (TP = 196, FP = 56)
(next mAP calculation at 20768 iterations)
class_id = 0, name = person, ap = 75.55%   	 (TP = 146, FP = 38)
class_id = 1, name = dog, ap = 69.40%   	 (TP = 133, FP = 44)
class_id = 2, name = cat, ap = 73.38%   	 (TP = 198, FP = 46)
(next mAP calculation at 22656 iterations)
class_id = 0, name = person, ap = 75.14%   	 (TP = 146, FP = 80)
class_id = 1, name = dog, ap = 67.21%   	 (TP = 142, FP = 43)
class_id = 2, name = cat, ap = 67.77%   	 (TP = 151, FP = 27)
(next mAP calculation at 24544 iterations)
class_id = 0, name = person, ap = 75.59%   	 (TP = 144, FP = 42)
class_id = 1, name = dog, ap = 62.40%   	 (TP = 125, FP = 42)
class_id = 2, name = cat, ap = 69.84%   	 (TP = 178, FP = 49)
(next mAP calculation at 26432 iterations)
class_id = 0, name = person, ap = 75.66%   	 (TP = 137, FP = 36)
class_id = 1, name = dog, ap = 63.30%   	 (TP = 130, FP = 81)
class_id = 2, name = cat, ap = 71.09%   	 (TP = 196, FP = 51)
(next mAP calculation at 28320 iterations)
class_id = 0, name = person, ap = 75.09%   	 (TP = 137, FP = 38)
class_id = 1, name = dog, ap = 65.59%   	 (TP = 141, FP = 101)
class_id = 2, name = cat, ap = 71.32%   	 (TP = 189, FP = 66)
(next mAP calculation at 30208 iterations)
class_id = 0, name = person, ap = 75.47%   	 (TP = 152, FP = 63)
class_id = 1, name = dog, ap = 64.01%   	 (TP = 141, FP = 64)
class_id = 2, name = cat, ap = 73.59%   	 (TP = 174, FP = 24)
(next mAP calculation at 32096 iterations)
class_id = 0, name = person, ap = 79.36%   	 (TP = 149, FP = 25)
class_id = 1, name = dog, ap = 60.30%   	 (TP = 151, FP = 118)
class_id = 2, name = cat, ap = 69.05%   	 (TP = 162, FP = 32)
(next mAP calculation at 33984 iterations)
class_id = 0, name = person, ap = 77.06%   	 (TP = 144, FP = 27)
class_id = 1, name = dog, ap = 68.32%   	 (TP = 141, FP = 43)
class_id = 2, name = cat, ap = 72.20%   	 (TP = 187, FP = 43)
(next mAP calculation at 35872 iterations)
class_id = 0, name = person, ap = 74.80%   	 (TP = 143, FP = 36)
class_id = 1, name = dog, ap = 63.23%   	 (TP = 152, FP = 116)
class_id = 2, name = cat, ap = 69.78%   	 (TP = 178, FP = 49)
(next mAP calculation at 37760 iterations)
class_id = 0, name = person, ap = 75.79%   	 (TP = 147, FP = 52)
class_id = 1, name = dog, ap = 63.49%   	 (TP = 128, FP = 34)
class_id = 2, name = cat, ap = 68.89%   	 (TP = 159, FP = 30)
(next mAP calculation at 39648 iterations)
class_id = 0, name = person, ap = 76.15%   	 (TP = 144, FP = 44)
class_id = 1, name = dog, ap = 64.95%   	 (TP = 144, FP = 51)
class_id = 2, name = cat, ap = 73.58%   	 (TP = 190, FP = 43)
(next mAP calculation at 41536 iterations)
class_id = 0, name = person, ap = 78.23%   	 (TP = 149, FP = 29)
class_id = 1, name = dog, ap = 68.14%   	 (TP = 139, FP = 22)
class_id = 2, name = cat, ap = 71.38%   	 (TP = 207, FP = 74)
(next mAP calculation at 43424 iterations)
class_id = 0, name = person, ap = 79.27%   	 (TP = 144, FP = 28)
class_id = 1, name = dog, ap = 68.00%   	 (TP = 138, FP = 43)
class_id = 2, name = cat, ap = 72.59%   	 (TP = 211, FP = 75)
(next mAP calculation at 45312 iterations)
class_id = 0, name = person, ap = 78.23%   	 (TP = 150, FP = 29)
class_id = 1, name = dog, ap = 66.61%   	 (TP = 154, FP = 91)
class_id = 2, name = cat, ap = 77.11%   	 (TP = 203, FP = 33)
(next mAP calculation at 47200 iterations)
class_id = 0, name = person, ap = 77.10%   	 (TP = 141, FP = 28)
class_id = 1, name = dog, ap = 68.90%   	 (TP = 129, FP = 24)
class_id = 2, name = cat, ap = 70.95%   	 (TP = 202, FP = 60)
(next mAP calculation at 49088 iterations)
class_id = 0, name = person, ap = 82.22%   	 (TP = 155, FP = 31)
class_id = 1, name = dog, ap = 68.63%   	 (TP = 153, FP = 81)
class_id = 2, name = cat, ap = 75.27%   	 (TP = 207, FP = 54)
(next mAP calculation at 50976 iterations)
class_id = 0, name = person, ap = 77.25%   	 (TP = 139, FP = 15)
class_id = 1, name = dog, ap = 65.86%   	 (TP = 144, FP = 69)
class_id = 2, name = cat, ap = 75.14%   	 (TP = 185, FP = 28)
(next mAP calculation at 52864 iterations)
class_id = 0, name = person, ap = 79.13%   	 (TP = 156, FP = 36)
class_id = 1, name = dog, ap = 65.53%   	 (TP = 125, FP = 29)
class_id = 2, name = cat, ap = 71.62%   	 (TP = 197, FP = 63)
(next mAP calculation at 54752 iterations)
class_id = 0, name = person, ap = 75.05%   	 (TP = 140, FP = 38)
class_id = 1, name = dog, ap = 66.68%   	 (TP = 127, FP = 44)
class_id = 2, name = cat, ap = 69.52%   	 (TP = 195, FP = 65)
(next mAP calculation at 56640 iterations)
class_id = 0, name = person, ap = 78.42%   	 (TP = 147, FP = 38)
class_id = 1, name = dog, ap = 71.04%   	 (TP = 148, FP = 45)
class_id = 2, name = cat, ap = 72.43%   	 (TP = 200, FP = 60)
(next mAP calculation at 58528 iterations)
class_id = 0, name = person, ap = 75.36%   	 (TP = 142, FP = 20)
class_id = 1, name = dog, ap = 66.28%   	 (TP = 152, FP = 101)
class_id = 2, name = cat, ap = 71.22%   	 (TP = 201, FP = 85)
(next mAP calculation at 60416 iterations)
class_id = 0, name = person, ap = 78.71%   	 (TP = 150, FP = 45)
class_id = 1, name = dog, ap = 67.14%   	 (TP = 140, FP = 22)
class_id = 2, name = cat, ap = 64.40%   	 (TP = 167, FP = 67)
(next mAP calculation at 62304 iterations)
class_id = 0, name = person, ap = 78.83%   	 (TP = 148, FP = 19)
class_id = 1, name = dog, ap = 69.38%   	 (TP = 144, FP = 30)
class_id = 2, name = cat, ap = 73.59%   	 (TP = 209, FP = 67)
(next mAP calculation at 64192 iterations)
class_id = 0, name = person, ap = 77.26%   	 (TP = 153, FP = 46)
class_id = 1, name = dog, ap = 67.40%   	 (TP = 152, FP = 73)
class_id = 2, name = cat, ap = 73.19%   	 (TP = 189, FP = 45)
(next mAP calculation at 66080 iterations)
class_id = 0, name = person, ap = 76.32%   	 (TP = 141, FP = 26)
class_id = 1, name = dog, ap = 71.17%   	 (TP = 148, FP = 38)
class_id = 2, name = cat, ap = 75.45%   	 (TP = 187, FP = 42)
(next mAP calculation at 67968 iterations)
class_id = 0, name = person, ap = 77.39%   	 (TP = 144, FP = 22)
class_id = 1, name = dog, ap = 69.16%   	 (TP = 164, FP = 94)
class_id = 2, name = cat, ap = 73.14%   	 (TP = 194, FP = 48)
(next mAP calculation at 69856 iterations)
class_id = 0, name = person, ap = 77.55%   	 (TP = 147, FP = 29)
class_id = 1, name = dog, ap = 65.69%   	 (TP = 165, FP = 109)
class_id = 2, name = cat, ap = 75.34%   	 (TP = 168, FP = 24)
(next mAP calculation at 71744 iterations)
class_id = 0, name = person, ap = 79.51%   	 (TP = 154, FP = 32)
class_id = 1, name = dog, ap = 70.14%   	 (TP = 151, FP = 52)
class_id = 2, name = cat, ap = 73.30%   	 (TP = 195, FP = 61)
(next mAP calculation at 73632 iterations)
class_id = 0, name = person, ap = 78.15%   	 (TP = 150, FP = 26)
class_id = 1, name = dog, ap = 70.31%   	 (TP = 159, FP = 77)
class_id = 2, name = cat, ap = 75.50%   	 (TP = 196, FP = 44)
(next mAP calculation at 75520 iterations)
class_id = 0, name = person, ap = 76.96%   	 (TP = 156, FP = 100)
class_id = 1, name = dog, ap = 68.39%   	 (TP = 137, FP = 42)
class_id = 2, name = cat, ap = 72.27%   	 (TP = 204, FP = 51)
(next mAP calculation at 77408 iterations)
class_id = 0, name = person, ap = 76.28%   	 (TP = 138, FP = 27)
class_id = 1, name = dog, ap = 72.66%   	 (TP = 139, FP = 28)
class_id = 2, name = cat, ap = 68.32%   	 (TP = 200, FP = 118)
(next mAP calculation at 79296 iterations)
class_id = 0, name = person, ap = 79.80%   	 (TP = 154, FP = 33)
class_id = 1, name = dog, ap = 68.31%   	 (TP = 144, FP = 64)
class_id = 2, name = cat, ap = 73.90%   	 (TP = 190, FP = 36)
(next mAP calculation at 81184 iterations)
class_id = 0, name = person, ap = 75.48%   	 (TP = 148, FP = 32)
class_id = 1, name = dog, ap = 67.91%   	 (TP = 147, FP = 47)
class_id = 2, name = cat, ap = 73.06%   	 (TP = 202, FP = 58)
(next mAP calculation at 83072 iterations)
class_id = 0, name = person, ap = 79.18%   	 (TP = 153, FP = 50)
class_id = 1, name = dog, ap = 72.52%   	 (TP = 161, FP = 58)
class_id = 2, name = cat, ap = 76.82%   	 (TP = 224, FP = 53)
(next mAP calculation at 84960 iterations)
class_id = 0, name = person, ap = 76.38%   	 (TP = 140, FP = 27)
class_id = 1, name = dog, ap = 67.65%   	 (TP = 140, FP = 50)
class_id = 2, name = cat, ap = 74.37%   	 (TP = 221, FP = 84)
(next mAP calculation at 86848 iterations)
class_id = 0, name = person, ap = 77.80%   	 (TP = 153, FP = 29)
class_id = 1, name = dog, ap = 68.60%   	 (TP = 129, FP = 26)
class_id = 2, name = cat, ap = 72.00%   	 (TP = 191, FP = 63)
(next mAP calculation at 88736 iterations)
class_id = 0, name = person, ap = 79.52%   	 (TP = 152, FP = 39)
class_id = 1, name = dog, ap = 64.64%   	 (TP = 134, FP = 40)
class_id = 2, name = cat, ap = 73.03%   	 (TP = 210, FP = 68)
(next mAP calculation at 90624 iterations)
class_id = 0, name = person, ap = 77.40%   	 (TP = 147, FP = 22)
class_id = 1, name = dog, ap = 67.06%   	 (TP = 155, FP = 105)
class_id = 2, name = cat, ap = 74.36%   	 (TP = 203, FP = 65)
(next mAP calculation at 92512 iterations)
class_id = 0, name = person, ap = 78.40%   	 (TP = 145, FP = 24)
class_id = 1, name = dog, ap = 66.26%   	 (TP = 161, FP = 64)
class_id = 2, name = cat, ap = 71.49%   	 (TP = 177, FP = 37)
(next mAP calculation at 94400 iterations)
class_id = 0, name = person, ap = 78.88%   	 (TP = 153, FP = 25)
class_id = 1, name = dog, ap = 67.01%   	 (TP = 147, FP = 53)
class_id = 2, name = cat, ap = 74.08%   	 (TP = 189, FP = 34)
(next mAP calculation at 96288 iterations)
class_id = 0, name = person, ap = 79.77%   	 (TP = 149, FP = 45)
class_id = 1, name = dog, ap = 72.86%   	 (TP = 147, FP = 33)
class_id = 2, name = cat, ap = 73.24%   	 (TP = 226, FP = 82)
(next mAP calculation at 98176 iterations)
class_id = 0, name = person, ap = 78.58%   	 (TP = 152, FP = 40)
class_id = 1, name = dog, ap = 73.12%   	 (TP = 147, FP = 28)
class_id = 2, name = cat, ap = 74.81%   	 (TP = 209, FP = 50)
(next mAP calculation at 100064 iterations)
class_id = 0, name = person, ap = 80.02%   	 (TP = 159, FP = 33)
class_id = 1, name = dog, ap = 70.03%   	 (TP = 150, FP = 55)
class_id = 2, name = cat, ap = 77.50%   	 (TP = 219, FP = 48)
(next mAP calculation at 101952 iterations)
class_id = 0, name = person, ap = 79.55%   	 (TP = 150, FP = 56)
class_id = 1, name = dog, ap = 70.63%   	 (TP = 160, FP = 80)
class_id = 2, name = cat, ap = 71.38%   	 (TP = 199, FP = 45)
(next mAP calculation at 103840 iterations)
class_id = 0, name = person, ap = 77.73%   	 (TP = 157, FP = 77)
class_id = 1, name = dog, ap = 68.14%   	 (TP = 155, FP = 76)
class_id = 2, name = cat, ap = 73.13%   	 (TP = 184, FP = 38)
(next mAP calculation at 105728 iterations)
class_id = 0, name = person, ap = 78.47%   	 (TP = 142, FP = 26)
class_id = 1, name = dog, ap = 70.05%   	 (TP = 161, FP = 91)
class_id = 2, name = cat, ap = 73.37%   	 (TP = 186, FP = 39)
(next mAP calculation at 107616 iterations)
class_id = 0, name = person, ap = 76.28%   	 (TP = 143, FP = 47)
class_id = 1, name = dog, ap = 77.13%   	 (TP = 181, FP = 71)
class_id = 2, name = cat, ap = 75.91%   	 (TP = 200, FP = 38)
(next mAP calculation at 109504 iterations)
class_id = 0, name = person, ap = 77.52%   	 (TP = 142, FP = 25)
class_id = 1, name = dog, ap = 73.19%   	 (TP = 154, FP = 40)
class_id = 2, name = cat, ap = 77.51%   	 (TP = 232, FP = 84)
(next mAP calculation at 111392 iterations)
class_id = 0, name = person, ap = 77.15%   	 (TP = 159, FP = 72)
class_id = 1, name = dog, ap = 72.69%   	 (TP = 157, FP = 43)
class_id = 2, name = cat, ap = 75.51%   	 (TP = 216, FP = 49)
(next mAP calculation at 113280 iterations)
class_id = 0, name = person, ap = 76.95%   	 (TP = 152, FP = 51)
class_id = 1, name = dog, ap = 65.59%   	 (TP = 155, FP = 79)
class_id = 2, name = cat, ap = 73.98%   	 (TP = 198, FP = 50)
(next mAP calculation at 115168 iterations)
class_id = 0, name = person, ap = 77.32%   	 (TP = 147, FP = 29)
class_id = 1, name = dog, ap = 69.93%   	 (TP = 164, FP = 88)
class_id = 2, name = cat, ap = 74.92%   	 (TP = 212, FP = 48)
(next mAP calculation at 117056 iterations)
class_id = 0, name = person, ap = 75.46%   	 (TP = 157, FP = 86)
class_id = 1, name = dog, ap = 69.18%   	 (TP = 146, FP = 51)
class_id = 2, name = cat, ap = 74.67%   	 (TP = 220, FP = 72)
(next mAP calculation at 118944 iterations)
class_id = 0, name = person, ap = 81.40%   	 (TP = 161, FP = 32)
class_id = 1, name = dog, ap = 72.16%   	 (TP = 174, FP = 96)
class_id = 2, name = cat, ap = 74.19%   	 (TP = 207, FP = 59)
(next mAP calculation at 120832 iterations)
class_id = 0, name = person, ap = 77.63%   	 (TP = 158, FP = 70)
class_id = 1, name = dog, ap = 72.53%   	 (TP = 158, FP = 31)
class_id = 2, name = cat, ap = 74.08%   	 (TP = 192, FP = 47)
(next mAP calculation at 122720 iterations)
class_id = 0, name = person, ap = 75.99%   	 (TP = 151, FP = 42)
class_id = 1, name = dog, ap = 69.17%   	 (TP = 154, FP = 61)
class_id = 2, name = cat, ap = 75.90%   	 (TP = 194, FP = 37)
(next mAP calculation at 124608 iterations)
class_id = 0, name = person, ap = 78.86%   	 (TP = 153, FP = 40)
class_id = 1, name = dog, ap = 73.38%   	 (TP = 160, FP = 43)
class_id = 2, name = cat, ap = 74.71%   	 (TP = 224, FP = 78)
(next mAP calculation at 126496 iterations)
class_id = 0, name = person, ap = 74.68%   	 (TP = 151, FP = 63)
class_id = 1, name = dog, ap = 68.10%   	 (TP = 158, FP = 96)
class_id = 2, name = cat, ap = 73.12%   	 (TP = 183, FP = 29)
(next mAP calculation at 128384 iterations)
class_id = 0, name = person, ap = 78.74%   	 (TP = 157, FP = 44)
class_id = 1, name = dog, ap = 69.81%   	 (TP = 140, FP = 44)
class_id = 2, name = cat, ap = 71.57%   	 (TP = 194, FP = 61)
(next mAP calculation at 130272 iterations)
class_id = 0, name = person, ap = 72.84%   	 (TP = 144, FP = 49)
class_id = 1, name = dog, ap = 68.87%   	 (TP = 148, FP = 56)
class_id = 2, name = cat, ap = 75.73%   	 (TP = 215, FP = 63)
(next mAP calculation at 132160 iterations)
class_id = 0, name = person, ap = 78.27%   	 (TP = 145, FP = 25)
class_id = 1, name = dog, ap = 72.34%   	 (TP = 141, FP = 40)
class_id = 2, name = cat, ap = 77.77%   	 (TP = 219, FP = 55)
(next mAP calculation at 134048 iterations)
class_id = 0, name = person, ap = 78.34%   	 (TP = 147, FP = 33)
class_id = 1, name = dog, ap = 72.42%   	 (TP = 162, FP = 59)
class_id = 2, name = cat, ap = 77.67%   	 (TP = 205, FP = 36)
(next mAP calculation at 135936 iterations)
class_id = 0, name = person, ap = 76.00%   	 (TP = 146, FP = 35)
class_id = 1, name = dog, ap = 67.00%   	 (TP = 144, FP = 55)
class_id = 2, name = cat, ap = 71.79%   	 (TP = 192, FP = 58)
(next mAP calculation at 137824 iterations)
class_id = 0, name = person, ap = 74.33%   	 (TP = 148, FP = 65)
class_id = 1, name = dog, ap = 67.24%   	 (TP = 155, FP = 76)
class_id = 2, name = cat, ap = 73.10%   	 (TP = 168, FP = 22)
(next mAP calculation at 139712 iterations)
class_id = 0, name = person, ap = 74.93%   	 (TP = 142, FP = 24)
class_id = 1, name = dog, ap = 66.35%   	 (TP = 145, FP = 44)
class_id = 2, name = cat, ap = 75.55%   	 (TP = 199, FP = 43)
(next mAP calculation at 141600 iterations)
class_id = 0, name = person, ap = 74.81%   	 (TP = 143, FP = 25)
class_id = 1, name = dog, ap = 66.63%   	 (TP = 137, FP = 41)
class_id = 2, name = cat, ap = 76.70%   	 (TP = 202, FP = 43)
(next mAP calculation at 143488 iterations)
class_id = 0, name = person, ap = 76.75%   	 (TP = 150, FP = 31)
class_id = 1, name = dog, ap = 67.08%   	 (TP = 156, FP = 93)
class_id = 2, name = cat, ap = 71.20%   	 (TP = 187, FP = 56)
(next mAP calculation at 145376 iterations)
class_id = 0, name = person, ap = 75.36%   	 (TP = 147, FP = 77)
class_id = 1, name = dog, ap = 68.88%   	 (TP = 143, FP = 31)
class_id = 2, name = cat, ap = 73.13%   	 (TP = 191, FP = 51)
(next mAP calculation at 147264 iterations)
class_id = 0, name = person, ap = 75.99%   	 (TP = 145, FP = 28)
class_id = 1, name = dog, ap = 70.53%   	 (TP = 167, FP = 101)
class_id = 2, name = cat, ap = 77.25%   	 (TP = 196, FP = 33)
(next mAP calculation at 149152 iterations)
class_id = 0, name = person, ap = 78.13%   	 (TP = 154, FP = 39)
class_id = 1, name = dog, ap = 73.47%   	 (TP = 156, FP = 39)
class_id = 2, name = cat, ap = 71.41%   	 (TP = 205, FP = 90)
(next mAP calculation at 151040 iterations)
class_id = 0, name = person, ap = 78.47%   	 (TP = 157, FP = 38)
class_id = 1, name = dog, ap = 69.50%   	 (TP = 147, FP = 37)
class_id = 2, name = cat, ap = 70.91%   	 (TP = 191, FP = 45)
(next mAP calculation at 152928 iterations)
class_id = 0, name = person, ap = 78.72%   	 (TP = 160, FP = 25)
class_id = 1, name = dog, ap = 67.65%   	 (TP = 156, FP = 77)
class_id = 2, name = cat, ap = 73.98%   	 (TP = 198, FP = 46)
(next mAP calculation at 154816 iterations)
class_id = 0, name = person, ap = 78.47%   	 (TP = 153, FP = 20)
class_id = 1, name = dog, ap = 68.47%   	 (TP = 156, FP = 48)
class_id = 2, name = cat, ap = 75.06%   	 (TP = 214, FP = 66)
(next mAP calculation at 156704 iterations)
class_id = 0, name = person, ap = 78.51%   	 (TP = 145, FP = 16)
class_id = 1, name = dog, ap = 71.54%   	 (TP = 160, FP = 45)
class_id = 2, name = cat, ap = 74.33%   	 (TP = 198, FP = 56)
(next mAP calculation at 158592 iterations)
class_id = 0, name = person, ap = 79.97%   	 (TP = 155, FP = 22)
class_id = 1, name = dog, ap = 71.65%   	 (TP = 138, FP = 46)
class_id = 2, name = cat, ap = 75.66%   	 (TP = 224, FP = 88)
(next mAP calculation at 160480 iterations)
class_id = 0, name = person, ap = 78.87%   	 (TP = 157, FP = 19)
class_id = 1, name = dog, ap = 68.68%   	 (TP = 155, FP = 75)
class_id = 2, name = cat, ap = 75.49%   	 (TP = 196, FP = 36)
(next mAP calculation at 162368 iterations)
class_id = 0, name = person, ap = 77.90%   	 (TP = 154, FP = 38)
class_id = 1, name = dog, ap = 65.74%   	 (TP = 152, FP = 73)
class_id = 2, name = cat, ap = 71.99%   	 (TP = 167, FP = 27)
(next mAP calculation at 164256 iterations)
class_id = 0, name = person, ap = 79.76%   	 (TP = 147, FP = 15)
class_id = 1, name = dog, ap = 70.53%   	 (TP = 165, FP = 65)
class_id = 2, name = cat, ap = 77.55%   	 (TP = 208, FP = 40)
(next mAP calculation at 166144 iterations)
class_id = 0, name = person, ap = 78.37%   	 (TP = 153, FP = 51)
class_id = 1, name = dog, ap = 71.28%   	 (TP = 159, FP = 64)
class_id = 2, name = cat, ap = 77.42%   	 (TP = 200, FP = 35)
(next mAP calculation at 168032 iterations)
class_id = 0, name = person, ap = 76.16%   	 (TP = 144, FP = 14)
class_id = 1, name = dog, ap = 73.22%   	 (TP = 175, FP = 97)
class_id = 2, name = cat, ap = 79.55%   	 (TP = 209, FP = 32)
(next mAP calculation at 169920 iterations)
class_id = 0, name = person, ap = 75.53%   	 (TP = 152, FP = 53)
class_id = 1, name = dog, ap = 66.54%   	 (TP = 143, FP = 46)
class_id = 2, name = cat, ap = 73.73%   	 (TP = 203, FP = 51)
(next mAP calculation at 171808 iterations)
class_id = 0, name = person, ap = 76.90%   	 (TP = 149, FP = 22)
class_id = 1, name = dog, ap = 71.01%   	 (TP = 161, FP = 94)
class_id = 2, name = cat, ap = 76.40%   	 (TP = 208, FP = 52)
(next mAP calculation at 173696 iterations)
class_id = 0, name = person, ap = 75.56%   	 (TP = 144, FP = 34)
class_id = 1, name = dog, ap = 69.03%   	 (TP = 143, FP = 27)
class_id = 2, name = cat, ap = 75.15%   	 (TP = 222, FP = 92)
(next mAP calculation at 175584 iterations)
class_id = 0, name = person, ap = 78.93%   	 (TP = 155, FP = 51)
class_id = 1, name = dog, ap = 71.02%   	 (TP = 152, FP = 30)
class_id = 2, name = cat, ap = 75.17%   	 (TP = 212, FP = 64)
(next mAP calculation at 177472 iterations)
class_id = 0, name = person, ap = 77.98%   	 (TP = 150, FP = 30)
class_id = 1, name = dog, ap = 69.50%   	 (TP = 159, FP = 55)
class_id = 2, name = cat, ap = 73.66%   	 (TP = 180, FP = 37)
(next mAP calculation at 179360 iterations)
class_id = 0, name = person, ap = 77.22%   	 (TP = 148, FP = 41)
class_id = 1, name = dog, ap = 72.47%   	 (TP = 150, FP = 24)
class_id = 2, name = cat, ap = 71.56%   	 (TP = 207, FP = 78)
(next mAP calculation at 181248 iterations)
class_id = 0, name = person, ap = 77.25%   	 (TP = 147, FP = 20)
class_id = 1, name = dog, ap = 69.52%   	 (TP = 162, FP = 71)
class_id = 2, name = cat, ap = 71.69%   	 (TP = 183, FP = 40)
(next mAP calculation at 183136 iterations)
class_id = 0, name = person, ap = 75.70%   	 (TP = 153, FP = 33)
class_id = 1, name = dog, ap = 70.80%   	 (TP = 157, FP = 56)
class_id = 2, name = cat, ap = 77.71%   	 (TP = 210, FP = 47)
(next mAP calculation at 185024 iterations)
class_id = 0, name = person, ap = 74.81%   	 (TP = 147, FP = 31)
class_id = 1, name = dog, ap = 68.39%   	 (TP = 166, FP = 83)
class_id = 2, name = cat, ap = 71.92%   	 (TP = 207, FP = 71)
(next mAP calculation at 186912 iterations)
class_id = 0, name = person, ap = 78.53%   	 (TP = 152, FP = 31)
class_id = 1, name = dog, ap = 70.68%   	 (TP = 155, FP = 63)
class_id = 2, name = cat, ap = 77.03%   	 (TP = 223, FP = 72)
(next mAP calculation at 188800 iterations)
class_id = 0, name = person, ap = 79.21%   	 (TP = 160, FP = 40)
class_id = 1, name = dog, ap = 70.27%   	 (TP = 160, FP = 54)
class_id = 2, name = cat, ap = 72.23%   	 (TP = 194, FP = 62)
(next mAP calculation at 190688 iterations)
class_id = 0, name = person, ap = 77.91%   	 (TP = 159, FP = 57)
class_id = 1, name = dog, ap = 68.67%   	 (TP = 146, FP = 33)
class_id = 2, name = cat, ap = 79.60%   	 (TP = 226, FP = 53)
(next mAP calculation at 192576 iterations)
class_id = 0, name = person, ap = 76.68%   	 (TP = 147, FP = 23)
class_id = 1, name = dog, ap = 66.55%   	 (TP = 151, FP = 49)
class_id = 2, name = cat, ap = 72.91%   	 (TP = 196, FP = 48)
(next mAP calculation at 194464 iterations)
class_id = 0, name = person, ap = 79.19%   	 (TP = 156, FP = 29)
class_id = 1, name = dog, ap = 68.22%   	 (TP = 150, FP = 59)
class_id = 2, name = cat, ap = 77.96%   	 (TP = 218, FP = 61)
(next mAP calculation at 196352 iterations)
class_id = 0, name = person, ap = 78.09%   	 (TP = 152, FP = 37)
class_id = 1, name = dog, ap = 70.15%   	 (TP = 161, FP = 53)
class_id = 2, name = cat, ap = 74.05%   	 (TP = 222, FP = 84)
(next mAP calculation at 198240 iterations)
class_id = 0, name = person, ap = 77.65%   	 (TP = 152, FP = 36)
class_id = 1, name = dog, ap = 70.17%   	 (TP = 162, FP = 70)
class_id = 2, name = cat, ap = 73.08%   	 (TP = 190, FP = 25)
(next mAP calculation at 200128 iterations)
class_id = 0, name = person, ap = 75.57%   	 (TP = 158, FP = 66)
class_id = 1, name = dog, ap = 69.42%   	 (TP = 140, FP = 43)
class_id = 2, name = cat, ap = 71.41%   	 (TP = 189, FP = 52)
(next mAP calculation at 202016 iterations)
class_id = 0, name = person, ap = 78.37%   	 (TP = 150, FP = 26)
class_id = 1, name = dog, ap = 68.73%   	 (TP = 149, FP = 62)
class_id = 2, name = cat, ap = 73.72%   	 (TP = 205, FP = 55)
(next mAP calculation at 203904 iterations)
class_id = 0, name = person, ap = 76.21%   	 (TP = 152, FP = 63)
class_id = 1, name = dog, ap = 75.39%   	 (TP = 164, FP = 53)
class_id = 2, name = cat, ap = 77.24%   	 (TP = 205, FP = 35)
(next mAP calculation at 205792 iterations)
class_id = 0, name = person, ap = 79.33%   	 (TP = 153, FP = 18)
class_id = 1, name = dog, ap = 66.12%   	 (TP = 152, FP = 61)
class_id = 2, name = cat, ap = 76.04%   	 (TP = 210, FP = 61)
(next mAP calculation at 207680 iterations)
class_id = 0, name = person, ap = 76.68%   	 (TP = 136, FP = 16)
class_id = 1, name = dog, ap = 65.56%   	 (TP = 147, FP = 71)
class_id = 2, name = cat, ap = 72.19%   	 (TP = 195, FP = 55)
(next mAP calculation at 209568 iterations)
class_id = 0, name = person, ap = 76.06%   	 (TP = 152, FP = 76)
class_id = 1, name = dog, ap = 71.98%   	 (TP = 156, FP = 62)
class_id = 2, name = cat, ap = 78.19%   	 (TP = 219, FP = 49)
(next mAP calculation at 211456 iterations)
class_id = 0, name = person, ap = 77.64%   	 (TP = 142, FP = 22)
class_id = 1, name = dog, ap = 68.51%   	 (TP = 148, FP = 26)
class_id = 2, name = cat, ap = 76.42%   	 (TP = 209, FP = 44)
(next mAP calculation at 213344 iterations)
class_id = 0, name = person, ap = 77.18%   	 (TP = 158, FP = 49)
class_id = 1, name = dog, ap = 68.30%   	 (TP = 147, FP = 48)
class_id = 2, name = cat, ap = 75.04%   	 (TP = 212, FP = 63)
(next mAP calculation at 215232 iterations)
class_id = 0, name = person, ap = 77.38%   	 (TP = 153, FP = 26)
class_id = 1, name = dog, ap = 68.36%   	 (TP = 144, FP = 39)
class_id = 2, name = cat, ap = 76.53%   	 (TP = 214, FP = 42)
(next mAP calculation at 217120 iterations)
class_id = 0, name = person, ap = 77.07%   	 (TP = 157, FP = 57)
class_id = 1, name = dog, ap = 70.61%   	 (TP = 167, FP = 96)
class_id = 2, name = cat, ap = 75.82%   	 (TP = 190, FP = 33)
(next mAP calculation at 219008 iterations)
class_id = 0, name = person, ap = 79.85%   	 (TP = 155, FP = 33)
class_id = 1, name = dog, ap = 71.30%   	 (TP = 160, FP = 53)
class_id = 2, name = cat, ap = 77.47%   	 (TP = 196, FP = 42)
(next mAP calculation at 220896 iterations)
class_id = 0, name = person, ap = 75.84%   	 (TP = 149, FP = 33)
class_id = 1, name = dog, ap = 73.51%   	 (TP = 159, FP = 50)
class_id = 2, name = cat, ap = 77.62%   	 (TP = 226, FP = 47)
(next mAP calculation at 222784 iterations)
class_id = 0, name = person, ap = 77.21%   	 (TP = 151, FP = 35)
class_id = 1, name = dog, ap = 70.73%   	 (TP = 152, FP = 33)
class_id = 2, name = cat, ap = 79.06%   	 (TP = 228, FP = 56)
(next mAP calculation at 224672 iterations)
class_id = 0, name = person, ap = 77.11%   	 (TP = 151, FP = 27)
class_id = 1, name = dog, ap = 69.69%   	 (TP = 156, FP = 53)
class_id = 2, name = cat, ap = 78.15%   	 (TP = 204, FP = 32)
(next mAP calculation at 226560 iterations)
class_id = 0, name = person, ap = 78.04%   	 (TP = 147, FP = 21)
class_id = 1, name = dog, ap = 68.09%   	 (TP = 166, FP = 109)
class_id = 2, name = cat, ap = 74.76%   	 (TP = 203, FP = 51)
(next mAP calculation at 228448 iterations)
class_id = 0, name = person, ap = 77.64%   	 (TP = 143, FP = 25)
class_id = 1, name = dog, ap = 69.91%   	 (TP = 159, FP = 61)
class_id = 2, name = cat, ap = 75.57%   	 (TP = 222, FP = 94)
(next mAP calculation at 230336 iterations)
class_id = 0, name = person, ap = 77.22%   	 (TP = 150, FP = 57)
class_id = 1, name = dog, ap = 64.24%   	 (TP = 163, FP = 116)
class_id = 2, name = cat, ap = 75.06%   	 (TP = 183, FP = 26)
(next mAP calculation at 232224 iterations)
class_id = 0, name = person, ap = 78.89%   	 (TP = 151, FP = 8)
class_id = 1, name = dog, ap = 71.44%   	 (TP = 147, FP = 29)
class_id = 2, name = cat, ap = 75.60%   	 (TP = 215, FP = 66)
(next mAP calculation at 234112 iterations)
class_id = 0, name = person, ap = 76.57%   	 (TP = 140, FP = 17)
class_id = 1, name = dog, ap = 70.34%   	 (TP = 154, FP = 58)
class_id = 2, name = cat, ap = 76.02%   	 (TP = 207, FP = 53)
(next mAP calculation at 236000 iterations)
class_id = 0, name = person, ap = 77.67%   	 (TP = 145, FP = 17)
class_id = 1, name = dog, ap = 69.07%   	 (TP = 160, FP = 68)
class_id = 2, name = cat, ap = 73.40%   	 (TP = 194, FP = 58)
(next mAP calculation at 237888 iterations)
class_id = 0, name = person, ap = 78.69%   	 (TP = 148, FP = 26)
class_id = 1, name = dog, ap = 67.66%   	 (TP = 149, FP = 58)
class_id = 2, name = cat, ap = 71.57%   	 (TP = 197, FP = 73)
(next mAP calculation at 239776 iterations)
class_id = 0, name = person, ap = 76.79%   	 (TP = 151, FP = 28)
class_id = 1, name = dog, ap = 67.50%   	 (TP = 150, FP = 84)
class_id = 2, name = cat, ap = 77.57%   	 (TP = 209, FP = 28)
(next mAP calculation at 241664 iterations)
class_id = 0, name = person, ap = 78.50%   	 (TP = 155, FP = 22)
class_id = 1, name = dog, ap = 75.63%   	 (TP = 169, FP = 50)
class_id = 2, name = cat, ap = 79.22%   	 (TP = 220, FP = 50)
(next mAP calculation at 243552 iterations)
class_id = 0, name = person, ap = 79.15%   	 (TP = 157, FP = 23)
class_id = 1, name = dog, ap = 75.22%   	 (TP = 166, FP = 59)
class_id = 2, name = cat, ap = 78.78%   	 (TP = 212, FP = 48)
(next mAP calculation at 245440 iterations)
class_id = 0, name = person, ap = 78.71%   	 (TP = 155, FP = 17)
class_id = 1, name = dog, ap = 76.82%   	 (TP = 181, FP = 60)
class_id = 2, name = cat, ap = 78.54%   	 (TP = 209, FP = 34)
(next mAP calculation at 247328 iterations)
class_id = 0, name = person, ap = 78.13%   	 (TP = 155, FP = 29)
class_id = 1, name = dog, ap = 75.89%   	 (TP = 174, FP = 53)
class_id = 2, name = cat, ap = 78.65%   	 (TP = 221, FP = 54)
(next mAP calculation at 249216 iterations)
class_id = 0, name = person, ap = 80.08%   	 (TP = 157, FP = 21)
class_id = 1, name = dog, ap = 74.74%   	 (TP = 175, FP = 64)
class_id = 2, name = cat, ap = 80.19%   	 (TP = 222, FP = 48)
(next mAP calculation at 251104 iterations)
class_id = 0, name = person, ap = 78.93%   	 (TP = 156, FP = 27)
class_id = 1, name = dog, ap = 76.30%   	 (TP = 178, FP = 56)
class_id = 2, name = cat, ap = 79.03%   	 (TP = 220, FP = 49)
(next mAP calculation at 252992 iterations)
class_id = 0, name = person, ap = 78.66%   	 (TP = 153, FP = 23)
class_id = 1, name = dog, ap = 74.94%   	 (TP = 168, FP = 46)
class_id = 2, name = cat, ap = 77.78%   	 (TP = 221, FP = 50)
(next mAP calculation at 254880 iterations)
class_id = 0, name = person, ap = 78.77%   	 (TP = 156, FP = 32)
class_id = 1, name = dog, ap = 73.83%   	 (TP = 167, FP = 47)
class_id = 2, name = cat, ap = 77.93%   	 (TP = 221, FP = 49)
(next mAP calculation at 256768 iterations)
class_id = 0, name = person, ap = 78.98%   	 (TP = 158, FP = 28)
class_id = 1, name = dog, ap = 75.89%   	 (TP = 172, FP = 53)
class_id = 2, name = cat, ap = 79.99%   	 (TP = 222, FP = 42)
(next mAP calculation at 258656 iterations)
class_id = 0, name = person, ap = 79.25%   	 (TP = 156, FP = 25)
class_id = 1, name = dog, ap = 74.33%   	 (TP = 174, FP = 59)
class_id = 2, name = cat, ap = 78.75%   	 (TP = 213, FP = 44)
(next mAP calculation at 260544 iterations)
class_id = 0, name = person, ap = 78.35%   	 (TP = 155, FP = 30)
class_id = 1, name = dog, ap = 74.82%   	 (TP = 165, FP = 43)
class_id = 2, name = cat, ap = 78.73%   	 (TP = 222, FP = 46)
(next mAP calculation at 262432 iterations)
class_id = 0, name = person, ap = 79.21%   	 (TP = 156, FP = 36)
class_id = 1, name = dog, ap = 74.06%   	 (TP = 173, FP = 57)
class_id = 2, name = cat, ap = 77.63%   	 (TP = 214, FP = 41)
(next mAP calculation at 264320 iterations)
class_id = 0, name = person, ap = 79.28%   	 (TP = 156, FP = 28)
class_id = 1, name = dog, ap = 73.88%   	 (TP = 173, FP = 55)
class_id = 2, name = cat, ap = 77.63%   	 (TP = 214, FP = 42)
(next mAP calculation at 266208 iterations)
class_id = 0, name = person, ap = 78.62%   	 (TP = 154, FP = 31)
class_id = 1, name = dog, ap = 75.23%   	 (TP = 161, FP = 44)
class_id = 2, name = cat, ap = 79.21%   	 (TP = 226, FP = 40)
(next mAP calculation at 268096 iterations)
class_id = 0, name = person, ap = 78.73%   	 (TP = 149, FP = 18)
class_id = 1, name = dog, ap = 74.24%   	 (TP = 172, FP = 63)
class_id = 2, name = cat, ap = 79.96%   	 (TP = 210, FP = 31)
(next mAP calculation at 269984 iterations)
class_id = 0, name = person, ap = 79.23%   	 (TP = 158, FP = 27)
class_id = 1, name = dog, ap = 73.81%   	 (TP = 167, FP = 57)
class_id = 2, name = cat, ap = 79.79%   	 (TP = 215, FP = 41)
(next mAP calculation at 271872 iterations)
class_id = 0, name = person, ap = 79.71%   	 (TP = 157, FP = 25)
class_id = 1, name = dog, ap = 75.46%   	 (TP = 167, FP = 54)
class_id = 2, name = cat, ap = 79.56%   	 (TP = 217, FP = 37)
(next mAP calculation at 273760 iterations)
class_id = 0, name = person, ap = 79.60%   	 (TP = 157, FP = 25)
class_id = 1, name = dog, ap = 75.24%   	 (TP = 166, FP = 57)
class_id = 2, name = cat, ap = 79.45%   	 (TP = 219, FP = 41)
(next mAP calculation at 275648 iterations)
class_id = 0, name = person, ap = 79.20%   	 (TP = 157, FP = 24)
class_id = 1, name = dog, ap = 75.53%   	 (TP = 169, FP = 57)
class_id = 2, name = cat, ap = 78.96%   	 (TP = 217, FP = 41)
(next mAP calculation at 277536 iterations)
class_id = 0, name = person, ap = 79.32%   	 (TP = 156, FP = 25)
class_id = 1, name = dog, ap = 75.32%   	 (TP = 166, FP = 56)
class_id = 2, name = cat, ap = 78.72%   	 (TP = 216, FP = 44)
(next mAP calculation at 279424 iterations)
class_id = 0, name = person, ap = 79.60%   	 (TP = 157, FP = 26)
class_id = 1, name = dog, ap = 74.93%   	 (TP = 166, FP = 57)
class_id = 2, name = cat, ap = 78.79%   	 (TP = 215, FP = 43)
(next mAP calculation at 281312 iterations)
class_id = 0, name = person, ap = 79.49%   	 (TP = 156, FP = 26)
class_id = 1, name = dog, ap = 75.66%   	 (TP = 171, FP = 52)
class_id = 2, name = cat, ap = 78.81%   	 (TP = 215, FP = 47)
(next mAP calculation at 283200 iterations)
class_id = 0, name = person, ap = 79.52%   	 (TP = 156, FP = 26)
class_id = 1, name = dog, ap = 75.08%   	 (TP = 173, FP = 61)
class_id = 2, name = cat, ap = 79.40%   	 (TP = 216, FP = 46)
(next mAP calculation at 285088 iterations)
class_id = 0, name = person, ap = 79.34%   	 (TP = 157, FP = 24)
class_id = 1, name = dog, ap = 75.72%   	 (TP = 175, FP = 58)
class_id = 2, name = cat, ap = 78.92%   	 (TP = 218, FP = 46)
(next mAP calculation at 286976 iterations)
class_id = 0, name = person, ap = 79.18%   	 (TP = 156, FP = 23)
class_id = 1, name = dog, ap = 75.66%   	 (TP = 166, FP = 56)
class_id = 2, name = cat, ap = 78.88%   	 (TP = 218, FP = 43)
(next mAP calculation at 288864 iterations)
class_id = 0, name = person, ap = 79.24%   	 (TP = 157, FP = 24)
class_id = 1, name = dog, ap = 74.77%   	 (TP = 169, FP = 57)
class_id = 2, name = cat, ap = 79.14%   	 (TP = 217, FP = 46)
(next mAP calculation at 290752 iterations)
class_id = 0, name = person, ap = 79.55%   	 (TP = 156, FP = 25)
class_id = 1, name = dog, ap = 75.31%   	 (TP = 170, FP = 60)
class_id = 2, name = cat, ap = 78.67%   	 (TP = 216, FP = 45)
(next mAP calculation at 292640 iterations)
class_id = 0, name = person, ap = 79.39%   	 (TP = 156, FP = 24)
class_id = 1, name = dog, ap = 75.43%   	 (TP = 167, FP = 58)
class_id = 2, name = cat, ap = 78.69%   	 (TP = 217, FP = 46)
(next mAP calculation at 294528 iterations)
class_id = 0, name = person, ap = 79.30%   	 (TP = 156, FP = 24)
class_id = 1, name = dog, ap = 75.41%   	 (TP = 170, FP = 57)
class_id = 2, name = cat, ap = 80.01%   	 (TP = 219, FP = 41)
(next mAP calculation at 296416 iterations)
class_id = 0, name = person, ap = 79.30%   	 (TP = 156, FP = 23)
class_id = 1, name = dog, ap = 75.66%   	 (TP = 167, FP = 54)
class_id = 2, name = cat, ap = 79.46%   	 (TP = 218, FP = 42)
(next mAP calculation at 298304 iterations)
class_id = 0, name = person, ap = 79.15%   	 (TP = 156, FP = 25)
class_id = 1, name = dog, ap = 75.67%   	 (TP = 171, FP = 53)
class_id = 2, name = cat, ap = 79.68%   	 (TP = 217, FP = 45)
(next mAP calculation at 300192 iterations)
class_id = 0, name = person, ap = 79.23%   	 (TP = 157, FP = 25)
class_id = 1, name = dog, ap = 75.07%   	 (TP = 167, FP = 55)
class_id = 2, name = cat, ap = 79.26%   	 (TP = 217, FP = 44)
(next mAP calculation at 302080 iterations)
class_id = 0, name = person, ap = 79.29%   	 (TP = 157, FP = 26)
class_id = 1, name = dog, ap = 75.92%   	 (TP = 171, FP = 51)
class_id = 2, name = cat, ap = 79.28%   	 (TP = 217, FP = 45)
(next mAP calculation at 303968 iterations)
class_id = 0, name = person, ap = 79.22%   	 (TP = 156, FP = 26)
class_id = 1, name = dog, ap = 75.67%   	 (TP = 175, FP = 59)
class_id = 2, name = cat, ap = 79.20%   	 (TP = 219, FP = 43)
(next mAP calculation at 305856 iterations)
class_id = 0, name = person, ap = 79.12%   	 (TP = 156, FP = 27)
class_id = 1, name = dog, ap = 75.78%   	 (TP = 172, FP = 57)
class_id = 2, name = cat, ap = 78.80%   	 (TP = 217, FP = 48)
(next mAP calculation at 307744 iterations)
class_id = 0, name = person, ap = 79.01%   	 (TP = 157, FP = 27)
class_id = 1, name = dog, ap = 75.52%   	 (TP = 175, FP = 58)
class_id = 2, name = cat, ap = 78.64%   	 (TP = 218, FP = 47)
(next mAP calculation at 309632 iterations)
class_id = 0, name = person, ap = 79.13%   	 (TP = 156, FP = 24)
class_id = 1, name = dog, ap = 75.77%   	 (TP = 173, FP = 58)
class_id = 2, name = cat, ap = 79.58%   	 (TP = 218, FP = 45)
(next mAP calculation at 311520 iterations)
class_id = 0, name = person, ap = 79.19%   	 (TP = 156, FP = 25)
class_id = 1, name = dog, ap = 75.31%   	 (TP = 170, FP = 58)
class_id = 2, name = cat, ap = 79.26%   	 (TP = 219, FP = 48)