(next mAP calculation at 2253 iterations) ]2;1/50000: loss=201.1 hours left=-1.0
class_id = 0, name = person, ap = 50.97%   	 (TP = 104, FP = 83)
class_id = 1, name = dog, ap = 35.70%   	 (TP = 15, FP = 11)
class_id = 2, name = cat, ap = 41.37%   	 (TP = 22, FP = 8)
(next mAP calculation at 4506 iterations)
class_id = 0, name = person, ap = 64.55%   	 (TP = 122, FP = 52)
class_id = 1, name = dog, ap = 40.78%   	 (TP = 53, FP = 38)
class_id = 2, name = cat, ap = 48.06%   	 (TP = 73, FP = 15)
(next mAP calculation at 6759 iterations)
class_id = 0, name = person, ap = 75.32%   	 (TP = 142, FP = 52)
class_id = 1, name = dog, ap = 57.24%   	 (TP = 96, FP = 22)
class_id = 2, name = cat, ap = 62.21%   	 (TP = 158, FP = 76)
(next mAP calculation at 9012 iterations)
class_id = 0, name = person, ap = 72.85%   	 (TP = 139, FP = 60)
class_id = 1, name = dog, ap = 59.77%   	 (TP = 103, FP = 28)
class_id = 2, name = cat, ap = 66.78%   	 (TP = 156, FP = 37)
(next mAP calculation at 11265 iterations)
class_id = 0, name = person, ap = 74.11%   	 (TP = 136, FP = 62)
class_id = 1, name = dog, ap = 64.36%   	 (TP = 130, FP = 52)
class_id = 2, name = cat, ap = 70.00%   	 (TP = 161, FP = 26)
(next mAP calculation at 13518 iterations)
class_id = 0, name = person, ap = 76.00%   	 (TP = 150, FP = 53)
class_id = 1, name = dog, ap = 63.42%   	 (TP = 138, FP = 83)
class_id = 2, name = cat, ap = 72.40%   	 (TP = 179, FP = 30)
(next mAP calculation at 15771 iterations)
class_id = 0, name = person, ap = 73.43%   	 (TP = 143, FP = 55)
class_id = 1, name = dog, ap = 64.61%   	 (TP = 153, FP = 104)
class_id = 2, name = cat, ap = 77.28%   	 (TP = 169, FP = 16)
(next mAP calculation at 18024 iterations)
class_id = 0, name = person, ap = 74.54%   	 (TP = 141, FP = 63)
class_id = 1, name = dog, ap = 60.05%   	 (TP = 122, FP = 42)
class_id = 2, name = cat, ap = 66.59%   	 (TP = 146, FP = 31)
(next mAP calculation at 20277 iterations)
class_id = 0, name = person, ap = 76.21%   	 (TP = 130, FP = 18)
class_id = 1, name = dog, ap = 68.71%   	 (TP = 158, FP = 93)
class_id = 2, name = cat, ap = 73.14%   	 (TP = 191, FP = 32)
(next mAP calculation at 22530 iterations)
class_id = 0, name = person, ap = 74.52%   	 (TP = 147, FP = 61)
class_id = 1, name = dog, ap = 65.92%   	 (TP = 150, FP = 89)
class_id = 2, name = cat, ap = 75.06%   	 (TP = 186, FP = 37)
(next mAP calculation at 24783 iterations)
class_id = 0, name = person, ap = 76.43%   	 (TP = 141, FP = 34)
class_id = 1, name = dog, ap = 67.19%   	 (TP = 168, FP = 131)
class_id = 2, name = cat, ap = 70.38%   	 (TP = 184, FP = 36)
(next mAP calculation at 27036 iterations)
class_id = 0, name = person, ap = 68.75%   	 (TP = 142, FP = 58)
class_id = 1, name = dog, ap = 65.58%   	 (TP = 144, FP = 77)
class_id = 2, name = cat, ap = 71.30%   	 (TP = 192, FP = 42)
(next mAP calculation at 29289 iterations)
class_id = 0, name = person, ap = 76.73%   	 (TP = 138, FP = 35)
class_id = 1, name = dog, ap = 66.89%   	 (TP = 157, FP = 125)
class_id = 2, name = cat, ap = 72.59%   	 (TP = 183, FP = 39)
(next mAP calculation at 31542 iterations)
class_id = 0, name = person, ap = 80.65%   	 (TP = 154, FP = 36)
class_id = 1, name = dog, ap = 71.37%   	 (TP = 145, FP = 32)
class_id = 2, name = cat, ap = 73.68%   	 (TP = 209, FP = 60)
(next mAP calculation at 33795 iterations)
class_id = 0, name = person, ap = 78.38%   	 (TP = 151, FP = 51)
class_id = 1, name = dog, ap = 66.77%   	 (TP = 130, FP = 25)
class_id = 2, name = cat, ap = 69.37%   	 (TP = 189, FP = 52)
(next mAP calculation at 36048 iterations)
class_id = 0, name = person, ap = 79.32%   	 (TP = 143, FP = 37)
class_id = 1, name = dog, ap = 71.29%   	 (TP = 179, FP = 120)
class_id = 2, name = cat, ap = 72.83%   	 (TP = 163, FP = 17)
(next mAP calculation at 38301 iterations)
class_id = 0, name = person, ap = 78.89%   	 (TP = 153, FP = 54)
class_id = 1, name = dog, ap = 70.31%   	 (TP = 157, FP = 47)
class_id = 2, name = cat, ap = 77.35%   	 (TP = 196, FP = 17)
(next mAP calculation at 40554 iterations)
class_id = 0, name = person, ap = 80.35%   	 (TP = 148, FP = 31)
class_id = 1, name = dog, ap = 73.26%   	 (TP = 168, FP = 60)
class_id = 2, name = cat, ap = 78.46%   	 (TP = 204, FP = 41)
(next mAP calculation at 42807 iterations)
class_id = 0, name = person, ap = 79.31%   	 (TP = 146, FP = 38)
class_id = 1, name = dog, ap = 73.55%   	 (TP = 166, FP = 63)
class_id = 2, name = cat, ap = 79.06%   	 (TP = 205, FP = 32)
(next mAP calculation at 45060 iterations)
class_id = 0, name = person, ap = 80.49%   	 (TP = 152, FP = 35)
class_id = 1, name = dog, ap = 71.99%   	 (TP = 167, FP = 61)
class_id = 2, name = cat, ap = 79.05%   	 (TP = 210, FP = 35)
(next mAP calculation at 47313 iterations)
class_id = 0, name = person, ap = 80.64%   	 (TP = 148, FP = 45)
class_id = 1, name = dog, ap = 72.99%   	 (TP = 168, FP = 57)
class_id = 2, name = cat, ap = 78.62%   	 (TP = 211, FP = 40)
(next mAP calculation at 49566 iterations)
class_id = 0, name = person, ap = 80.73%   	 (TP = 150, FP = 42)
class_id = 1, name = dog, ap = 73.43%   	 (TP = 165, FP = 53)
class_id = 2, name = cat, ap = 78.77%   	 (TP = 209, FP = 41)
(next mAP calculation at 51819 iterations)
class_id = 0, name = person, ap = 80.55%   	 (TP = 151, FP = 42)
class_id = 1, name = dog, ap = 73.17%   	 (TP = 164, FP = 54)
class_id = 2, name = cat, ap = 78.87%   	 (TP = 209, FP = 38)