(next mAP calculation at 3864 iterations) ]2;1/40000: loss=184.0 hours left=-1.0
class_id = 0, name = person, ap = 65.04%   	 (TP = 130, FP = 67)
class_id = 1, name = dog, ap = 45.00%   	 (TP = 82, FP = 53)
class_id = 2, name = cat, ap = 45.20%   	 (TP = 106, FP = 64)
(next mAP calculation at 7728 iterations)
class_id = 0, name = person, ap = 72.91%   	 (TP = 131, FP = 37)
class_id = 1, name = dog, ap = 52.68%   	 (TP = 122, FP = 90)
class_id = 2, name = cat, ap = 58.78%   	 (TP = 101, FP = 23)
(next mAP calculation at 11592 iterations)
class_id = 0, name = person, ap = 70.71%   	 (TP = 135, FP = 41)
class_id = 1, name = dog, ap = 67.77%   	 (TP = 157, FP = 78)
class_id = 2, name = cat, ap = 63.46%   	 (TP = 176, FP = 89)
(next mAP calculation at 15456 iterations)
class_id = 0, name = person, ap = 79.22%   	 (TP = 149, FP = 18)
class_id = 1, name = dog, ap = 71.89%   	 (TP = 177, FP = 94)
class_id = 2, name = cat, ap = 70.27%   	 (TP = 196, FP = 52)
(next mAP calculation at 19320 iterations)
class_id = 0, name = person, ap = 76.28%   	 (TP = 143, FP = 18)
class_id = 1, name = dog, ap = 72.15%   	 (TP = 147, FP = 31)
class_id = 2, name = cat, ap = 73.50%   	 (TP = 194, FP = 56)
(next mAP calculation at 23184 iterations)
class_id = 0, name = person, ap = 78.43%   	 (TP = 154, FP = 45)
class_id = 1, name = dog, ap = 71.11%   	 (TP = 162, FP = 73)
class_id = 2, name = cat, ap = 77.41%   	 (TP = 214, FP = 47)
(next mAP calculation at 27048 iterations)
class_id = 0, name = person, ap = 75.81%   	 (TP = 143, FP = 31)
class_id = 1, name = dog, ap = 74.88%   	 (TP = 182, FP = 76)
class_id = 2, name = cat, ap = 71.62%   	 (TP = 196, FP = 48)
(next mAP calculation at 30912 iterations)
class_id = 0, name = person, ap = 77.44%   	 (TP = 148, FP = 29)
class_id = 1, name = dog, ap = 73.31%   	 (TP = 170, FP = 97)
class_id = 2, name = cat, ap = 76.03%   	 (TP = 191, FP = 29)
(next mAP calculation at 34776 iterations)
class_id = 0, name = person, ap = 81.25%   	 (TP = 163, FP = 22)
class_id = 1, name = dog, ap = 82.70%   	 (TP = 197, FP = 37)
class_id = 2, name = cat, ap = 81.46%   	 (TP = 224, FP = 36)
(next mAP calculation at 38640 iterations)
class_id = 0, name = person, ap = 81.12%   	 (TP = 159, FP = 25)
class_id = 1, name = dog, ap = 81.85%   	 (TP = 195, FP = 36)
class_id = 2, name = cat, ap = 82.13%   	 (TP = 223, FP = 40)
(next mAP calculation at 42504 iterations)
class_id = 0, name = person, ap = 80.96%   	 (TP = 160, FP = 25)
class_id = 1, name = dog, ap = 81.92%   	 (TP = 194, FP = 29)
class_id = 2, name = cat, ap = 82.02%   	 (TP = 225, FP = 42)