(next mAP calculation at 4768 iterations) ]2;1/40000: loss=523.5 hours left=-1.0
class_id = 0, name = person, ap = 66.78%   	 (TP = 86, FP = 3)
class_id = 1, name = dog, ap = 52.37%   	 (TP = 94, FP = 46)
class_id = 2, name = cat, ap = 54.27%   	 (TP = 82, FP = 19)
(next mAP calculation at 9536 iterations)
class_id = 0, name = person, ap = 79.23%   	 (TP = 137, FP = 16)
class_id = 1, name = dog, ap = 61.76%   	 (TP = 102, FP = 25)
class_id = 2, name = cat, ap = 63.30%   	 (TP = 138, FP = 33)
(next mAP calculation at 14304 iterations)
class_id = 0, name = person, ap = 78.94%   	 (TP = 140, FP = 13)
class_id = 1, name = dog, ap = 70.25%   	 (TP = 144, FP = 20)
class_id = 2, name = cat, ap = 71.52%   	 (TP = 157, FP = 24)
(next mAP calculation at 19072 iterations)
class_id = 0, name = person, ap = 80.95%   	 (TP = 154, FP = 14)
class_id = 1, name = dog, ap = 72.54%   	 (TP = 126, FP = 8)
class_id = 2, name = cat, ap = 68.25%   	 (TP = 140, FP = 29)
(next mAP calculation at 23840 iterations)
class_id = 0, name = person, ap = 77.93%   	 (TP = 147, FP = 16)
class_id = 1, name = dog, ap = 73.16%   	 (TP = 136, FP = 9)
class_id = 2, name = cat, ap = 66.03%   	 (TP = 142, FP = 36)
(next mAP calculation at 28608 iterations)
class_id = 0, name = person, ap = 81.60%   	 (TP = 154, FP = 17)
class_id = 1, name = dog, ap = 74.86%   	 (TP = 137, FP = 14)
class_id = 2, name = cat, ap = 73.30%   	 (TP = 159, FP = 31)
(next mAP calculation at 33376 iterations)
class_id = 0, name = person, ap = 83.24%   	 (TP = 162, FP = 15)
class_id = 1, name = dog, ap = 78.21%   	 (TP = 167, FP = 19)
class_id = 2, name = cat, ap = 78.75%   	 (TP = 163, FP = 16)
(next mAP calculation at 38144 iterations)
class_id = 0, name = person, ap = 82.59%   	 (TP = 163, FP = 16)
class_id = 1, name = dog, ap = 79.43%   	 (TP = 172, FP = 18)
class_id = 2, name = cat, ap = 80.59%   	 (TP = 187, FP = 17)
(next mAP calculation at 42912 iterations)
class_id = 0, name = person, ap = 82.62%   	 (TP = 163, FP = 17)
class_id = 1, name = dog, ap = 79.11%   	 (TP = 171, FP = 15)
class_id = 2, name = cat, ap = 80.25%   	 (TP = 188, FP = 18)