(next mAP calculation at 4768 iterations) ]2;1/50000: loss=291.2 hours left=-1.0
class_id = 0, name = person, ap = 73.14%   	 (TP = 116, FP = 20)
class_id = 1, name = dog, ap = 43.97%   	 (TP = 124, FP = 149)
class_id = 2, name = cat, ap = 52.30%   	 (TP = 133, FP = 71)
(next mAP calculation at 9536 iterations)
class_id = 0, name = person, ap = 77.60%   	 (TP = 146, FP = 35)
class_id = 1, name = dog, ap = 64.82%   	 (TP = 123, FP = 33)
class_id = 2, name = cat, ap = 61.47%   	 (TP = 150, FP = 68)
(next mAP calculation at 14304 iterations)
class_id = 0, name = person, ap = 79.03%   	 (TP = 146, FP = 20)
class_id = 1, name = dog, ap = 65.16%   	 (TP = 143, FP = 89)
class_id = 2, name = cat, ap = 62.78%   	 (TP = 166, FP = 66)
(next mAP calculation at 19072 iterations)
class_id = 0, name = person, ap = 78.86%   	 (TP = 155, FP = 35)
class_id = 1, name = dog, ap = 75.76%   	 (TP = 154, FP = 34)
class_id = 2, name = cat, ap = 69.79%   	 (TP = 187, FP = 79)
(next mAP calculation at 23840 iterations)
class_id = 0, name = person, ap = 82.69%   	 (TP = 161, FP = 10)
class_id = 1, name = dog, ap = 76.74%   	 (TP = 174, FP = 52)
class_id = 2, name = cat, ap = 74.04%   	 (TP = 201, FP = 57)
(next mAP calculation at 28608 iterations)
class_id = 0, name = person, ap = 83.67%   	 (TP = 156, FP = 9)
class_id = 1, name = dog, ap = 71.88%   	 (TP = 171, FP = 60)
class_id = 2, name = cat, ap = 77.67%   	 (TP = 189, FP = 31)
(next mAP calculation at 33376 iterations)
class_id = 0, name = person, ap = 81.80%   	 (TP = 164, FP = 47)
class_id = 1, name = dog, ap = 80.27%   	 (TP = 185, FP = 34)
class_id = 2, name = cat, ap = 76.34%   	 (TP = 194, FP = 24)
(next mAP calculation at 38144 iterations)
class_id = 0, name = person, ap = 83.19%   	 (TP = 166, FP = 33)
class_id = 1, name = dog, ap = 79.98%   	 (TP = 198, FP = 91)
class_id = 2, name = cat, ap = 75.26%   	 (TP = 185, FP = 18)
(next mAP calculation at 42912 iterations)
class_id = 0, name = person, ap = 88.41%   	 (TP = 169, FP = 23)
class_id = 1, name = dog, ap = 84.99%   	 (TP = 197, FP = 20)
class_id = 2, name = cat, ap = 82.89%   	 (TP = 237, FP = 40)
(next mAP calculation at 47680 iterations)
class_id = 0, name = person, ap = 88.01%   	 (TP = 170, FP = 22)
class_id = 1, name = dog, ap = 85.13%   	 (TP = 200, FP = 21)
class_id = 2, name = cat, ap = 83.78%   	 (TP = 237, FP = 32)
(next mAP calculation at 52448 iterations)
class_id = 0, name = person, ap = 87.86%   	 (TP = 169, FP = 22)
class_id = 1, name = dog, ap = 84.96%   	 (TP = 203, FP = 23)
class_id = 2, name = cat, ap = 83.40%   	 (TP = 235, FP = 39)