(next mAP calculation at 3864 iterations) ]2;1/45000: loss=349.2 hours left=-1.0
class_id = 0, name = person, ap = 62.17%   	 (TP = 110, FP = 38)
class_id = 1, name = dog, ap = 35.09%   	 (TP = 13, FP = 3)
class_id = 2, name = cat, ap = 37.30%   	 (TP = 3, FP = 0)
(next mAP calculation at 7728 iterations)
class_id = 0, name = person, ap = 70.84%   	 (TP = 122, FP = 19)
class_id = 1, name = dog, ap = 50.69%   	 (TP = 51, FP = 22)
class_id = 2, name = cat, ap = 49.26%   	 (TP = 92, FP = 37)
(next mAP calculation at 11592 iterations)
class_id = 0, name = person, ap = 75.50%   	 (TP = 143, FP = 46)
class_id = 1, name = dog, ap = 60.31%   	 (TP = 103, FP = 51)
class_id = 2, name = cat, ap = 56.27%   	 (TP = 170, FP = 130)
(next mAP calculation at 15456 iterations)
class_id = 0, name = person, ap = 77.97%   	 (TP = 150, FP = 19)
class_id = 1, name = dog, ap = 67.59%   	 (TP = 100, FP = 36)
class_id = 2, name = cat, ap = 64.61%   	 (TP = 162, FP = 61)
(next mAP calculation at 19320 iterations)
class_id = 0, name = person, ap = 78.31%   	 (TP = 142, FP = 26)
class_id = 1, name = dog, ap = 66.23%   	 (TP = 161, FP = 114)
class_id = 2, name = cat, ap = 64.47%   	 (TP = 173, FP = 61)
(next mAP calculation at 23184 iterations)
class_id = 0, name = person, ap = 76.15%   	 (TP = 136, FP = 10)
class_id = 1, name = dog, ap = 65.83%   	 (TP = 135, FP = 87)
class_id = 2, name = cat, ap = 63.12%   	 (TP = 159, FP = 50)
(next mAP calculation at 27048 iterations)
class_id = 0, name = person, ap = 78.80%   	 (TP = 147, FP = 49)
class_id = 1, name = dog, ap = 66.95%   	 (TP = 132, FP = 34)
class_id = 2, name = cat, ap = 73.88%   	 (TP = 174, FP = 33)
(next mAP calculation at 30912 iterations)
class_id = 0, name = person, ap = 78.59%   	 (TP = 146, FP = 15)
class_id = 1, name = dog, ap = 70.07%   	 (TP = 129, FP = 64)
class_id = 2, name = cat, ap = 70.50%   	 (TP = 189, FP = 68)
(next mAP calculation at 34776 iterations)
class_id = 0, name = person, ap = 81.30%   	 (TP = 160, FP = 15)
class_id = 1, name = dog, ap = 72.32%   	 (TP = 149, FP = 77)
class_id = 2, name = cat, ap = 76.12%   	 (TP = 189, FP = 25)
(next mAP calculation at 38640 iterations)
class_id = 0, name = person, ap = 81.36%   	 (TP = 157, FP = 20)
class_id = 1, name = dog, ap = 77.02%   	 (TP = 171, FP = 66)
class_id = 2, name = cat, ap = 76.13%   	 (TP = 215, FP = 63)
(next mAP calculation at 42504 iterations)
class_id = 0, name = person, ap = 81.25%   	 (TP = 157, FP = 27)
class_id = 1, name = dog, ap = 78.11%   	 (TP = 175, FP = 60)
class_id = 2, name = cat, ap = 78.95%   	 (TP = 222, FP = 56)
(next mAP calculation at 46368 iterations)
class_id = 0, name = person, ap = 80.96%   	 (TP = 158, FP = 31)
class_id = 1, name = dog, ap = 78.55%   	 (TP = 175, FP = 58)
class_id = 2, name = cat, ap = 78.39%   	 (TP = 222, FP = 61)