(next mAP calculation at 3515 iterations) ]2;1/205000: loss=338.9 hours left=-1.0
class_id = 0, name = person, ap = 83.56%   	 (TP = 157, FP = 21)
class_id = 1, name = dog, ap = 70.38%   	 (TP = 140, FP = 57)
class_id = 2, name = cat, ap = 69.37%   	 (TP = 185, FP = 70)
(next mAP calculation at 7030 iterations)
class_id = 0, name = person, ap = 85.10%   	 (TP = 158, FP = 39)
class_id = 1, name = dog, ap = 76.25%   	 (TP = 169, FP = 70)
class_id = 2, name = cat, ap = 72.45%   	 (TP = 175, FP = 43)
(next mAP calculation at 10545 iterations)
class_id = 0, name = person, ap = 82.03%   	 (TP = 158, FP = 45)
class_id = 1, name = dog, ap = 72.76%   	 (TP = 149, FP = 92)
class_id = 2, name = cat, ap = 68.82%   	 (TP = 169, FP = 55)
(next mAP calculation at 14060 iterations)
class_id = 0, name = person, ap = 83.64%   	 (TP = 153, FP = 25)
class_id = 1, name = dog, ap = 71.31%   	 (TP = 174, FP = 96)
class_id = 2, name = cat, ap = 71.18%   	 (TP = 149, FP = 21)
(next mAP calculation at 17575 iterations)
class_id = 0, name = person, ap = 83.68%   	 (TP = 154, FP = 20)
class_id = 1, name = dog, ap = 82.16%   	 (TP = 185, FP = 97)
class_id = 2, name = cat, ap = 69.59%   	 (TP = 202, FP = 90)
(next mAP calculation at 21090 iterations)
class_id = 0, name = person, ap = 80.75%   	 (TP = 153, FP = 25)
class_id = 1, name = dog, ap = 75.18%   	 (TP = 181, FP = 87)
class_id = 2, name = cat, ap = 74.16%   	 (TP = 205, FP = 76)
(next mAP calculation at 24605 iterations)
class_id = 0, name = person, ap = 81.27%   	 (TP = 159, FP = 21)
class_id = 1, name = dog, ap = 73.17%   	 (TP = 199, FP = 174)
class_id = 2, name = cat, ap = 70.02%   	 (TP = 183, FP = 53)
(next mAP calculation at 28120 iterations)
class_id = 0, name = person, ap = 83.55%   	 (TP = 162, FP = 41)
class_id = 1, name = dog, ap = 73.04%   	 (TP = 167, FP = 110)
class_id = 2, name = cat, ap = 74.26%   	 (TP = 209, FP = 68)
(next mAP calculation at 31635 iterations)
class_id = 0, name = person, ap = 83.55%   	 (TP = 166, FP = 46)
class_id = 1, name = dog, ap = 81.01%   	 (TP = 177, FP = 60)
class_id = 2, name = cat, ap = 70.63%   	 (TP = 194, FP = 75)
(next mAP calculation at 35150 iterations)
class_id = 0, name = person, ap = 82.12%   	 (TP = 158, FP = 14)
class_id = 1, name = dog, ap = 82.93%   	 (TP = 200, FP = 86)
class_id = 2, name = cat, ap = 72.92%   	 (TP = 200, FP = 66)
(next mAP calculation at 38665 iterations)
class_id = 0, name = person, ap = 82.41%   	 (TP = 164, FP = 34)
class_id = 1, name = dog, ap = 77.98%   	 (TP = 188, FP = 109)
class_id = 2, name = cat, ap = 75.03%   	 (TP = 207, FP = 64)
(next mAP calculation at 42180 iterations)
class_id = 0, name = person, ap = 83.49%   	 (TP = 167, FP = 35)
class_id = 1, name = dog, ap = 79.75%   	 (TP = 171, FP = 40)
class_id = 2, name = cat, ap = 78.70%   	 (TP = 216, FP = 50)
(next mAP calculation at 45695 iterations)
class_id = 0, name = person, ap = 82.10%   	 (TP = 155, FP = 40)
class_id = 1, name = dog, ap = 77.19%   	 (TP = 195, FP = 120)
class_id = 2, name = cat, ap = 77.34%   	 (TP = 194, FP = 35)
(next mAP calculation at 49210 iterations)
class_id = 0, name = person, ap = 85.41%   	 (TP = 162, FP = 9)
class_id = 1, name = dog, ap = 82.07%   	 (TP = 187, FP = 111)
class_id = 2, name = cat, ap = 73.99%   	 (TP = 210, FP = 100)
(next mAP calculation at 52725 iterations)
class_id = 0, name = person, ap = 79.07%   	 (TP = 155, FP = 46)
class_id = 1, name = dog, ap = 78.98%   	 (TP = 184, FP = 80)
class_id = 2, name = cat, ap = 73.24%   	 (TP = 201, FP = 71)
(next mAP calculation at 56240 iterations)
class_id = 0, name = person, ap = 79.65%   	 (TP = 161, FP = 49)
class_id = 1, name = dog, ap = 82.26%   	 (TP = 185, FP = 61)
class_id = 2, name = cat, ap = 71.79%   	 (TP = 184, FP = 51)
(next mAP calculation at 59755 iterations)
class_id = 0, name = person, ap = 82.08%   	 (TP = 156, FP = 20)
class_id = 1, name = dog, ap = 70.01%   	 (TP = 176, FP = 132)
class_id = 2, name = cat, ap = 66.11%   	 (TP = 187, FP = 84)
(next mAP calculation at 63270 iterations)
class_id = 0, name = person, ap = 84.23%   	 (TP = 157, FP = 23)
class_id = 1, name = dog, ap = 76.11%   	 (TP = 173, FP = 63)
class_id = 2, name = cat, ap = 73.77%   	 (TP = 201, FP = 68)
(next mAP calculation at 66785 iterations)
class_id = 0, name = person, ap = 85.38%   	 (TP = 157, FP = 14)
class_id = 1, name = dog, ap = 80.74%   	 (TP = 189, FP = 106)
class_id = 2, name = cat, ap = 72.21%   	 (TP = 222, FP = 112)
(next mAP calculation at 70300 iterations)
class_id = 0, name = person, ap = 84.01%   	 (TP = 160, FP = 11)
class_id = 1, name = dog, ap = 77.14%   	 (TP = 162, FP = 35)
class_id = 2, name = cat, ap = 70.00%   	 (TP = 195, FP = 64)
(next mAP calculation at 73815 iterations)
class_id = 0, name = person, ap = 79.54%   	 (TP = 157, FP = 28)
class_id = 1, name = dog, ap = 73.34%   	 (TP = 177, FP = 76)
class_id = 2, name = cat, ap = 71.94%   	 (TP = 184, FP = 43)
(next mAP calculation at 77330 iterations)
class_id = 0, name = person, ap = 85.12%   	 (TP = 156, FP = 13)
class_id = 1, name = dog, ap = 79.14%   	 (TP = 193, FP = 91)
class_id = 2, name = cat, ap = 76.26%   	 (TP = 209, FP = 53)
(next mAP calculation at 80845 iterations)
class_id = 0, name = person, ap = 84.84%   	 (TP = 160, FP = 28)
class_id = 1, name = dog, ap = 77.95%   	 (TP = 179, FP = 66)
class_id = 2, name = cat, ap = 78.49%   	 (TP = 211, FP = 51)
(next mAP calculation at 84360 iterations)
class_id = 0, name = person, ap = 80.53%   	 (TP = 159, FP = 43)
class_id = 1, name = dog, ap = 74.09%   	 (TP = 189, FP = 113)
class_id = 2, name = cat, ap = 73.89%   	 (TP = 199, FP = 38)
(next mAP calculation at 87875 iterations)
class_id = 0, name = person, ap = 84.81%   	 (TP = 160, FP = 31)
class_id = 1, name = dog, ap = 73.24%   	 (TP = 167, FP = 81)
class_id = 2, name = cat, ap = 73.87%   	 (TP = 219, FP = 65)
(next mAP calculation at 91390 iterations)
class_id = 0, name = person, ap = 81.31%   	 (TP = 163, FP = 31)
class_id = 1, name = dog, ap = 79.01%   	 (TP = 180, FP = 43)
class_id = 2, name = cat, ap = 73.75%   	 (TP = 205, FP = 76)
(next mAP calculation at 94905 iterations)
class_id = 0, name = person, ap = 82.35%   	 (TP = 157, FP = 21)
class_id = 1, name = dog, ap = 74.10%   	 (TP = 194, FP = 116)
class_id = 2, name = cat, ap = 73.53%   	 (TP = 185, FP = 28)
(next mAP calculation at 98420 iterations)
class_id = 0, name = person, ap = 80.97%   	 (TP = 163, FP = 52)
class_id = 1, name = dog, ap = 79.08%   	 (TP = 174, FP = 56)
class_id = 2, name = cat, ap = 75.16%   	 (TP = 214, FP = 75)
(next mAP calculation at 101935 iterations)
class_id = 0, name = person, ap = 82.93%   	 (TP = 160, FP = 20)
class_id = 1, name = dog, ap = 74.38%   	 (TP = 171, FP = 71)
class_id = 2, name = cat, ap = 73.99%   	 (TP = 201, FP = 75)
(next mAP calculation at 105450 iterations)
class_id = 0, name = person, ap = 87.36%   	 (TP = 163, FP = 18)
class_id = 1, name = dog, ap = 79.66%   	 (TP = 182, FP = 77)
class_id = 2, name = cat, ap = 73.80%   	 (TP = 213, FP = 65)
(next mAP calculation at 108965 iterations)
class_id = 0, name = person, ap = 83.96%   	 (TP = 156, FP = 22)
class_id = 1, name = dog, ap = 74.30%   	 (TP = 183, FP = 76)
class_id = 2, name = cat, ap = 70.76%   	 (TP = 198, FP = 75)
(next mAP calculation at 112480 iterations)
class_id = 0, name = person, ap = 84.12%   	 (TP = 165, FP = 34)
class_id = 1, name = dog, ap = 74.86%   	 (TP = 173, FP = 101)
class_id = 2, name = cat, ap = 74.20%   	 (TP = 210, FP = 83)
(next mAP calculation at 115995 iterations)
class_id = 0, name = person, ap = 84.06%   	 (TP = 158, FP = 24)
class_id = 1, name = dog, ap = 76.23%   	 (TP = 177, FP = 93)
class_id = 2, name = cat, ap = 75.71%   	 (TP = 199, FP = 50)
(next mAP calculation at 119510 iterations)
class_id = 0, name = person, ap = 84.88%   	 (TP = 164, FP = 22)
class_id = 1, name = dog, ap = 82.53%   	 (TP = 190, FP = 75)
class_id = 2, name = cat, ap = 76.71%   	 (TP = 236, FP = 126)
(next mAP calculation at 123025 iterations)
class_id = 0, name = person, ap = 80.79%   	 (TP = 159, FP = 26)
class_id = 1, name = dog, ap = 77.73%   	 (TP = 185, FP = 56)
class_id = 2, name = cat, ap = 74.28%   	 (TP = 209, FP = 49)
(next mAP calculation at 126540 iterations)
class_id = 0, name = person, ap = 83.67%   	 (TP = 164, FP = 15)
class_id = 1, name = dog, ap = 79.27%   	 (TP = 197, FP = 96)
class_id = 2, name = cat, ap = 74.21%   	 (TP = 211, FP = 59)
(next mAP calculation at 130055 iterations)
class_id = 0, name = person, ap = 82.77%   	 (TP = 162, FP = 28)
class_id = 1, name = dog, ap = 80.26%   	 (TP = 185, FP = 93)
class_id = 2, name = cat, ap = 74.83%   	 (TP = 203, FP = 54)
(next mAP calculation at 133570 iterations)
class_id = 0, name = person, ap = 81.85%   	 (TP = 163, FP = 46)
class_id = 1, name = dog, ap = 69.76%   	 (TP = 191, FP = 169)
class_id = 2, name = cat, ap = 69.58%   	 (TP = 179, FP = 39)
(next mAP calculation at 137085 iterations)
class_id = 0, name = person, ap = 84.15%   	 (TP = 162, FP = 28)
class_id = 1, name = dog, ap = 76.90%   	 (TP = 172, FP = 57)
class_id = 2, name = cat, ap = 72.92%   	 (TP = 214, FP = 102)
(next mAP calculation at 140600 iterations)
class_id = 0, name = person, ap = 81.09%   	 (TP = 152, FP = 24)
class_id = 1, name = dog, ap = 74.50%   	 (TP = 181, FP = 95)
class_id = 2, name = cat, ap = 71.05%   	 (TP = 190, FP = 50)
(next mAP calculation at 144115 iterations)
class_id = 0, name = person, ap = 82.09%   	 (TP = 163, FP = 29)
class_id = 1, name = dog, ap = 73.25%   	 (TP = 182, FP = 100)
class_id = 2, name = cat, ap = 76.85%   	 (TP = 204, FP = 34)
(next mAP calculation at 147630 iterations)
class_id = 0, name = person, ap = 82.92%   	 (TP = 162, FP = 34)
class_id = 1, name = dog, ap = 76.60%   	 (TP = 183, FP = 82)
class_id = 2, name = cat, ap = 73.56%   	 (TP = 197, FP = 47)
(next mAP calculation at 151145 iterations)
class_id = 0, name = person, ap = 81.64%   	 (TP = 158, FP = 28)
class_id = 1, name = dog, ap = 80.09%   	 (TP = 176, FP = 39)
class_id = 2, name = cat, ap = 74.25%   	 (TP = 214, FP = 80)
(next mAP calculation at 154660 iterations)
class_id = 0, name = person, ap = 82.43%   	 (TP = 159, FP = 23)
class_id = 1, name = dog, ap = 79.87%   	 (TP = 184, FP = 82)
class_id = 2, name = cat, ap = 74.10%   	 (TP = 206, FP = 62)
(next mAP calculation at 158175 iterations)
class_id = 0, name = person, ap = 83.00%   	 (TP = 153, FP = 19)
class_id = 1, name = dog, ap = 71.79%   	 (TP = 196, FP = 126)
class_id = 2, name = cat, ap = 63.41%   	 (TP = 133, FP = 12)
(next mAP calculation at 161690 iterations)
class_id = 0, name = person, ap = 84.63%   	 (TP = 164, FP = 12)
class_id = 1, name = dog, ap = 80.03%   	 (TP = 203, FP = 96)
class_id = 2, name = cat, ap = 78.08%   	 (TP = 224, FP = 55)
(next mAP calculation at 165205 iterations)
class_id = 0, name = person, ap = 84.61%   	 (TP = 164, FP = 13)
class_id = 1, name = dog, ap = 81.17%   	 (TP = 197, FP = 82)
class_id = 2, name = cat, ap = 76.97%   	 (TP = 226, FP = 64)
(next mAP calculation at 168720 iterations)
class_id = 0, name = person, ap = 85.27%   	 (TP = 165, FP = 14)
class_id = 1, name = dog, ap = 81.54%   	 (TP = 195, FP = 64)
class_id = 2, name = cat, ap = 77.43%   	 (TP = 229, FP = 62)
(next mAP calculation at 172235 iterations)
class_id = 0, name = person, ap = 83.56%   	 (TP = 163, FP = 21)
class_id = 1, name = dog, ap = 84.17%   	 (TP = 209, FP = 66)
class_id = 2, name = cat, ap = 77.41%   	 (TP = 227, FP = 59)
(next mAP calculation at 175750 iterations)
class_id = 0, name = person, ap = 83.72%   	 (TP = 163, FP = 25)
class_id = 1, name = dog, ap = 83.96%   	 (TP = 210, FP = 83)
class_id = 2, name = cat, ap = 77.85%   	 (TP = 221, FP = 53)
(next mAP calculation at 179265 iterations)
class_id = 0, name = person, ap = 83.06%   	 (TP = 162, FP = 21)
class_id = 1, name = dog, ap = 82.72%   	 (TP = 209, FP = 75)
class_id = 2, name = cat, ap = 77.40%   	 (TP = 224, FP = 57)
(next mAP calculation at 182780 iterations)
class_id = 0, name = person, ap = 83.55%   	 (TP = 163, FP = 20)
class_id = 1, name = dog, ap = 82.99%   	 (TP = 208, FP = 74)
class_id = 2, name = cat, ap = 77.19%   	 (TP = 227, FP = 58)
(next mAP calculation at 186295 iterations)
class_id = 0, name = person, ap = 83.61%   	 (TP = 161, FP = 16)
class_id = 1, name = dog, ap = 83.10%   	 (TP = 208, FP = 72)
class_id = 2, name = cat, ap = 76.57%   	 (TP = 226, FP = 58)
(next mAP calculation at 189810 iterations)
class_id = 0, name = person, ap = 83.13%   	 (TP = 162, FP = 19)
class_id = 1, name = dog, ap = 83.32%   	 (TP = 210, FP = 69)
class_id = 2, name = cat, ap = 76.64%   	 (TP = 227, FP = 61)
(next mAP calculation at 193325 iterations)
class_id = 0, name = person, ap = 83.72%   	 (TP = 161, FP = 17)
class_id = 1, name = dog, ap = 83.21%   	 (TP = 208, FP = 66)
class_id = 2, name = cat, ap = 76.95%   	 (TP = 227, FP = 57)
(next mAP calculation at 196840 iterations)
class_id = 0, name = person, ap = 83.35%   	 (TP = 162, FP = 17)
class_id = 1, name = dog, ap = 82.90%   	 (TP = 209, FP = 73)
class_id = 2, name = cat, ap = 76.90%   	 (TP = 228, FP = 59)
(next mAP calculation at 200355 iterations)
class_id = 0, name = person, ap = 83.65%   	 (TP = 163, FP = 20)
class_id = 1, name = dog, ap = 82.99%   	 (TP = 209, FP = 81)
class_id = 2, name = cat, ap = 77.44%   	 (TP = 225, FP = 58)
(next mAP calculation at 203870 iterations)
class_id = 0, name = person, ap = 84.25%   	 (TP = 164, FP = 19)
class_id = 1, name = dog, ap = 82.85%   	 (TP = 209, FP = 71)
class_id = 2, name = cat, ap = 76.87%   	 (TP = 226, FP = 58)
(next mAP calculation at 207385 iterations)
class_id = 0, name = person, ap = 83.59%   	 (TP = 163, FP = 19)
class_id = 1, name = dog, ap = 82.70%   	 (TP = 209, FP = 69)
class_id = 2, name = cat, ap = 76.80%   	 (TP = 226, FP = 61)