(next mAP calculation at 4768 iterations) ]2;1/40000: loss=754.1 hours left=-1.0
class_id = 0, name = person, ap = 73.53%   	 (TP = 114, FP = 9)
class_id = 1, name = dog, ap = 43.12%   	 (TP = 61, FP = 28)
class_id = 2, name = cat, ap = 39.68%   	 (TP = 50, FP = 10)
(next mAP calculation at 9536 iterations)
class_id = 0, name = person, ap = 79.02%   	 (TP = 138, FP = 24)
class_id = 1, name = dog, ap = 61.26%   	 (TP = 103, FP = 36)
class_id = 2, name = cat, ap = 57.59%   	 (TP = 79, FP = 5)
(next mAP calculation at 14304 iterations)
class_id = 0, name = person, ap = 77.66%   	 (TP = 140, FP = 18)
class_id = 1, name = dog, ap = 72.18%   	 (TP = 133, FP = 20)
class_id = 2, name = cat, ap = 63.61%   	 (TP = 129, FP = 21)
(next mAP calculation at 19072 iterations)
class_id = 0, name = person, ap = 79.01%   	 (TP = 147, FP = 20)
class_id = 1, name = dog, ap = 74.74%   	 (TP = 144, FP = 21)
class_id = 2, name = cat, ap = 70.89%   	 (TP = 113, FP = 5)
(next mAP calculation at 23840 iterations)
class_id = 0, name = person, ap = 81.70%   	 (TP = 149, FP = 18)
class_id = 1, name = dog, ap = 73.31%   	 (TP = 144, FP = 19)
class_id = 2, name = cat, ap = 68.91%   	 (TP = 150, FP = 36)
(next mAP calculation at 28608 iterations)
class_id = 0, name = person, ap = 80.26%   	 (TP = 147, FP = 16)
class_id = 1, name = dog, ap = 73.54%   	 (TP = 155, FP = 36)
class_id = 2, name = cat, ap = 70.90%   	 (TP = 142, FP = 24)
(next mAP calculation at 33376 iterations)
class_id = 0, name = person, ap = 82.96%   	 (TP = 157, FP = 9)
class_id = 1, name = dog, ap = 80.84%   	 (TP = 169, FP = 14)
class_id = 2, name = cat, ap = 79.61%   	 (TP = 166, FP = 20)
(next mAP calculation at 38144 iterations)
class_id = 0, name = person, ap = 83.24%   	 (TP = 156, FP = 11)
class_id = 1, name = dog, ap = 81.05%   	 (TP = 180, FP = 14)
class_id = 2, name = cat, ap = 80.47%   	 (TP = 172, FP = 18)
(next mAP calculation at 42912 iterations)
class_id = 0, name = person, ap = 83.40%   	 (TP = 157, FP = 12)
class_id = 1, name = dog, ap = 81.24%   	 (TP = 180, FP = 13)
class_id = 2, name = cat, ap = 80.63%   	 (TP = 173, FP = 22)