(next mAP calculation at 1288 iterations) ]2;1/110000: loss=172.8 hours left=-1.0
class_id = 0, name = person, ap = 34.89%   	 (TP = 91, FP = 137)
class_id = 1, name = dog, ap = 20.34%   	 (TP = 5, FP = 4)
class_id = 2, name = cat, ap = 25.76%   	 (TP = 0, FP = 0)
(next mAP calculation at 2576 iterations)
class_id = 0, name = person, ap = 62.77%   	 (TP = 115, FP = 35)
class_id = 1, name = dog, ap = 39.66%   	 (TP = 79, FP = 74)
class_id = 2, name = cat, ap = 42.56%   	 (TP = 69, FP = 34)
(next mAP calculation at 3864 iterations)
class_id = 0, name = person, ap = 67.65%   	 (TP = 118, FP = 32)
class_id = 1, name = dog, ap = 48.62%   	 (TP = 101, FP = 90)
class_id = 2, name = cat, ap = 54.56%   	 (TP = 101, FP = 37)
(next mAP calculation at 5152 iterations)
class_id = 0, name = person, ap = 67.91%   	 (TP = 132, FP = 38)
class_id = 1, name = dog, ap = 50.42%   	 (TP = 119, FP = 132)
class_id = 2, name = cat, ap = 57.07%   	 (TP = 87, FP = 22)
(next mAP calculation at 6440 iterations)
class_id = 0, name = person, ap = 68.35%   	 (TP = 112, FP = 22)
class_id = 1, name = dog, ap = 56.65%   	 (TP = 101, FP = 34)
class_id = 2, name = cat, ap = 64.13%   	 (TP = 119, FP = 36)
(next mAP calculation at 7728 iterations)
class_id = 0, name = person, ap = 73.37%   	 (TP = 124, FP = 23)
class_id = 1, name = dog, ap = 51.16%   	 (TP = 127, FP = 119)
class_id = 2, name = cat, ap = 63.74%   	 (TP = 136, FP = 34)
(next mAP calculation at 9016 iterations)
class_id = 0, name = person, ap = 73.16%   	 (TP = 134, FP = 46)
class_id = 1, name = dog, ap = 62.06%   	 (TP = 150, FP = 107)
class_id = 2, name = cat, ap = 64.28%   	 (TP = 147, FP = 37)
(next mAP calculation at 10304 iterations)
class_id = 0, name = person, ap = 78.34%   	 (TP = 150, FP = 49)
class_id = 1, name = dog, ap = 59.35%   	 (TP = 116, FP = 38)
class_id = 2, name = cat, ap = 68.71%   	 (TP = 166, FP = 38)
(next mAP calculation at 11592 iterations)
class_id = 0, name = person, ap = 78.30%   	 (TP = 144, FP = 24)
class_id = 1, name = dog, ap = 64.10%   	 (TP = 156, FP = 100)
class_id = 2, name = cat, ap = 64.32%   	 (TP = 114, FP = 17)
(next mAP calculation at 12880 iterations)
class_id = 0, name = person, ap = 73.73%   	 (TP = 132, FP = 34)
class_id = 1, name = dog, ap = 62.72%   	 (TP = 130, FP = 55)
class_id = 2, name = cat, ap = 63.83%   	 (TP = 133, FP = 50)
(next mAP calculation at 14168 iterations)
class_id = 0, name = person, ap = 76.15%   	 (TP = 138, FP = 28)
class_id = 1, name = dog, ap = 63.19%   	 (TP = 155, FP = 104)
class_id = 2, name = cat, ap = 66.52%   	 (TP = 190, FP = 69)
(next mAP calculation at 15456 iterations)
class_id = 0, name = person, ap = 76.82%   	 (TP = 145, FP = 22)
class_id = 1, name = dog, ap = 64.30%   	 (TP = 131, FP = 37)
class_id = 2, name = cat, ap = 68.69%   	 (TP = 198, FP = 86)
(next mAP calculation at 16744 iterations)
class_id = 0, name = person, ap = 78.63%   	 (TP = 151, FP = 23)
class_id = 1, name = dog, ap = 66.29%   	 (TP = 146, FP = 61)
class_id = 2, name = cat, ap = 68.88%   	 (TP = 160, FP = 43)
(next mAP calculation at 18032 iterations)
class_id = 0, name = person, ap = 77.36%   	 (TP = 141, FP = 29)
class_id = 1, name = dog, ap = 67.70%   	 (TP = 164, FP = 117)
class_id = 2, name = cat, ap = 67.40%   	 (TP = 187, FP = 56)
(next mAP calculation at 19320 iterations)
class_id = 0, name = person, ap = 77.80%   	 (TP = 146, FP = 33)
class_id = 1, name = dog, ap = 65.84%   	 (TP = 125, FP = 35)
class_id = 2, name = cat, ap = 66.59%   	 (TP = 174, FP = 70)
(next mAP calculation at 20608 iterations)
class_id = 0, name = person, ap = 75.36%   	 (TP = 136, FP = 46)
class_id = 1, name = dog, ap = 65.53%   	 (TP = 159, FP = 112)
class_id = 2, name = cat, ap = 65.07%   	 (TP = 148, FP = 28)
(next mAP calculation at 21896 iterations)
class_id = 0, name = person, ap = 76.84%   	 (TP = 138, FP = 56)
class_id = 1, name = dog, ap = 66.62%   	 (TP = 153, FP = 61)
class_id = 2, name = cat, ap = 71.94%   	 (TP = 191, FP = 56)
(next mAP calculation at 23184 iterations)
class_id = 0, name = person, ap = 77.67%   	 (TP = 149, FP = 44)
class_id = 1, name = dog, ap = 67.54%   	 (TP = 152, FP = 61)
class_id = 2, name = cat, ap = 69.25%   	 (TP = 166, FP = 40)
(next mAP calculation at 24472 iterations)
class_id = 0, name = person, ap = 74.32%   	 (TP = 122, FP = 16)
class_id = 1, name = dog, ap = 66.61%   	 (TP = 151, FP = 103)
class_id = 2, name = cat, ap = 69.56%   	 (TP = 188, FP = 58)
(next mAP calculation at 25760 iterations)
class_id = 0, name = person, ap = 77.35%   	 (TP = 137, FP = 21)
class_id = 1, name = dog, ap = 69.57%   	 (TP = 146, FP = 55)
class_id = 2, name = cat, ap = 69.42%   	 (TP = 182, FP = 61)
(next mAP calculation at 27048 iterations)
class_id = 0, name = person, ap = 75.32%   	 (TP = 151, FP = 52)
class_id = 1, name = dog, ap = 59.51%   	 (TP = 139, FP = 85)
class_id = 2, name = cat, ap = 71.28%   	 (TP = 166, FP = 27)
(next mAP calculation at 28336 iterations)
class_id = 0, name = person, ap = 79.45%   	 (TP = 149, FP = 42)
class_id = 1, name = dog, ap = 70.87%   	 (TP = 167, FP = 67)
class_id = 2, name = cat, ap = 74.85%   	 (TP = 190, FP = 36)
(next mAP calculation at 29624 iterations)
class_id = 0, name = person, ap = 79.08%   	 (TP = 140, FP = 15)
class_id = 1, name = dog, ap = 67.02%   	 (TP = 166, FP = 93)
class_id = 2, name = cat, ap = 69.52%   	 (TP = 156, FP = 36)
(next mAP calculation at 30912 iterations)
class_id = 0, name = person, ap = 78.37%   	 (TP = 130, FP = 13)
class_id = 1, name = dog, ap = 70.55%   	 (TP = 147, FP = 52)
class_id = 2, name = cat, ap = 71.09%   	 (TP = 213, FP = 112)
(next mAP calculation at 32200 iterations)
class_id = 0, name = person, ap = 78.19%   	 (TP = 144, FP = 9)
class_id = 1, name = dog, ap = 69.50%   	 (TP = 165, FP = 73)
class_id = 2, name = cat, ap = 71.17%   	 (TP = 167, FP = 27)
(next mAP calculation at 33488 iterations)
class_id = 0, name = person, ap = 78.41%   	 (TP = 152, FP = 35)
class_id = 1, name = dog, ap = 67.46%   	 (TP = 145, FP = 51)
class_id = 2, name = cat, ap = 71.37%   	 (TP = 195, FP = 62)
(next mAP calculation at 34776 iterations)
class_id = 0, name = person, ap = 74.35%   	 (TP = 145, FP = 27)
class_id = 1, name = dog, ap = 70.24%   	 (TP = 143, FP = 28)
class_id = 2, name = cat, ap = 68.14%   	 (TP = 174, FP = 52)
(next mAP calculation at 36064 iterations)
class_id = 0, name = person, ap = 78.81%   	 (TP = 146, FP = 29)
class_id = 1, name = dog, ap = 67.19%   	 (TP = 129, FP = 28)
class_id = 2, name = cat, ap = 69.40%   	 (TP = 190, FP = 77)
(next mAP calculation at 37352 iterations)
class_id = 0, name = person, ap = 79.02%   	 (TP = 144, FP = 32)
class_id = 1, name = dog, ap = 69.53%   	 (TP = 156, FP = 49)
class_id = 2, name = cat, ap = 71.78%   	 (TP = 179, FP = 45)
(next mAP calculation at 38640 iterations)
class_id = 0, name = person, ap = 75.90%   	 (TP = 138, FP = 33)
class_id = 1, name = dog, ap = 70.79%   	 (TP = 144, FP = 43)
class_id = 2, name = cat, ap = 68.85%   	 (TP = 198, FP = 92)
(next mAP calculation at 39928 iterations)
class_id = 0, name = person, ap = 77.54%   	 (TP = 151, FP = 38)
class_id = 1, name = dog, ap = 71.56%   	 (TP = 156, FP = 44)
class_id = 2, name = cat, ap = 76.11%   	 (TP = 218, FP = 72)
(next mAP calculation at 41216 iterations)
class_id = 0, name = person, ap = 79.18%   	 (TP = 147, FP = 44)
class_id = 1, name = dog, ap = 72.27%   	 (TP = 159, FP = 63)
class_id = 2, name = cat, ap = 73.33%   	 (TP = 191, FP = 52)
(next mAP calculation at 42504 iterations)
class_id = 0, name = person, ap = 74.39%   	 (TP = 156, FP = 80)
class_id = 1, name = dog, ap = 67.33%   	 (TP = 149, FP = 64)
class_id = 2, name = cat, ap = 72.04%   	 (TP = 193, FP = 52)
(next mAP calculation at 43792 iterations)
class_id = 0, name = person, ap = 80.35%   	 (TP = 157, FP = 35)
class_id = 1, name = dog, ap = 67.93%   	 (TP = 158, FP = 73)
class_id = 2, name = cat, ap = 73.48%   	 (TP = 180, FP = 39)
(next mAP calculation at 45080 iterations)
class_id = 0, name = person, ap = 76.57%   	 (TP = 151, FP = 48)
class_id = 1, name = dog, ap = 67.26%   	 (TP = 151, FP = 79)
class_id = 2, name = cat, ap = 69.32%   	 (TP = 172, FP = 41)
(next mAP calculation at 46368 iterations)
class_id = 0, name = person, ap = 78.07%   	 (TP = 156, FP = 51)
class_id = 1, name = dog, ap = 73.63%   	 (TP = 161, FP = 51)
class_id = 2, name = cat, ap = 76.63%   	 (TP = 209, FP = 40)
(next mAP calculation at 47656 iterations)
class_id = 0, name = person, ap = 80.34%   	 (TP = 158, FP = 43)
class_id = 1, name = dog, ap = 68.31%   	 (TP = 166, FP = 99)
class_id = 2, name = cat, ap = 72.40%   	 (TP = 157, FP = 19)
(next mAP calculation at 48944 iterations)
class_id = 0, name = person, ap = 80.27%   	 (TP = 155, FP = 42)
class_id = 1, name = dog, ap = 71.02%   	 (TP = 156, FP = 50)
class_id = 2, name = cat, ap = 75.72%   	 (TP = 197, FP = 56)
(next mAP calculation at 50232 iterations)
class_id = 0, name = person, ap = 78.11%   	 (TP = 158, FP = 45)
class_id = 1, name = dog, ap = 67.87%   	 (TP = 148, FP = 46)
class_id = 2, name = cat, ap = 71.28%   	 (TP = 185, FP = 38)
(next mAP calculation at 51520 iterations)
class_id = 0, name = person, ap = 78.19%   	 (TP = 144, FP = 34)
class_id = 1, name = dog, ap = 67.54%   	 (TP = 155, FP = 70)
class_id = 2, name = cat, ap = 74.45%   	 (TP = 196, FP = 42)
(next mAP calculation at 52808 iterations)
class_id = 0, name = person, ap = 77.89%   	 (TP = 155, FP = 32)
class_id = 1, name = dog, ap = 70.00%   	 (TP = 161, FP = 79)
class_id = 2, name = cat, ap = 68.97%   	 (TP = 162, FP = 31)
(next mAP calculation at 54096 iterations)
class_id = 0, name = person, ap = 80.93%   	 (TP = 149, FP = 16)
class_id = 1, name = dog, ap = 70.33%   	 (TP = 156, FP = 41)
class_id = 2, name = cat, ap = 74.71%   	 (TP = 202, FP = 61)
(next mAP calculation at 55384 iterations)
class_id = 0, name = person, ap = 75.47%   	 (TP = 149, FP = 46)
class_id = 1, name = dog, ap = 70.24%   	 (TP = 158, FP = 75)
class_id = 2, name = cat, ap = 70.52%   	 (TP = 179, FP = 35)
(next mAP calculation at 56672 iterations)
class_id = 0, name = person, ap = 80.61%   	 (TP = 158, FP = 39)
class_id = 1, name = dog, ap = 68.87%   	 (TP = 154, FP = 55)
class_id = 2, name = cat, ap = 75.00%   	 (TP = 189, FP = 42)
(next mAP calculation at 57960 iterations)
class_id = 0, name = person, ap = 73.70%   	 (TP = 157, FP = 68)
class_id = 1, name = dog, ap = 71.70%   	 (TP = 138, FP = 11)
class_id = 2, name = cat, ap = 70.44%   	 (TP = 200, FP = 60)
(next mAP calculation at 59248 iterations)
class_id = 0, name = person, ap = 78.88%   	 (TP = 149, FP = 25)
class_id = 1, name = dog, ap = 71.66%   	 (TP = 150, FP = 52)
class_id = 2, name = cat, ap = 71.58%   	 (TP = 188, FP = 61)
(next mAP calculation at 60536 iterations)
class_id = 0, name = person, ap = 80.53%   	 (TP = 148, FP = 23)
class_id = 1, name = dog, ap = 72.74%   	 (TP = 154, FP = 43)
class_id = 2, name = cat, ap = 76.35%   	 (TP = 220, FP = 66)
(next mAP calculation at 61824 iterations)
class_id = 0, name = person, ap = 77.05%   	 (TP = 143, FP = 36)
class_id = 1, name = dog, ap = 71.21%   	 (TP = 151, FP = 38)
class_id = 2, name = cat, ap = 69.35%   	 (TP = 185, FP = 71)
(next mAP calculation at 63112 iterations)
class_id = 0, name = person, ap = 78.40%   	 (TP = 150, FP = 44)
class_id = 1, name = dog, ap = 73.87%   	 (TP = 145, FP = 25)
class_id = 2, name = cat, ap = 72.23%   	 (TP = 223, FP = 81)
(next mAP calculation at 64400 iterations)
class_id = 0, name = person, ap = 72.75%   	 (TP = 150, FP = 81)
class_id = 1, name = dog, ap = 70.78%   	 (TP = 160, FP = 79)
class_id = 2, name = cat, ap = 65.45%   	 (TP = 139, FP = 16)
(next mAP calculation at 65688 iterations)
class_id = 0, name = person, ap = 77.09%   	 (TP = 151, FP = 49)
class_id = 1, name = dog, ap = 76.29%   	 (TP = 185, FP = 73)
class_id = 2, name = cat, ap = 75.85%   	 (TP = 198, FP = 33)
(next mAP calculation at 66976 iterations)
class_id = 0, name = person, ap = 77.31%   	 (TP = 132, FP = 6)
class_id = 1, name = dog, ap = 69.20%   	 (TP = 177, FP = 117)
class_id = 2, name = cat, ap = 72.59%   	 (TP = 171, FP = 31)
(next mAP calculation at 68264 iterations)
class_id = 0, name = person, ap = 78.76%   	 (TP = 156, FP = 24)
class_id = 1, name = dog, ap = 71.88%   	 (TP = 141, FP = 31)
class_id = 2, name = cat, ap = 75.49%   	 (TP = 183, FP = 30)
(next mAP calculation at 69552 iterations)
class_id = 0, name = person, ap = 74.79%   	 (TP = 144, FP = 44)
class_id = 1, name = dog, ap = 77.14%   	 (TP = 175, FP = 39)
class_id = 2, name = cat, ap = 70.42%   	 (TP = 188, FP = 55)
(next mAP calculation at 70840 iterations)
class_id = 0, name = person, ap = 79.85%   	 (TP = 156, FP = 43)
class_id = 1, name = dog, ap = 68.48%   	 (TP = 165, FP = 68)
class_id = 2, name = cat, ap = 72.70%   	 (TP = 196, FP = 52)
(next mAP calculation at 72128 iterations)
class_id = 0, name = person, ap = 78.58%   	 (TP = 149, FP = 33)
class_id = 1, name = dog, ap = 75.42%   	 (TP = 168, FP = 38)
class_id = 2, name = cat, ap = 74.59%   	 (TP = 203, FP = 43)
(next mAP calculation at 73416 iterations)
class_id = 0, name = person, ap = 80.39%   	 (TP = 146, FP = 28)
class_id = 1, name = dog, ap = 74.16%   	 (TP = 174, FP = 74)
class_id = 2, name = cat, ap = 75.22%   	 (TP = 199, FP = 43)
(next mAP calculation at 74704 iterations)
class_id = 0, name = person, ap = 79.33%   	 (TP = 151, FP = 35)
class_id = 1, name = dog, ap = 68.83%   	 (TP = 143, FP = 24)
class_id = 2, name = cat, ap = 64.43%   	 (TP = 194, FP = 123)
(next mAP calculation at 75992 iterations)
class_id = 0, name = person, ap = 76.35%   	 (TP = 151, FP = 38)
class_id = 1, name = dog, ap = 74.43%   	 (TP = 154, FP = 38)
class_id = 2, name = cat, ap = 71.08%   	 (TP = 200, FP = 53)
(next mAP calculation at 77280 iterations)
class_id = 0, name = person, ap = 74.93%   	 (TP = 144, FP = 33)
class_id = 1, name = dog, ap = 69.62%   	 (TP = 157, FP = 66)
class_id = 2, name = cat, ap = 71.32%   	 (TP = 183, FP = 56)
(next mAP calculation at 78568 iterations)
class_id = 0, name = person, ap = 79.26%   	 (TP = 158, FP = 38)
class_id = 1, name = dog, ap = 69.21%   	 (TP = 158, FP = 59)
class_id = 2, name = cat, ap = 77.20%   	 (TP = 201, FP = 51)
(next mAP calculation at 79856 iterations)
class_id = 0, name = person, ap = 77.40%   	 (TP = 154, FP = 55)
class_id = 1, name = dog, ap = 77.31%   	 (TP = 161, FP = 34)
class_id = 2, name = cat, ap = 76.07%   	 (TP = 221, FP = 67)
(next mAP calculation at 81144 iterations)
class_id = 0, name = person, ap = 77.96%   	 (TP = 156, FP = 37)
class_id = 1, name = dog, ap = 77.28%   	 (TP = 171, FP = 57)
class_id = 2, name = cat, ap = 79.27%   	 (TP = 209, FP = 42)
(next mAP calculation at 82432 iterations)
class_id = 0, name = person, ap = 77.72%   	 (TP = 156, FP = 41)
class_id = 1, name = dog, ap = 75.39%   	 (TP = 171, FP = 42)
class_id = 2, name = cat, ap = 79.21%   	 (TP = 211, FP = 43)
(next mAP calculation at 83720 iterations)
class_id = 0, name = person, ap = 78.60%   	 (TP = 158, FP = 42)
class_id = 1, name = dog, ap = 74.89%   	 (TP = 176, FP = 60)
class_id = 2, name = cat, ap = 77.64%   	 (TP = 198, FP = 50)
(next mAP calculation at 85008 iterations)
class_id = 0, name = person, ap = 78.28%   	 (TP = 157, FP = 30)
class_id = 1, name = dog, ap = 76.07%   	 (TP = 169, FP = 44)
class_id = 2, name = cat, ap = 78.94%   	 (TP = 210, FP = 44)
(next mAP calculation at 86296 iterations)
class_id = 0, name = person, ap = 79.62%   	 (TP = 158, FP = 32)
class_id = 1, name = dog, ap = 74.52%   	 (TP = 169, FP = 57)
class_id = 2, name = cat, ap = 78.98%   	 (TP = 204, FP = 43)
(next mAP calculation at 87584 iterations)
class_id = 0, name = person, ap = 78.78%   	 (TP = 159, FP = 37)
class_id = 1, name = dog, ap = 74.86%   	 (TP = 166, FP = 41)
class_id = 2, name = cat, ap = 78.73%   	 (TP = 214, FP = 45)
(next mAP calculation at 88872 iterations)
class_id = 0, name = person, ap = 79.01%   	 (TP = 159, FP = 47)
class_id = 1, name = dog, ap = 75.77%   	 (TP = 171, FP = 40)
class_id = 2, name = cat, ap = 77.03%   	 (TP = 197, FP = 44)
(next mAP calculation at 90160 iterations)
class_id = 0, name = person, ap = 78.82%   	 (TP = 156, FP = 50)
class_id = 1, name = dog, ap = 74.51%   	 (TP = 171, FP = 44)
class_id = 2, name = cat, ap = 78.11%   	 (TP = 203, FP = 45)
(next mAP calculation at 91448 iterations)
class_id = 0, name = person, ap = 78.51%   	 (TP = 156, FP = 45)
class_id = 1, name = dog, ap = 75.88%   	 (TP = 171, FP = 40)
class_id = 2, name = cat, ap = 78.56%   	 (TP = 207, FP = 44)
(next mAP calculation at 92736 iterations)
class_id = 0, name = person, ap = 78.30%   	 (TP = 157, FP = 43)
class_id = 1, name = dog, ap = 75.94%   	 (TP = 172, FP = 40)
class_id = 2, name = cat, ap = 78.97%   	 (TP = 211, FP = 45)
(next mAP calculation at 94024 iterations)
class_id = 0, name = person, ap = 78.19%   	 (TP = 156, FP = 44)
class_id = 1, name = dog, ap = 75.50%   	 (TP = 171, FP = 40)
class_id = 2, name = cat, ap = 78.69%   	 (TP = 208, FP = 45)
(next mAP calculation at 95312 iterations)
class_id = 0, name = person, ap = 78.21%   	 (TP = 157, FP = 44)
class_id = 1, name = dog, ap = 75.85%   	 (TP = 173, FP = 42)
class_id = 2, name = cat, ap = 78.99%   	 (TP = 210, FP = 45)
(next mAP calculation at 96600 iterations)
class_id = 0, name = person, ap = 78.26%   	 (TP = 157, FP = 42)
class_id = 1, name = dog, ap = 76.05%   	 (TP = 172, FP = 42)
class_id = 2, name = cat, ap = 78.95%   	 (TP = 213, FP = 49)
(next mAP calculation at 97888 iterations)
class_id = 0, name = person, ap = 78.59%   	 (TP = 157, FP = 43)
class_id = 1, name = dog, ap = 75.99%   	 (TP = 171, FP = 41)
class_id = 2, name = cat, ap = 78.69%   	 (TP = 207, FP = 44)
(next mAP calculation at 99176 iterations)
class_id = 0, name = person, ap = 78.36%   	 (TP = 156, FP = 42)
class_id = 1, name = dog, ap = 75.94%   	 (TP = 171, FP = 39)
class_id = 2, name = cat, ap = 78.72%   	 (TP = 212, FP = 45)
(next mAP calculation at 100464 iterations)
class_id = 0, name = person, ap = 77.95%   	 (TP = 157, FP = 43)
class_id = 1, name = dog, ap = 76.26%   	 (TP = 172, FP = 43)
class_id = 2, name = cat, ap = 78.80%   	 (TP = 211, FP = 47)
(next mAP calculation at 101752 iterations)
class_id = 0, name = person, ap = 78.26%   	 (TP = 156, FP = 41)
class_id = 1, name = dog, ap = 76.57%   	 (TP = 170, FP = 41)
class_id = 2, name = cat, ap = 78.43%   	 (TP = 208, FP = 46)
(next mAP calculation at 103040 iterations)
class_id = 0, name = person, ap = 78.20%   	 (TP = 156, FP = 42)
class_id = 1, name = dog, ap = 75.98%   	 (TP = 172, FP = 43)
class_id = 2, name = cat, ap = 78.73%   	 (TP = 208, FP = 48)
(next mAP calculation at 104328 iterations)
class_id = 0, name = person, ap = 78.21%   	 (TP = 156, FP = 43)
class_id = 1, name = dog, ap = 76.41%   	 (TP = 173, FP = 42)
class_id = 2, name = cat, ap = 78.93%   	 (TP = 210, FP = 45)
(next mAP calculation at 105616 iterations)
class_id = 0, name = person, ap = 78.85%   	 (TP = 156, FP = 41)
class_id = 1, name = dog, ap = 76.33%   	 (TP = 171, FP = 39)
class_id = 2, name = cat, ap = 78.66%   	 (TP = 209, FP = 49)
(next mAP calculation at 106904 iterations)
class_id = 0, name = person, ap = 78.48%   	 (TP = 156, FP = 43)
class_id = 1, name = dog, ap = 76.33%   	 (TP = 171, FP = 42)
class_id = 2, name = cat, ap = 78.85%   	 (TP = 209, FP = 45)
(next mAP calculation at 108192 iterations)
class_id = 0, name = person, ap = 78.56%   	 (TP = 156, FP = 42)
class_id = 1, name = dog, ap = 76.37%   	 (TP = 169, FP = 36)
class_id = 2, name = cat, ap = 78.96%   	 (TP = 212, FP = 49)
(next mAP calculation at 109480 iterations)
class_id = 0, name = person, ap = 78.58%   	 (TP = 156, FP = 42)
class_id = 1, name = dog, ap = 76.36%   	 (TP = 172, FP = 36)
class_id = 2, name = cat, ap = 78.58%   	 (TP = 211, FP = 49)
(next mAP calculation at 110768 iterations)
class_id = 0, name = person, ap = 79.08%   	 (TP = 157, FP = 42)
class_id = 1, name = dog, ap = 76.23%   	 (TP = 172, FP = 37)
class_id = 2, name = cat, ap = 78.49%   	 (TP = 210, FP = 48)