(next mAP calculation at 1288 iterations) ]2;1/63000: loss=185.8 hours left=-1.0
class_id = 0, name = person, ap = 41.93%   	 (TP = 70, FP = 48)
class_id = 1, name = dog, ap = 17.90%   	 (TP = 3, FP = 23)
class_id = 2, name = cat, ap = 23.77%   	 (TP = 6, FP = 3)
(next mAP calculation at 2576 iterations)
class_id = 0, name = person, ap = 59.76%   	 (TP = 99, FP = 36)
class_id = 1, name = dog, ap = 36.18%   	 (TP = 77, FP = 104)
class_id = 2, name = cat, ap = 43.08%   	 (TP = 78, FP = 41)
(next mAP calculation at 3864 iterations)
class_id = 0, name = person, ap = 72.79%   	 (TP = 135, FP = 23)
class_id = 1, name = dog, ap = 47.28%   	 (TP = 99, FP = 76)
class_id = 2, name = cat, ap = 52.52%   	 (TP = 71, FP = 19)
(next mAP calculation at 5152 iterations)
class_id = 0, name = person, ap = 64.99%   	 (TP = 143, FP = 133)
class_id = 1, name = dog, ap = 50.08%   	 (TP = 66, FP = 32)
class_id = 2, name = cat, ap = 50.69%   	 (TP = 97, FP = 37)
(next mAP calculation at 6440 iterations)
class_id = 0, name = person, ap = 73.38%   	 (TP = 133, FP = 22)
class_id = 1, name = dog, ap = 54.72%   	 (TP = 91, FP = 21)
class_id = 2, name = cat, ap = 55.39%   	 (TP = 176, FP = 122)
(next mAP calculation at 7728 iterations)
class_id = 0, name = person, ap = 76.96%   	 (TP = 138, FP = 20)
class_id = 1, name = dog, ap = 61.02%   	 (TP = 147, FP = 135)
class_id = 2, name = cat, ap = 66.83%   	 (TP = 155, FP = 37)
(next mAP calculation at 9016 iterations)
class_id = 0, name = person, ap = 72.96%   	 (TP = 136, FP = 28)
class_id = 1, name = dog, ap = 59.26%   	 (TP = 144, FP = 115)
class_id = 2, name = cat, ap = 64.26%   	 (TP = 130, FP = 30)
(next mAP calculation at 10304 iterations)
class_id = 0, name = person, ap = 73.08%   	 (TP = 122, FP = 12)
class_id = 1, name = dog, ap = 54.78%   	 (TP = 86, FP = 23)
class_id = 2, name = cat, ap = 64.81%   	 (TP = 188, FP = 101)
(next mAP calculation at 11592 iterations)
class_id = 0, name = person, ap = 71.17%   	 (TP = 128, FP = 35)
class_id = 1, name = dog, ap = 57.81%   	 (TP = 139, FP = 92)
class_id = 2, name = cat, ap = 67.31%   	 (TP = 137, FP = 21)
(next mAP calculation at 12880 iterations)
class_id = 0, name = person, ap = 74.66%   	 (TP = 133, FP = 20)
class_id = 1, name = dog, ap = 61.06%   	 (TP = 144, FP = 96)
class_id = 2, name = cat, ap = 69.74%   	 (TP = 184, FP = 57)
(next mAP calculation at 14168 iterations)
class_id = 0, name = person, ap = 70.10%   	 (TP = 131, FP = 68)
class_id = 1, name = dog, ap = 63.09%   	 (TP = 130, FP = 38)
class_id = 2, name = cat, ap = 67.47%   	 (TP = 177, FP = 58)
(next mAP calculation at 15456 iterations)
class_id = 0, name = person, ap = 75.98%   	 (TP = 148, FP = 74)
class_id = 1, name = dog, ap = 60.97%   	 (TP = 150, FP = 100)
class_id = 2, name = cat, ap = 71.15%   	 (TP = 153, FP = 22)
(next mAP calculation at 16744 iterations)
class_id = 0, name = person, ap = 75.33%   	 (TP = 152, FP = 48)
class_id = 1, name = dog, ap = 63.50%   	 (TP = 132, FP = 29)
class_id = 2, name = cat, ap = 68.83%   	 (TP = 199, FP = 84)
(next mAP calculation at 18032 iterations)
class_id = 0, name = person, ap = 76.77%   	 (TP = 142, FP = 11)
class_id = 1, name = dog, ap = 65.09%   	 (TP = 148, FP = 70)
class_id = 2, name = cat, ap = 70.99%   	 (TP = 170, FP = 35)
(next mAP calculation at 19320 iterations)
class_id = 0, name = person, ap = 77.58%   	 (TP = 141, FP = 16)
class_id = 1, name = dog, ap = 69.74%   	 (TP = 150, FP = 44)
class_id = 2, name = cat, ap = 73.22%   	 (TP = 201, FP = 62)
(next mAP calculation at 20608 iterations)
class_id = 0, name = person, ap = 74.96%   	 (TP = 141, FP = 14)
class_id = 1, name = dog, ap = 68.55%   	 (TP = 145, FP = 46)
class_id = 2, name = cat, ap = 69.48%   	 (TP = 179, FP = 61)
(next mAP calculation at 21896 iterations)
class_id = 0, name = person, ap = 73.53%   	 (TP = 150, FP = 71)
class_id = 1, name = dog, ap = 65.71%   	 (TP = 138, FP = 46)
class_id = 2, name = cat, ap = 72.22%   	 (TP = 183, FP = 40)
(next mAP calculation at 23184 iterations)
class_id = 0, name = person, ap = 78.05%   	 (TP = 154, FP = 32)
class_id = 1, name = dog, ap = 60.82%   	 (TP = 120, FP = 41)
class_id = 2, name = cat, ap = 67.69%   	 (TP = 158, FP = 34)
(next mAP calculation at 24472 iterations)
class_id = 0, name = person, ap = 74.04%   	 (TP = 140, FP = 23)
class_id = 1, name = dog, ap = 62.12%   	 (TP = 141, FP = 67)
class_id = 2, name = cat, ap = 68.07%   	 (TP = 167, FP = 40)
(next mAP calculation at 25760 iterations)
class_id = 0, name = person, ap = 74.92%   	 (TP = 139, FP = 33)
class_id = 1, name = dog, ap = 65.42%   	 (TP = 143, FP = 39)
class_id = 2, name = cat, ap = 69.86%   	 (TP = 197, FP = 109)
(next mAP calculation at 27048 iterations)
class_id = 0, name = person, ap = 73.99%   	 (TP = 133, FP = 28)
class_id = 1, name = dog, ap = 68.82%   	 (TP = 138, FP = 45)
class_id = 2, name = cat, ap = 72.83%   	 (TP = 192, FP = 47)
(next mAP calculation at 28336 iterations)
class_id = 0, name = person, ap = 77.84%   	 (TP = 147, FP = 25)
class_id = 1, name = dog, ap = 70.34%   	 (TP = 142, FP = 19)
class_id = 2, name = cat, ap = 75.12%   	 (TP = 225, FP = 92)
(next mAP calculation at 29624 iterations)
class_id = 0, name = person, ap = 77.29%   	 (TP = 149, FP = 44)
class_id = 1, name = dog, ap = 69.97%   	 (TP = 140, FP = 48)
class_id = 2, name = cat, ap = 75.19%   	 (TP = 197, FP = 51)
(next mAP calculation at 30912 iterations)
class_id = 0, name = person, ap = 77.67%   	 (TP = 148, FP = 19)
class_id = 1, name = dog, ap = 68.26%   	 (TP = 168, FP = 97)
class_id = 2, name = cat, ap = 74.61%   	 (TP = 192, FP = 43)
(next mAP calculation at 32200 iterations)
class_id = 0, name = person, ap = 77.85%   	 (TP = 145, FP = 32)
class_id = 1, name = dog, ap = 69.59%   	 (TP = 160, FP = 69)
class_id = 2, name = cat, ap = 74.27%   	 (TP = 185, FP = 31)
(next mAP calculation at 33488 iterations)
class_id = 0, name = person, ap = 77.96%   	 (TP = 149, FP = 29)
class_id = 1, name = dog, ap = 67.88%   	 (TP = 146, FP = 33)
class_id = 2, name = cat, ap = 74.85%   	 (TP = 195, FP = 46)
(next mAP calculation at 34776 iterations)
class_id = 0, name = person, ap = 75.47%   	 (TP = 131, FP = 11)
class_id = 1, name = dog, ap = 64.14%   	 (TP = 149, FP = 113)
class_id = 2, name = cat, ap = 76.02%   	 (TP = 193, FP = 33)
(next mAP calculation at 36064 iterations)
class_id = 0, name = person, ap = 76.42%   	 (TP = 149, FP = 36)
class_id = 1, name = dog, ap = 68.73%   	 (TP = 156, FP = 67)
class_id = 2, name = cat, ap = 72.39%   	 (TP = 203, FP = 49)
(next mAP calculation at 37352 iterations)
class_id = 0, name = person, ap = 77.10%   	 (TP = 151, FP = 38)
class_id = 1, name = dog, ap = 60.97%   	 (TP = 147, FP = 103)
class_id = 2, name = cat, ap = 72.41%   	 (TP = 172, FP = 35)
(next mAP calculation at 38640 iterations)
class_id = 0, name = person, ap = 77.69%   	 (TP = 156, FP = 89)
class_id = 1, name = dog, ap = 63.06%   	 (TP = 131, FP = 39)
class_id = 2, name = cat, ap = 65.98%   	 (TP = 147, FP = 27)
(next mAP calculation at 39928 iterations)
class_id = 0, name = person, ap = 76.18%   	 (TP = 150, FP = 71)
class_id = 1, name = dog, ap = 64.94%   	 (TP = 139, FP = 62)
class_id = 2, name = cat, ap = 74.50%   	 (TP = 200, FP = 44)
(next mAP calculation at 41216 iterations)
class_id = 0, name = person, ap = 76.77%   	 (TP = 143, FP = 17)
class_id = 1, name = dog, ap = 72.84%   	 (TP = 156, FP = 62)
class_id = 2, name = cat, ap = 74.87%   	 (TP = 196, FP = 49)
(next mAP calculation at 42504 iterations)
class_id = 0, name = person, ap = 74.95%   	 (TP = 156, FP = 84)
class_id = 1, name = dog, ap = 67.40%   	 (TP = 149, FP = 54)
class_id = 2, name = cat, ap = 72.54%   	 (TP = 199, FP = 40)
(next mAP calculation at 43792 iterations)
class_id = 0, name = person, ap = 71.56%   	 (TP = 141, FP = 52)
class_id = 1, name = dog, ap = 67.60%   	 (TP = 153, FP = 85)
class_id = 2, name = cat, ap = 68.20%   	 (TP = 195, FP = 56)
(next mAP calculation at 45080 iterations)
class_id = 0, name = person, ap = 76.68%   	 (TP = 144, FP = 40)
class_id = 1, name = dog, ap = 67.74%   	 (TP = 139, FP = 45)
class_id = 2, name = cat, ap = 74.09%   	 (TP = 216, FP = 85)
(next mAP calculation at 46368 iterations)
class_id = 0, name = person, ap = 75.52%   	 (TP = 152, FP = 76)
class_id = 1, name = dog, ap = 63.90%   	 (TP = 144, FP = 69)
class_id = 2, name = cat, ap = 70.13%   	 (TP = 175, FP = 37)
(next mAP calculation at 47656 iterations)
class_id = 0, name = person, ap = 75.14%   	 (TP = 144, FP = 24)
class_id = 1, name = dog, ap = 66.03%   	 (TP = 153, FP = 83)
class_id = 2, name = cat, ap = 75.77%   	 (TP = 203, FP = 25)
(next mAP calculation at 48944 iterations)
class_id = 0, name = person, ap = 78.51%   	 (TP = 148, FP = 26)
class_id = 1, name = dog, ap = 71.54%   	 (TP = 160, FP = 53)
class_id = 2, name = cat, ap = 77.00%   	 (TP = 209, FP = 52)
(next mAP calculation at 50232 iterations)
class_id = 0, name = person, ap = 78.96%   	 (TP = 152, FP = 23)
class_id = 1, name = dog, ap = 71.00%   	 (TP = 159, FP = 47)
class_id = 2, name = cat, ap = 76.82%   	 (TP = 214, FP = 49)
(next mAP calculation at 51520 iterations)
class_id = 0, name = person, ap = 78.50%   	 (TP = 151, FP = 31)
class_id = 1, name = dog, ap = 71.54%   	 (TP = 163, FP = 58)
class_id = 2, name = cat, ap = 78.60%   	 (TP = 215, FP = 43)
(next mAP calculation at 52808 iterations)
class_id = 0, name = person, ap = 78.62%   	 (TP = 155, FP = 37)
class_id = 1, name = dog, ap = 71.29%   	 (TP = 163, FP = 54)
class_id = 2, name = cat, ap = 75.76%   	 (TP = 203, FP = 45)
(next mAP calculation at 54096 iterations)
class_id = 0, name = person, ap = 78.04%   	 (TP = 153, FP = 38)
class_id = 1, name = dog, ap = 72.31%   	 (TP = 166, FP = 54)
class_id = 2, name = cat, ap = 78.19%   	 (TP = 210, FP = 52)
(next mAP calculation at 55384 iterations)
class_id = 0, name = person, ap = 78.15%   	 (TP = 154, FP = 35)
class_id = 1, name = dog, ap = 71.86%   	 (TP = 165, FP = 51)
class_id = 2, name = cat, ap = 78.31%   	 (TP = 213, FP = 48)
(next mAP calculation at 56672 iterations)
class_id = 0, name = person, ap = 78.43%   	 (TP = 153, FP = 35)
class_id = 1, name = dog, ap = 71.82%   	 (TP = 166, FP = 51)
class_id = 2, name = cat, ap = 78.56%   	 (TP = 211, FP = 45)
(next mAP calculation at 57960 iterations)
class_id = 0, name = person, ap = 78.51%   	 (TP = 154, FP = 36)
class_id = 1, name = dog, ap = 71.66%   	 (TP = 165, FP = 51)
class_id = 2, name = cat, ap = 78.58%   	 (TP = 212, FP = 47)
(next mAP calculation at 59248 iterations)
class_id = 0, name = person, ap = 78.38%   	 (TP = 153, FP = 33)
class_id = 1, name = dog, ap = 71.34%   	 (TP = 164, FP = 51)
class_id = 2, name = cat, ap = 78.12%   	 (TP = 211, FP = 42)
(next mAP calculation at 60536 iterations)
class_id = 0, name = person, ap = 78.63%   	 (TP = 154, FP = 35)
class_id = 1, name = dog, ap = 71.86%   	 (TP = 164, FP = 51)
class_id = 2, name = cat, ap = 78.10%   	 (TP = 211, FP = 48)
(next mAP calculation at 61824 iterations)
class_id = 0, name = person, ap = 79.00%   	 (TP = 155, FP = 32)
class_id = 1, name = dog, ap = 71.35%   	 (TP = 164, FP = 54)
class_id = 2, name = cat, ap = 78.37%   	 (TP = 211, FP = 44)
(next mAP calculation at 63112 iterations)
class_id = 0, name = person, ap = 78.66%   	 (TP = 153, FP = 32)
class_id = 1, name = dog, ap = 71.50%   	 (TP = 164, FP = 52)
class_id = 2, name = cat, ap = 78.47%   	 (TP = 211, FP = 43)