(next mAP calculation at 4768 iterations) ]2;1/40000: loss=1269.3 hours left=-1.0
class_id = 0, name = person, ap = 66.84%   	 (TP = 99, FP = 4)
class_id = 1, name = dog, ap = 58.62%   	 (TP = 57, FP = 6)
class_id = 2, name = cat, ap = 49.86%   	 (TP = 59, FP = 18)
(next mAP calculation at 9536 iterations)
class_id = 0, name = person, ap = 77.61%   	 (TP = 124, FP = 5)
class_id = 1, name = dog, ap = 70.64%   	 (TP = 109, FP = 12)
class_id = 2, name = cat, ap = 63.32%   	 (TP = 96, FP = 18)
(next mAP calculation at 14304 iterations)
class_id = 0, name = person, ap = 76.98%   	 (TP = 138, FP = 11)
class_id = 1, name = dog, ap = 71.20%   	 (TP = 134, FP = 12)
class_id = 2, name = cat, ap = 68.79%   	 (TP = 143, FP = 23)
(next mAP calculation at 19072 iterations)
class_id = 0, name = person, ap = 75.33%   	 (TP = 137, FP = 18)
class_id = 1, name = dog, ap = 77.75%   	 (TP = 143, FP = 11)
class_id = 2, name = cat, ap = 74.43%   	 (TP = 133, FP = 13)
(next mAP calculation at 23840 iterations)
class_id = 0, name = person, ap = 77.08%   	 (TP = 135, FP = 8)
class_id = 1, name = dog, ap = 71.48%   	 (TP = 130, FP = 7)
class_id = 2, name = cat, ap = 71.88%   	 (TP = 130, FP = 13)
(next mAP calculation at 28608 iterations)
class_id = 0, name = person, ap = 78.23%   	 (TP = 150, FP = 35)
class_id = 1, name = dog, ap = 76.04%   	 (TP = 142, FP = 17)
class_id = 2, name = cat, ap = 73.61%   	 (TP = 157, FP = 14)
(next mAP calculation at 33376 iterations)
class_id = 0, name = person, ap = 83.06%   	 (TP = 156, FP = 15)
class_id = 1, name = dog, ap = 80.20%   	 (TP = 170, FP = 17)
class_id = 2, name = cat, ap = 83.19%   	 (TP = 207, FP = 16)
(next mAP calculation at 38144 iterations)
class_id = 0, name = person, ap = 83.53%   	 (TP = 156, FP = 13)
class_id = 1, name = dog, ap = 82.48%   	 (TP = 182, FP = 16)
class_id = 2, name = cat, ap = 83.05%   	 (TP = 204, FP = 17)
(next mAP calculation at 42912 iterations)
class_id = 0, name = person, ap = 83.60%   	 (TP = 157, FP = 13)
class_id = 1, name = dog, ap = 82.66%   	 (TP = 177, FP = 13)
class_id = 2, name = cat, ap = 83.30%   	 (TP = 206, FP = 17)