(next mAP calculation at 2576 iterations) ]2;1/52500: loss=188.2 hours left=-1.0
class_id = 0, name = person, ap = 68.91%   	 (TP = 119, FP = 63)
class_id = 1, name = dog, ap = 38.16%   	 (TP = 26, FP = 12)
class_id = 2, name = cat, ap = 36.12%   	 (TP = 79, FP = 66)
(next mAP calculation at 5152 iterations)
class_id = 0, name = person, ap = 72.23%   	 (TP = 116, FP = 19)
class_id = 1, name = dog, ap = 63.27%   	 (TP = 124, FP = 44)
class_id = 2, name = cat, ap = 51.57%   	 (TP = 152, FP = 97)
(next mAP calculation at 7728 iterations)
class_id = 0, name = person, ap = 76.65%   	 (TP = 145, FP = 33)
class_id = 1, name = dog, ap = 62.88%   	 (TP = 136, FP = 88)
class_id = 2, name = cat, ap = 67.40%   	 (TP = 160, FP = 46)
(next mAP calculation at 10304 iterations)
class_id = 0, name = person, ap = 77.38%   	 (TP = 152, FP = 65)
class_id = 1, name = dog, ap = 66.54%   	 (TP = 109, FP = 23)
class_id = 2, name = cat, ap = 55.79%   	 (TP = 124, FP = 61)
(next mAP calculation at 12880 iterations)
class_id = 0, name = person, ap = 79.02%   	 (TP = 148, FP = 14)
class_id = 1, name = dog, ap = 71.73%   	 (TP = 162, FP = 73)
class_id = 2, name = cat, ap = 68.37%   	 (TP = 185, FP = 60)
(next mAP calculation at 15456 iterations)
class_id = 0, name = person, ap = 79.35%   	 (TP = 156, FP = 25)
class_id = 1, name = dog, ap = 69.73%   	 (TP = 167, FP = 78)
class_id = 2, name = cat, ap = 64.65%   	 (TP = 159, FP = 30)
(next mAP calculation at 18032 iterations)
class_id = 0, name = person, ap = 77.76%   	 (TP = 143, FP = 25)
class_id = 1, name = dog, ap = 71.19%   	 (TP = 175, FP = 96)
class_id = 2, name = cat, ap = 71.92%   	 (TP = 175, FP = 29)
(next mAP calculation at 20608 iterations)
class_id = 0, name = person, ap = 79.99%   	 (TP = 152, FP = 31)
class_id = 1, name = dog, ap = 72.31%   	 (TP = 164, FP = 52)
class_id = 2, name = cat, ap = 71.00%   	 (TP = 178, FP = 43)
(next mAP calculation at 23184 iterations)
class_id = 0, name = person, ap = 81.87%   	 (TP = 156, FP = 32)
class_id = 1, name = dog, ap = 73.43%   	 (TP = 166, FP = 60)
class_id = 2, name = cat, ap = 73.43%   	 (TP = 209, FP = 72)
(next mAP calculation at 25760 iterations)
class_id = 0, name = person, ap = 79.75%   	 (TP = 152, FP = 17)
class_id = 1, name = dog, ap = 76.93%   	 (TP = 185, FP = 73)
class_id = 2, name = cat, ap = 77.45%   	 (TP = 206, FP = 39)
(next mAP calculation at 28336 iterations)
class_id = 0, name = person, ap = 81.00%   	 (TP = 160, FP = 28)
class_id = 1, name = dog, ap = 71.87%   	 (TP = 177, FP = 85)
class_id = 2, name = cat, ap = 70.85%   	 (TP = 185, FP = 28)
(next mAP calculation at 30912 iterations)
class_id = 0, name = person, ap = 79.28%   	 (TP = 157, FP = 84)
class_id = 1, name = dog, ap = 74.71%   	 (TP = 165, FP = 42)
class_id = 2, name = cat, ap = 80.46%   	 (TP = 239, FP = 60)
(next mAP calculation at 33488 iterations)
class_id = 0, name = person, ap = 80.50%   	 (TP = 164, FP = 56)
class_id = 1, name = dog, ap = 75.88%   	 (TP = 178, FP = 36)
class_id = 2, name = cat, ap = 77.68%   	 (TP = 213, FP = 51)
(next mAP calculation at 36064 iterations)
class_id = 0, name = person, ap = 81.71%   	 (TP = 155, FP = 16)
class_id = 1, name = dog, ap = 75.14%   	 (TP = 180, FP = 62)
class_id = 2, name = cat, ap = 79.88%   	 (TP = 215, FP = 39)
(next mAP calculation at 38640 iterations)
class_id = 0, name = person, ap = 79.37%   	 (TP = 149, FP = 22)
class_id = 1, name = dog, ap = 73.60%   	 (TP = 178, FP = 56)
class_id = 2, name = cat, ap = 77.48%   	 (TP = 211, FP = 59)
(next mAP calculation at 41216 iterations)
class_id = 0, name = person, ap = 82.73%   	 (TP = 159, FP = 24)
class_id = 1, name = dog, ap = 81.06%   	 (TP = 191, FP = 37)
class_id = 2, name = cat, ap = 80.37%   	 (TP = 219, FP = 56)
(next mAP calculation at 43792 iterations)
class_id = 0, name = person, ap = 82.88%   	 (TP = 160, FP = 27)
class_id = 1, name = dog, ap = 81.11%   	 (TP = 193, FP = 32)
class_id = 2, name = cat, ap = 79.28%   	 (TP = 220, FP = 62)
(next mAP calculation at 46368 iterations)
class_id = 0, name = person, ap = 83.27%   	 (TP = 161, FP = 27)
class_id = 1, name = dog, ap = 80.18%   	 (TP = 192, FP = 41)
class_id = 2, name = cat, ap = 80.85%   	 (TP = 221, FP = 57)
(next mAP calculation at 48944 iterations)
class_id = 0, name = person, ap = 83.36%   	 (TP = 160, FP = 27)
class_id = 1, name = dog, ap = 79.73%   	 (TP = 192, FP = 41)
class_id = 2, name = cat, ap = 81.54%   	 (TP = 227, FP = 50)
(next mAP calculation at 51520 iterations)
class_id = 0, name = person, ap = 83.31%   	 (TP = 161, FP = 25)
class_id = 1, name = dog, ap = 80.28%   	 (TP = 191, FP = 42)
class_id = 2, name = cat, ap = 81.42%   	 (TP = 225, FP = 51)
(next mAP calculation at 54096 iterations)
class_id = 0, name = person, ap = 83.52%   	 (TP = 161, FP = 28)
class_id = 1, name = dog, ap = 79.72%   	 (TP = 191, FP = 44)
class_id = 2, name = cat, ap = 81.26%   	 (TP = 223, FP = 49)