(next mAP calculation at 3864 iterations) ]2;1/50000: loss=366.7 hours left=-1.0
class_id = 0, name = person, ap = 61.21%   	 (TP = 127, FP = 60)
class_id = 1, name = dog, ap = 38.80%   	 (TP = 29, FP = 28)
class_id = 2, name = cat, ap = 42.71%   	 (TP = 30, FP = 3)
(next mAP calculation at 7728 iterations)
class_id = 0, name = person, ap = 70.74%   	 (TP = 95, FP = 13)
class_id = 1, name = dog, ap = 51.52%   	 (TP = 107, FP = 89)
class_id = 2, name = cat, ap = 49.72%   	 (TP = 108, FP = 60)
(next mAP calculation at 11592 iterations)
class_id = 0, name = person, ap = 70.11%   	 (TP = 133, FP = 43)
class_id = 1, name = dog, ap = 61.02%   	 (TP = 139, FP = 78)
class_id = 2, name = cat, ap = 56.92%   	 (TP = 141, FP = 65)
(next mAP calculation at 15456 iterations)
class_id = 0, name = person, ap = 72.91%   	 (TP = 142, FP = 60)
class_id = 1, name = dog, ap = 68.75%   	 (TP = 127, FP = 56)
class_id = 2, name = cat, ap = 65.21%   	 (TP = 162, FP = 50)
(next mAP calculation at 19320 iterations)
class_id = 0, name = person, ap = 78.37%   	 (TP = 136, FP = 17)
class_id = 1, name = dog, ap = 74.78%   	 (TP = 158, FP = 98)
class_id = 2, name = cat, ap = 69.50%   	 (TP = 195, FP = 88)
(next mAP calculation at 23184 iterations)
class_id = 0, name = person, ap = 79.20%   	 (TP = 148, FP = 13)
class_id = 1, name = dog, ap = 71.49%   	 (TP = 149, FP = 65)
class_id = 2, name = cat, ap = 69.88%   	 (TP = 169, FP = 50)
(next mAP calculation at 27048 iterations)
class_id = 0, name = person, ap = 80.03%   	 (TP = 155, FP = 46)
class_id = 1, name = dog, ap = 68.31%   	 (TP = 166, FP = 84)
class_id = 2, name = cat, ap = 74.09%   	 (TP = 188, FP = 39)
(next mAP calculation at 30912 iterations)
class_id = 0, name = person, ap = 77.71%   	 (TP = 150, FP = 14)
class_id = 1, name = dog, ap = 79.81%   	 (TP = 172, FP = 84)
class_id = 2, name = cat, ap = 68.01%   	 (TP = 179, FP = 40)
(next mAP calculation at 34776 iterations)
class_id = 0, name = person, ap = 77.74%   	 (TP = 146, FP = 21)
class_id = 1, name = dog, ap = 69.37%   	 (TP = 115, FP = 26)
class_id = 2, name = cat, ap = 64.88%   	 (TP = 182, FP = 77)
(next mAP calculation at 38640 iterations)
class_id = 0, name = person, ap = 77.27%   	 (TP = 149, FP = 29)
class_id = 1, name = dog, ap = 77.58%   	 (TP = 168, FP = 113)
class_id = 2, name = cat, ap = 75.75%   	 (TP = 214, FP = 73)
(next mAP calculation at 42504 iterations)
class_id = 0, name = person, ap = 79.03%   	 (TP = 153, FP = 32)
class_id = 1, name = dog, ap = 82.66%   	 (TP = 178, FP = 48)
class_id = 2, name = cat, ap = 78.67%   	 (TP = 223, FP = 62)
(next mAP calculation at 46368 iterations)
class_id = 0, name = person, ap = 79.86%   	 (TP = 155, FP = 25)
class_id = 1, name = dog, ap = 83.27%   	 (TP = 188, FP = 54)
class_id = 2, name = cat, ap = 79.92%   	 (TP = 226, FP = 54)
(next mAP calculation at 50232 iterations)
class_id = 0, name = person, ap = 79.68%   	 (TP = 155, FP = 25)
class_id = 1, name = dog, ap = 83.36%   	 (TP = 186, FP = 56)
class_id = 2, name = cat, ap = 79.67%   	 (TP = 220, FP = 59)