(next mAP calculation at 1757 iterations) ]2;1/220000: loss=232.8 hours left=-1.0
class_id = 0, name = person, ap = 59.96%   	 (TP = 79, FP = 13)
class_id = 1, name = dog, ap = 27.32%   	 (TP = 6, FP = 7)
class_id = 2, name = cat, ap = 30.01%   	 (TP = 2, FP = 7)
(next mAP calculation at 3514 iterations)
class_id = 0, name = person, ap = 67.50%   	 (TP = 119, FP = 37)
class_id = 1, name = dog, ap = 41.23%   	 (TP = 60, FP = 43)
class_id = 2, name = cat, ap = 45.90%   	 (TP = 29, FP = 9)
(next mAP calculation at 5271 iterations)
class_id = 0, name = person, ap = 68.25%   	 (TP = 124, FP = 48)
class_id = 1, name = dog, ap = 49.73%   	 (TP = 109, FP = 73)
class_id = 2, name = cat, ap = 47.28%   	 (TP = 85, FP = 37)
(next mAP calculation at 7028 iterations)
class_id = 0, name = person, ap = 72.14%   	 (TP = 133, FP = 91)
class_id = 1, name = dog, ap = 53.23%   	 (TP = 110, FP = 80)
class_id = 2, name = cat, ap = 56.98%   	 (TP = 137, FP = 53)
(next mAP calculation at 8785 iterations)
class_id = 0, name = person, ap = 70.41%   	 (TP = 124, FP = 27)
class_id = 1, name = dog, ap = 55.87%   	 (TP = 98, FP = 49)
class_id = 2, name = cat, ap = 43.28%   	 (TP = 55, FP = 38)
(next mAP calculation at 10542 iterations)
class_id = 0, name = person, ap = 74.80%   	 (TP = 141, FP = 83)
class_id = 1, name = dog, ap = 53.17%   	 (TP = 117, FP = 91)
class_id = 2, name = cat, ap = 58.39%   	 (TP = 159, FP = 67)
(next mAP calculation at 12299 iterations)
class_id = 0, name = person, ap = 73.67%   	 (TP = 134, FP = 33)
class_id = 1, name = dog, ap = 61.48%   	 (TP = 102, FP = 18)
class_id = 2, name = cat, ap = 61.41%   	 (TP = 176, FP = 74)
(next mAP calculation at 14056 iterations)
class_id = 0, name = person, ap = 73.33%   	 (TP = 129, FP = 15)
class_id = 1, name = dog, ap = 63.03%   	 (TP = 171, FP = 179)
class_id = 2, name = cat, ap = 63.95%   	 (TP = 165, FP = 54)
(next mAP calculation at 15813 iterations)
class_id = 0, name = person, ap = 76.20%   	 (TP = 137, FP = 22)
class_id = 1, name = dog, ap = 61.58%   	 (TP = 142, FP = 82)
class_id = 2, name = cat, ap = 65.79%   	 (TP = 181, FP = 61)
(next mAP calculation at 17570 iterations)
class_id = 0, name = person, ap = 74.70%   	 (TP = 131, FP = 22)
class_id = 1, name = dog, ap = 61.98%   	 (TP = 151, FP = 118)
class_id = 2, name = cat, ap = 56.39%   	 (TP = 171, FP = 106)
(next mAP calculation at 19327 iterations)
class_id = 0, name = person, ap = 78.57%   	 (TP = 150, FP = 29)
class_id = 1, name = dog, ap = 65.36%   	 (TP = 143, FP = 56)
class_id = 2, name = cat, ap = 68.88%   	 (TP = 180, FP = 54)
(next mAP calculation at 21084 iterations)
class_id = 0, name = person, ap = 75.37%   	 (TP = 131, FP = 31)
class_id = 1, name = dog, ap = 61.63%   	 (TP = 124, FP = 63)
class_id = 2, name = cat, ap = 66.98%   	 (TP = 159, FP = 39)
(next mAP calculation at 22841 iterations)
class_id = 0, name = person, ap = 76.22%   	 (TP = 147, FP = 51)
class_id = 1, name = dog, ap = 63.54%   	 (TP = 142, FP = 86)
class_id = 2, name = cat, ap = 65.39%   	 (TP = 173, FP = 48)
(next mAP calculation at 24598 iterations)
class_id = 0, name = person, ap = 72.50%   	 (TP = 135, FP = 43)
class_id = 1, name = dog, ap = 67.75%   	 (TP = 136, FP = 42)
class_id = 2, name = cat, ap = 68.92%   	 (TP = 191, FP = 67)
(next mAP calculation at 26355 iterations)
class_id = 0, name = person, ap = 79.08%   	 (TP = 140, FP = 27)
class_id = 1, name = dog, ap = 66.47%   	 (TP = 147, FP = 84)
class_id = 2, name = cat, ap = 69.33%   	 (TP = 193, FP = 60)
(next mAP calculation at 28112 iterations)
class_id = 0, name = person, ap = 75.03%   	 (TP = 141, FP = 33)
class_id = 1, name = dog, ap = 67.15%   	 (TP = 110, FP = 33)
class_id = 2, name = cat, ap = 64.14%   	 (TP = 195, FP = 119)
(next mAP calculation at 29869 iterations)
class_id = 0, name = person, ap = 76.86%   	 (TP = 143, FP = 41)
class_id = 1, name = dog, ap = 62.96%   	 (TP = 151, FP = 109)
class_id = 2, name = cat, ap = 72.33%   	 (TP = 185, FP = 54)
(next mAP calculation at 31626 iterations)
class_id = 0, name = person, ap = 71.92%   	 (TP = 140, FP = 69)
class_id = 1, name = dog, ap = 66.48%   	 (TP = 118, FP = 27)
class_id = 2, name = cat, ap = 65.25%   	 (TP = 179, FP = 67)
(next mAP calculation at 33383 iterations)
class_id = 0, name = person, ap = 74.94%   	 (TP = 144, FP = 64)
class_id = 1, name = dog, ap = 65.56%   	 (TP = 154, FP = 70)
class_id = 2, name = cat, ap = 68.34%   	 (TP = 169, FP = 31)
(next mAP calculation at 35140 iterations)
class_id = 0, name = person, ap = 73.93%   	 (TP = 140, FP = 31)
class_id = 1, name = dog, ap = 71.37%   	 (TP = 162, FP = 74)
class_id = 2, name = cat, ap = 66.70%   	 (TP = 180, FP = 69)
(next mAP calculation at 36897 iterations)
class_id = 0, name = person, ap = 76.56%   	 (TP = 142, FP = 45)
class_id = 1, name = dog, ap = 68.77%   	 (TP = 159, FP = 99)
class_id = 2, name = cat, ap = 64.42%   	 (TP = 191, FP = 91)
(next mAP calculation at 38654 iterations)
class_id = 0, name = person, ap = 76.18%   	 (TP = 147, FP = 60)
class_id = 1, name = dog, ap = 73.14%   	 (TP = 162, FP = 49)
class_id = 2, name = cat, ap = 66.90%   	 (TP = 155, FP = 39)
(next mAP calculation at 40411 iterations)
class_id = 0, name = person, ap = 74.36%   	 (TP = 141, FP = 30)
class_id = 1, name = dog, ap = 67.09%   	 (TP = 150, FP = 58)
class_id = 2, name = cat, ap = 71.93%   	 (TP = 188, FP = 54)
(next mAP calculation at 42168 iterations)
class_id = 0, name = person, ap = 73.85%   	 (TP = 144, FP = 28)
class_id = 1, name = dog, ap = 71.62%   	 (TP = 151, FP = 42)
class_id = 2, name = cat, ap = 70.37%   	 (TP = 214, FP = 81)
(next mAP calculation at 43925 iterations)
class_id = 0, name = person, ap = 73.85%   	 (TP = 141, FP = 69)
class_id = 1, name = dog, ap = 63.22%   	 (TP = 161, FP = 128)
class_id = 2, name = cat, ap = 70.99%   	 (TP = 151, FP = 24)
(next mAP calculation at 45682 iterations)
class_id = 0, name = person, ap = 77.16%   	 (TP = 146, FP = 32)
class_id = 1, name = dog, ap = 74.10%   	 (TP = 161, FP = 30)
class_id = 2, name = cat, ap = 69.51%   	 (TP = 202, FP = 64)
(next mAP calculation at 47439 iterations)
class_id = 0, name = person, ap = 75.93%   	 (TP = 138, FP = 28)
class_id = 1, name = dog, ap = 67.85%   	 (TP = 152, FP = 72)
class_id = 2, name = cat, ap = 71.99%   	 (TP = 199, FP = 61)
(next mAP calculation at 49196 iterations)
class_id = 0, name = person, ap = 75.72%   	 (TP = 140, FP = 24)
class_id = 1, name = dog, ap = 65.60%   	 (TP = 164, FP = 148)
class_id = 2, name = cat, ap = 66.26%   	 (TP = 175, FP = 54)
(next mAP calculation at 50953 iterations)
class_id = 0, name = person, ap = 76.69%   	 (TP = 141, FP = 21)
class_id = 1, name = dog, ap = 67.68%   	 (TP = 154, FP = 75)
class_id = 2, name = cat, ap = 71.14%   	 (TP = 175, FP = 37)
(next mAP calculation at 52710 iterations)
class_id = 0, name = person, ap = 74.18%   	 (TP = 140, FP = 63)
class_id = 1, name = dog, ap = 64.08%   	 (TP = 156, FP = 94)
class_id = 2, name = cat, ap = 70.40%   	 (TP = 160, FP = 28)
(next mAP calculation at 54467 iterations)
class_id = 0, name = person, ap = 73.05%   	 (TP = 136, FP = 23)
class_id = 1, name = dog, ap = 73.75%   	 (TP = 168, FP = 92)
class_id = 2, name = cat, ap = 74.31%   	 (TP = 200, FP = 45)
(next mAP calculation at 56224 iterations)
class_id = 0, name = person, ap = 75.46%   	 (TP = 142, FP = 48)
class_id = 1, name = dog, ap = 70.75%   	 (TP = 160, FP = 63)
class_id = 2, name = cat, ap = 71.11%   	 (TP = 187, FP = 54)
(next mAP calculation at 57981 iterations)
class_id = 0, name = person, ap = 77.94%   	 (TP = 155, FP = 73)
class_id = 1, name = dog, ap = 70.20%   	 (TP = 171, FP = 65)
class_id = 2, name = cat, ap = 71.78%   	 (TP = 179, FP = 37)
(next mAP calculation at 59738 iterations)
class_id = 0, name = person, ap = 78.16%   	 (TP = 148, FP = 18)
class_id = 1, name = dog, ap = 69.54%   	 (TP = 176, FP = 119)
class_id = 2, name = cat, ap = 70.25%   	 (TP = 171, FP = 36)
(next mAP calculation at 61495 iterations)
class_id = 0, name = person, ap = 75.42%   	 (TP = 143, FP = 21)
class_id = 1, name = dog, ap = 70.57%   	 (TP = 167, FP = 102)
class_id = 2, name = cat, ap = 74.39%   	 (TP = 182, FP = 35)
(next mAP calculation at 63252 iterations)
class_id = 0, name = person, ap = 73.76%   	 (TP = 143, FP = 46)
class_id = 1, name = dog, ap = 74.35%   	 (TP = 167, FP = 69)
class_id = 2, name = cat, ap = 71.18%   	 (TP = 158, FP = 31)
(next mAP calculation at 65009 iterations)
class_id = 0, name = person, ap = 75.52%   	 (TP = 147, FP = 51)
class_id = 1, name = dog, ap = 67.70%   	 (TP = 157, FP = 98)
class_id = 2, name = cat, ap = 71.00%   	 (TP = 147, FP = 22)
(next mAP calculation at 66766 iterations)
class_id = 0, name = person, ap = 76.66%   	 (TP = 145, FP = 38)
class_id = 1, name = dog, ap = 69.88%   	 (TP = 154, FP = 61)
class_id = 2, name = cat, ap = 69.31%   	 (TP = 186, FP = 54)
(next mAP calculation at 68523 iterations)
class_id = 0, name = person, ap = 76.83%   	 (TP = 154, FP = 56)
class_id = 1, name = dog, ap = 70.92%   	 (TP = 158, FP = 29)
class_id = 2, name = cat, ap = 69.03%   	 (TP = 169, FP = 36)
(next mAP calculation at 70280 iterations)
class_id = 0, name = person, ap = 75.93%   	 (TP = 143, FP = 52)
class_id = 1, name = dog, ap = 72.49%   	 (TP = 158, FP = 55)
class_id = 2, name = cat, ap = 72.94%   	 (TP = 199, FP = 50)
(next mAP calculation at 72037 iterations)
class_id = 0, name = person, ap = 76.48%   	 (TP = 144, FP = 16)
class_id = 1, name = dog, ap = 76.19%   	 (TP = 179, FP = 56)
class_id = 2, name = cat, ap = 60.72%   	 (TP = 183, FP = 116)
(next mAP calculation at 73794 iterations)
class_id = 0, name = person, ap = 74.91%   	 (TP = 141, FP = 28)
class_id = 1, name = dog, ap = 66.94%   	 (TP = 146, FP = 56)
class_id = 2, name = cat, ap = 68.60%   	 (TP = 190, FP = 63)
(next mAP calculation at 75551 iterations)
class_id = 0, name = person, ap = 75.87%   	 (TP = 138, FP = 24)
class_id = 1, name = dog, ap = 70.95%   	 (TP = 154, FP = 52)
class_id = 2, name = cat, ap = 75.05%   	 (TP = 198, FP = 61)
(next mAP calculation at 77308 iterations)
class_id = 0, name = person, ap = 76.15%   	 (TP = 141, FP = 23)
class_id = 1, name = dog, ap = 70.53%   	 (TP = 173, FP = 77)
class_id = 2, name = cat, ap = 73.34%   	 (TP = 202, FP = 40)
(next mAP calculation at 79065 iterations)
class_id = 0, name = person, ap = 79.00%   	 (TP = 149, FP = 57)
class_id = 1, name = dog, ap = 62.02%   	 (TP = 121, FP = 48)
class_id = 2, name = cat, ap = 68.07%   	 (TP = 195, FP = 94)
(next mAP calculation at 80822 iterations)
class_id = 0, name = person, ap = 78.21%   	 (TP = 145, FP = 28)
class_id = 1, name = dog, ap = 66.34%   	 (TP = 165, FP = 114)
class_id = 2, name = cat, ap = 73.76%   	 (TP = 198, FP = 55)
(next mAP calculation at 82579 iterations)
class_id = 0, name = person, ap = 75.57%   	 (TP = 141, FP = 18)
class_id = 1, name = dog, ap = 64.65%   	 (TP = 163, FP = 133)
class_id = 2, name = cat, ap = 72.34%   	 (TP = 182, FP = 49)
(next mAP calculation at 84336 iterations)
class_id = 0, name = person, ap = 77.09%   	 (TP = 138, FP = 20)
class_id = 1, name = dog, ap = 67.39%   	 (TP = 161, FP = 108)
class_id = 2, name = cat, ap = 67.23%   	 (TP = 204, FP = 94)
(next mAP calculation at 86093 iterations)
class_id = 0, name = person, ap = 77.45%   	 (TP = 149, FP = 68)
class_id = 1, name = dog, ap = 73.48%   	 (TP = 159, FP = 33)
class_id = 2, name = cat, ap = 75.28%   	 (TP = 204, FP = 33)
(next mAP calculation at 87850 iterations)
class_id = 0, name = person, ap = 75.78%   	 (TP = 144, FP = 27)
class_id = 1, name = dog, ap = 68.89%   	 (TP = 158, FP = 68)
class_id = 2, name = cat, ap = 70.60%   	 (TP = 183, FP = 61)
(next mAP calculation at 89607 iterations)
class_id = 0, name = person, ap = 75.99%   	 (TP = 143, FP = 33)
class_id = 1, name = dog, ap = 70.78%   	 (TP = 169, FP = 70)
class_id = 2, name = cat, ap = 75.00%   	 (TP = 210, FP = 80)
(next mAP calculation at 91364 iterations)
class_id = 0, name = person, ap = 73.69%   	 (TP = 145, FP = 54)
class_id = 1, name = dog, ap = 68.70%   	 (TP = 137, FP = 25)
class_id = 2, name = cat, ap = 68.16%   	 (TP = 204, FP = 105)
(next mAP calculation at 93121 iterations)
class_id = 0, name = person, ap = 79.53%   	 (TP = 147, FP = 15)
class_id = 1, name = dog, ap = 72.18%   	 (TP = 169, FP = 91)
class_id = 2, name = cat, ap = 73.97%   	 (TP = 197, FP = 46)
(next mAP calculation at 94878 iterations)
class_id = 0, name = person, ap = 77.06%   	 (TP = 139, FP = 22)
class_id = 1, name = dog, ap = 72.26%   	 (TP = 169, FP = 101)
class_id = 2, name = cat, ap = 72.21%   	 (TP = 192, FP = 42)
(next mAP calculation at 96635 iterations)
class_id = 0, name = person, ap = 76.88%   	 (TP = 147, FP = 53)
class_id = 1, name = dog, ap = 69.23%   	 (TP = 148, FP = 29)
class_id = 2, name = cat, ap = 73.68%   	 (TP = 200, FP = 71)
(next mAP calculation at 98392 iterations)
class_id = 0, name = person, ap = 75.08%   	 (TP = 144, FP = 51)
class_id = 1, name = dog, ap = 65.93%   	 (TP = 164, FP = 93)
class_id = 2, name = cat, ap = 72.02%   	 (TP = 168, FP = 22)
(next mAP calculation at 100149 iterations)
class_id = 0, name = person, ap = 76.17%   	 (TP = 145, FP = 54)
class_id = 1, name = dog, ap = 71.96%   	 (TP = 156, FP = 42)
class_id = 2, name = cat, ap = 72.46%   	 (TP = 203, FP = 51)
(next mAP calculation at 101906 iterations)
class_id = 0, name = person, ap = 77.88%   	 (TP = 143, FP = 30)
class_id = 1, name = dog, ap = 69.16%   	 (TP = 173, FP = 132)
class_id = 2, name = cat, ap = 73.23%   	 (TP = 186, FP = 43)
(next mAP calculation at 103663 iterations)
class_id = 0, name = person, ap = 77.16%   	 (TP = 147, FP = 32)
class_id = 1, name = dog, ap = 73.36%   	 (TP = 157, FP = 63)
class_id = 2, name = cat, ap = 68.73%   	 (TP = 188, FP = 81)
(next mAP calculation at 105420 iterations)
class_id = 0, name = person, ap = 79.00%   	 (TP = 155, FP = 89)
class_id = 1, name = dog, ap = 63.59%   	 (TP = 157, FP = 109)
class_id = 2, name = cat, ap = 71.44%   	 (TP = 176, FP = 32)
(next mAP calculation at 107177 iterations)
class_id = 0, name = person, ap = 77.54%   	 (TP = 154, FP = 62)
class_id = 1, name = dog, ap = 72.00%   	 (TP = 163, FP = 56)
class_id = 2, name = cat, ap = 76.85%   	 (TP = 194, FP = 27)
(next mAP calculation at 108934 iterations)
class_id = 0, name = person, ap = 74.67%   	 (TP = 138, FP = 24)
class_id = 1, name = dog, ap = 69.43%   	 (TP = 153, FP = 69)
class_id = 2, name = cat, ap = 72.24%   	 (TP = 191, FP = 57)
(next mAP calculation at 110691 iterations)
class_id = 0, name = person, ap = 78.75%   	 (TP = 152, FP = 41)
class_id = 1, name = dog, ap = 70.54%   	 (TP = 161, FP = 74)
class_id = 2, name = cat, ap = 74.28%   	 (TP = 201, FP = 53)
(next mAP calculation at 112448 iterations)
class_id = 0, name = person, ap = 76.61%   	 (TP = 147, FP = 49)
class_id = 1, name = dog, ap = 73.75%   	 (TP = 146, FP = 33)
class_id = 2, name = cat, ap = 69.41%   	 (TP = 179, FP = 51)
(next mAP calculation at 114205 iterations)
class_id = 0, name = person, ap = 74.38%   	 (TP = 143, FP = 41)
class_id = 1, name = dog, ap = 72.14%   	 (TP = 157, FP = 55)
class_id = 2, name = cat, ap = 72.84%   	 (TP = 194, FP = 53)
(next mAP calculation at 115962 iterations)
class_id = 0, name = person, ap = 75.03%   	 (TP = 148, FP = 29)
class_id = 1, name = dog, ap = 68.70%   	 (TP = 161, FP = 71)
class_id = 2, name = cat, ap = 72.08%   	 (TP = 192, FP = 54)
(next mAP calculation at 117719 iterations)
class_id = 0, name = person, ap = 77.94%   	 (TP = 148, FP = 35)
class_id = 1, name = dog, ap = 68.04%   	 (TP = 155, FP = 73)
class_id = 2, name = cat, ap = 76.52%   	 (TP = 196, FP = 32)
(next mAP calculation at 119476 iterations)
class_id = 0, name = person, ap = 76.43%   	 (TP = 143, FP = 25)
class_id = 1, name = dog, ap = 74.28%   	 (TP = 178, FP = 87)
class_id = 2, name = cat, ap = 71.63%   	 (TP = 193, FP = 66)
(next mAP calculation at 121233 iterations)
class_id = 0, name = person, ap = 77.52%   	 (TP = 155, FP = 51)
class_id = 1, name = dog, ap = 66.53%   	 (TP = 167, FP = 94)
class_id = 2, name = cat, ap = 71.59%   	 (TP = 185, FP = 44)
(next mAP calculation at 122990 iterations)
class_id = 0, name = person, ap = 77.98%   	 (TP = 151, FP = 60)
class_id = 1, name = dog, ap = 75.14%   	 (TP = 163, FP = 36)
class_id = 2, name = cat, ap = 76.06%   	 (TP = 209, FP = 60)
(next mAP calculation at 124747 iterations)
class_id = 0, name = person, ap = 73.93%   	 (TP = 153, FP = 74)
class_id = 1, name = dog, ap = 68.96%   	 (TP = 165, FP = 61)
class_id = 2, name = cat, ap = 71.49%   	 (TP = 168, FP = 29)
(next mAP calculation at 126504 iterations)
class_id = 0, name = person, ap = 76.62%   	 (TP = 149, FP = 40)
class_id = 1, name = dog, ap = 70.64%   	 (TP = 162, FP = 56)
class_id = 2, name = cat, ap = 74.82%   	 (TP = 214, FP = 56)
(next mAP calculation at 128261 iterations)
class_id = 0, name = person, ap = 76.09%   	 (TP = 145, FP = 35)
class_id = 1, name = dog, ap = 68.88%   	 (TP = 142, FP = 27)
class_id = 2, name = cat, ap = 71.55%   	 (TP = 200, FP = 48)
(next mAP calculation at 130018 iterations)
class_id = 0, name = person, ap = 76.67%   	 (TP = 142, FP = 18)
class_id = 1, name = dog, ap = 70.05%   	 (TP = 147, FP = 44)
class_id = 2, name = cat, ap = 71.80%   	 (TP = 210, FP = 73)
(next mAP calculation at 131775 iterations)
class_id = 0, name = person, ap = 74.59%   	 (TP = 154, FP = 94)
class_id = 1, name = dog, ap = 68.29%   	 (TP = 156, FP = 41)
class_id = 2, name = cat, ap = 70.05%   	 (TP = 181, FP = 38)
(next mAP calculation at 133532 iterations)
class_id = 0, name = person, ap = 74.23%   	 (TP = 145, FP = 65)
class_id = 1, name = dog, ap = 70.31%   	 (TP = 163, FP = 90)
class_id = 2, name = cat, ap = 74.92%   	 (TP = 191, FP = 38)
(next mAP calculation at 135289 iterations)
class_id = 0, name = person, ap = 77.83%   	 (TP = 147, FP = 26)
class_id = 1, name = dog, ap = 72.05%   	 (TP = 171, FP = 72)
class_id = 2, name = cat, ap = 74.50%   	 (TP = 200, FP = 43)
(next mAP calculation at 137046 iterations)
class_id = 0, name = person, ap = 78.12%   	 (TP = 150, FP = 49)
class_id = 1, name = dog, ap = 67.38%   	 (TP = 160, FP = 72)
class_id = 2, name = cat, ap = 73.93%   	 (TP = 169, FP = 24)
(next mAP calculation at 138803 iterations)
class_id = 0, name = person, ap = 75.61%   	 (TP = 149, FP = 72)
class_id = 1, name = dog, ap = 74.66%   	 (TP = 171, FP = 56)
class_id = 2, name = cat, ap = 76.24%   	 (TP = 204, FP = 65)
(next mAP calculation at 140560 iterations)
class_id = 0, name = person, ap = 76.02%   	 (TP = 148, FP = 31)
class_id = 1, name = dog, ap = 74.43%   	 (TP = 168, FP = 61)
class_id = 2, name = cat, ap = 74.31%   	 (TP = 196, FP = 74)
(next mAP calculation at 142317 iterations)
class_id = 0, name = person, ap = 75.53%   	 (TP = 133, FP = 29)
class_id = 1, name = dog, ap = 73.68%   	 (TP = 170, FP = 70)
class_id = 2, name = cat, ap = 73.27%   	 (TP = 207, FP = 93)
(next mAP calculation at 144074 iterations)
class_id = 0, name = person, ap = 77.02%   	 (TP = 150, FP = 65)
class_id = 1, name = dog, ap = 67.22%   	 (TP = 162, FP = 128)
class_id = 2, name = cat, ap = 73.95%   	 (TP = 169, FP = 31)
(next mAP calculation at 145831 iterations)
class_id = 0, name = person, ap = 76.25%   	 (TP = 147, FP = 40)
class_id = 1, name = dog, ap = 70.56%   	 (TP = 172, FP = 81)
class_id = 2, name = cat, ap = 74.74%   	 (TP = 184, FP = 29)
(next mAP calculation at 147588 iterations)
class_id = 0, name = person, ap = 76.44%   	 (TP = 156, FP = 89)
class_id = 1, name = dog, ap = 64.32%   	 (TP = 139, FP = 42)
class_id = 2, name = cat, ap = 71.32%   	 (TP = 192, FP = 50)
(next mAP calculation at 149345 iterations)
class_id = 0, name = person, ap = 76.16%   	 (TP = 142, FP = 28)
class_id = 1, name = dog, ap = 71.10%   	 (TP = 154, FP = 44)
class_id = 2, name = cat, ap = 76.09%   	 (TP = 215, FP = 51)
(next mAP calculation at 151102 iterations)
class_id = 0, name = person, ap = 77.76%   	 (TP = 144, FP = 39)
class_id = 1, name = dog, ap = 71.15%   	 (TP = 165, FP = 68)
class_id = 2, name = cat, ap = 75.24%   	 (TP = 214, FP = 58)
(next mAP calculation at 152859 iterations)
class_id = 0, name = person, ap = 76.08%   	 (TP = 143, FP = 67)
class_id = 1, name = dog, ap = 69.56%   	 (TP = 165, FP = 88)
class_id = 2, name = cat, ap = 71.85%   	 (TP = 174, FP = 24)
(next mAP calculation at 154616 iterations)
class_id = 0, name = person, ap = 76.19%   	 (TP = 145, FP = 39)
class_id = 1, name = dog, ap = 73.18%   	 (TP = 155, FP = 30)
class_id = 2, name = cat, ap = 73.81%   	 (TP = 199, FP = 56)
(next mAP calculation at 156373 iterations)
class_id = 0, name = person, ap = 77.38%   	 (TP = 142, FP = 28)
class_id = 1, name = dog, ap = 65.89%   	 (TP = 169, FP = 121)
class_id = 2, name = cat, ap = 76.20%   	 (TP = 144, FP = 11)
(next mAP calculation at 158130 iterations)
class_id = 0, name = person, ap = 74.12%   	 (TP = 146, FP = 42)
class_id = 1, name = dog, ap = 69.18%   	 (TP = 160, FP = 69)
class_id = 2, name = cat, ap = 75.23%   	 (TP = 202, FP = 36)
(next mAP calculation at 159887 iterations)
class_id = 0, name = person, ap = 75.98%   	 (TP = 144, FP = 12)
class_id = 1, name = dog, ap = 76.78%   	 (TP = 169, FP = 43)
class_id = 2, name = cat, ap = 73.77%   	 (TP = 213, FP = 80)
(next mAP calculation at 161644 iterations)
class_id = 0, name = person, ap = 77.59%   	 (TP = 149, FP = 32)
class_id = 1, name = dog, ap = 78.30%   	 (TP = 179, FP = 54)
class_id = 2, name = cat, ap = 78.99%   	 (TP = 219, FP = 44)
(next mAP calculation at 163401 iterations)
class_id = 0, name = person, ap = 77.95%   	 (TP = 149, FP = 40)
class_id = 1, name = dog, ap = 76.28%   	 (TP = 176, FP = 75)
class_id = 2, name = cat, ap = 78.53%   	 (TP = 206, FP = 34)
(next mAP calculation at 165158 iterations)
class_id = 0, name = person, ap = 78.44%   	 (TP = 149, FP = 36)
class_id = 1, name = dog, ap = 78.10%   	 (TP = 171, FP = 49)
class_id = 2, name = cat, ap = 78.98%   	 (TP = 216, FP = 39)
(next mAP calculation at 166915 iterations)
class_id = 0, name = person, ap = 79.03%   	 (TP = 151, FP = 32)
class_id = 1, name = dog, ap = 77.05%   	 (TP = 178, FP = 53)
class_id = 2, name = cat, ap = 79.39%   	 (TP = 216, FP = 43)
(next mAP calculation at 168672 iterations)
class_id = 0, name = person, ap = 78.16%   	 (TP = 150, FP = 42)
class_id = 1, name = dog, ap = 76.85%   	 (TP = 169, FP = 63)
class_id = 2, name = cat, ap = 80.01%   	 (TP = 211, FP = 30)
(next mAP calculation at 170429 iterations)
class_id = 0, name = person, ap = 78.27%   	 (TP = 151, FP = 38)
class_id = 1, name = dog, ap = 76.86%   	 (TP = 157, FP = 51)
class_id = 2, name = cat, ap = 80.13%   	 (TP = 220, FP = 33)
(next mAP calculation at 172186 iterations)
class_id = 0, name = person, ap = 78.23%   	 (TP = 152, FP = 38)
class_id = 1, name = dog, ap = 75.89%   	 (TP = 166, FP = 53)
class_id = 2, name = cat, ap = 79.62%   	 (TP = 218, FP = 39)
(next mAP calculation at 173943 iterations)
class_id = 0, name = person, ap = 78.07%   	 (TP = 149, FP = 32)
class_id = 1, name = dog, ap = 76.29%   	 (TP = 167, FP = 54)
class_id = 2, name = cat, ap = 79.96%   	 (TP = 216, FP = 33)
(next mAP calculation at 175700 iterations)
class_id = 0, name = person, ap = 78.84%   	 (TP = 151, FP = 32)
class_id = 1, name = dog, ap = 75.73%   	 (TP = 167, FP = 65)
class_id = 2, name = cat, ap = 80.09%   	 (TP = 214, FP = 40)
(next mAP calculation at 177457 iterations)
class_id = 0, name = person, ap = 78.66%   	 (TP = 149, FP = 29)
class_id = 1, name = dog, ap = 76.40%   	 (TP = 165, FP = 58)
class_id = 2, name = cat, ap = 80.97%   	 (TP = 217, FP = 42)
(next mAP calculation at 179214 iterations)
class_id = 0, name = person, ap = 77.92%   	 (TP = 153, FP = 46)
class_id = 1, name = dog, ap = 77.30%   	 (TP = 167, FP = 43)
class_id = 2, name = cat, ap = 80.53%   	 (TP = 214, FP = 27)
(next mAP calculation at 180971 iterations)
class_id = 0, name = person, ap = 78.15%   	 (TP = 149, FP = 40)
class_id = 1, name = dog, ap = 77.90%   	 (TP = 172, FP = 47)
class_id = 2, name = cat, ap = 81.16%   	 (TP = 218, FP = 43)
(next mAP calculation at 182728 iterations)
class_id = 0, name = person, ap = 78.26%   	 (TP = 149, FP = 39)
class_id = 1, name = dog, ap = 77.24%   	 (TP = 169, FP = 53)
class_id = 2, name = cat, ap = 81.23%   	 (TP = 218, FP = 42)
(next mAP calculation at 184485 iterations)
class_id = 0, name = person, ap = 78.35%   	 (TP = 150, FP = 39)
class_id = 1, name = dog, ap = 78.00%   	 (TP = 168, FP = 48)
class_id = 2, name = cat, ap = 81.62%   	 (TP = 220, FP = 40)
(next mAP calculation at 186242 iterations)
class_id = 0, name = person, ap = 78.25%   	 (TP = 149, FP = 38)
class_id = 1, name = dog, ap = 77.97%   	 (TP = 169, FP = 54)
class_id = 2, name = cat, ap = 81.66%   	 (TP = 219, FP = 39)
(next mAP calculation at 187999 iterations)
class_id = 0, name = person, ap = 78.16%   	 (TP = 148, FP = 33)
class_id = 1, name = dog, ap = 78.21%   	 (TP = 168, FP = 49)
class_id = 2, name = cat, ap = 81.50%   	 (TP = 220, FP = 40)
(next mAP calculation at 189756 iterations)
class_id = 0, name = person, ap = 78.22%   	 (TP = 148, FP = 39)
class_id = 1, name = dog, ap = 77.56%   	 (TP = 168, FP = 60)
class_id = 2, name = cat, ap = 81.99%   	 (TP = 219, FP = 36)
(next mAP calculation at 191513 iterations)
class_id = 0, name = person, ap = 78.18%   	 (TP = 149, FP = 40)
class_id = 1, name = dog, ap = 77.39%   	 (TP = 167, FP = 57)
class_id = 2, name = cat, ap = 81.73%   	 (TP = 219, FP = 35)
(next mAP calculation at 193270 iterations)
class_id = 0, name = person, ap = 78.23%   	 (TP = 148, FP = 44)
class_id = 1, name = dog, ap = 77.73%   	 (TP = 166, FP = 52)
class_id = 2, name = cat, ap = 81.66%   	 (TP = 222, FP = 42)
(next mAP calculation at 195027 iterations)
class_id = 0, name = person, ap = 78.11%   	 (TP = 149, FP = 43)
class_id = 1, name = dog, ap = 77.54%   	 (TP = 167, FP = 54)
class_id = 2, name = cat, ap = 81.86%   	 (TP = 222, FP = 41)
(next mAP calculation at 196784 iterations)
class_id = 0, name = person, ap = 77.97%   	 (TP = 149, FP = 45)
class_id = 1, name = dog, ap = 78.05%   	 (TP = 169, FP = 52)
class_id = 2, name = cat, ap = 81.64%   	 (TP = 221, FP = 41)
(next mAP calculation at 198541 iterations)
class_id = 0, name = person, ap = 78.09%   	 (TP = 150, FP = 44)
class_id = 1, name = dog, ap = 77.58%   	 (TP = 167, FP = 52)
class_id = 2, name = cat, ap = 81.61%   	 (TP = 222, FP = 43)
(next mAP calculation at 200298 iterations)
class_id = 0, name = person, ap = 78.01%   	 (TP = 149, FP = 45)
class_id = 1, name = dog, ap = 77.86%   	 (TP = 168, FP = 51)
class_id = 2, name = cat, ap = 81.51%   	 (TP = 221, FP = 43)
(next mAP calculation at 202055 iterations)
class_id = 0, name = person, ap = 78.16%   	 (TP = 149, FP = 42)
class_id = 1, name = dog, ap = 77.71%   	 (TP = 169, FP = 54)
class_id = 2, name = cat, ap = 81.93%   	 (TP = 222, FP = 35)
(next mAP calculation at 203812 iterations)
class_id = 0, name = person, ap = 78.02%   	 (TP = 150, FP = 47)
class_id = 1, name = dog, ap = 77.74%   	 (TP = 166, FP = 52)
class_id = 2, name = cat, ap = 81.94%   	 (TP = 222, FP = 38)
(next mAP calculation at 205569 iterations)
class_id = 0, name = person, ap = 78.02%   	 (TP = 150, FP = 41)
class_id = 1, name = dog, ap = 77.89%   	 (TP = 168, FP = 53)
class_id = 2, name = cat, ap = 81.44%   	 (TP = 222, FP = 41)
(next mAP calculation at 207326 iterations)
class_id = 0, name = person, ap = 78.09%   	 (TP = 150, FP = 42)
class_id = 1, name = dog, ap = 78.24%   	 (TP = 167, FP = 52)
class_id = 2, name = cat, ap = 81.66%   	 (TP = 221, FP = 38)
(next mAP calculation at 209083 iterations)
class_id = 0, name = person, ap = 78.27%   	 (TP = 151, FP = 42)
class_id = 1, name = dog, ap = 77.43%   	 (TP = 168, FP = 54)
class_id = 2, name = cat, ap = 81.54%   	 (TP = 219, FP = 39)
(next mAP calculation at 210840 iterations)
class_id = 0, name = person, ap = 78.10%   	 (TP = 149, FP = 35)
class_id = 1, name = dog, ap = 78.20%   	 (TP = 167, FP = 50)
class_id = 2, name = cat, ap = 81.85%   	 (TP = 222, FP = 40)
(next mAP calculation at 212597 iterations)
class_id = 0, name = person, ap = 78.03%   	 (TP = 149, FP = 41)
class_id = 1, name = dog, ap = 78.06%   	 (TP = 174, FP = 50)
class_id = 2, name = cat, ap = 81.67%   	 (TP = 222, FP = 37)
(next mAP calculation at 214354 iterations)
class_id = 0, name = person, ap = 78.35%   	 (TP = 151, FP = 44)
class_id = 1, name = dog, ap = 77.91%   	 (TP = 169, FP = 52)
class_id = 2, name = cat, ap = 81.55%   	 (TP = 222, FP = 41)
(next mAP calculation at 216111 iterations)
class_id = 0, name = person, ap = 78.05%   	 (TP = 149, FP = 43)
class_id = 1, name = dog, ap = 77.94%   	 (TP = 166, FP = 51)
class_id = 2, name = cat, ap = 81.43%   	 (TP = 222, FP = 37)
(next mAP calculation at 217868 iterations)
class_id = 0, name = person, ap = 78.45%   	 (TP = 150, FP = 44)
class_id = 1, name = dog, ap = 77.57%   	 (TP = 164, FP = 54)
class_id = 2, name = cat, ap = 81.64%   	 (TP = 221, FP = 39)
(next mAP calculation at 219625 iterations)
class_id = 0, name = person, ap = 77.94%   	 (TP = 150, FP = 45)
class_id = 1, name = dog, ap = 77.32%   	 (TP = 167, FP = 56)
class_id = 2, name = cat, ap = 81.86%   	 (TP = 222, FP = 36)
(next mAP calculation at 221382 iterations)
class_id = 0, name = person, ap = 78.03%   	 (TP = 149, FP = 42)
class_id = 1, name = dog, ap = 77.94%   	 (TP = 169, FP = 51)
class_id = 2, name = cat, ap = 81.70%   	 (TP = 222, FP = 33)